<?xml version="1.0" encoding="UTF-8"?>
<testsuite xmlns:xsi="http://www.w3.org/2001/XMLSchema-instance" xsi:noNamespaceSchemaLocation="https://maven.apache.org/surefire/maven-surefire-plugin/xsd/surefire-test-report.xsd" version="3.0.2" name="com.jaywant.demo.CertificateControllerTest" time="11.519" tests="1" errors="0" skipped="0" failures="0">
  <properties>
    <property name="java.specification.version" value="17"/>
    <property name="sun.jnu.encoding" value="UTF-8"/>
    <property name="java.class.path" value="/root/managifyhr.com/backend/HRM_Backend_Biometric/target/test-classes:/root/managifyhr.com/backend/HRM_Backend_Biometric/target/classes:/root/.m2/repository/org/springframework/boot/spring-boot-starter-data-jpa/3.4.4/spring-boot-starter-data-jpa-3.4.4.jar:/root/.m2/repository/org/springframework/boot/spring-boot-starter/3.4.4/spring-boot-starter-3.4.4.jar:/root/.m2/repository/org/springframework/boot/spring-boot-starter-logging/3.4.4/spring-boot-starter-logging-3.4.4.jar:/root/.m2/repository/ch/qos/logback/logback-classic/1.5.18/logback-classic-1.5.18.jar:/root/.m2/repository/ch/qos/logback/logback-core/1.5.18/logback-core-1.5.18.jar:/root/.m2/repository/org/apache/logging/log4j/log4j-to-slf4j/2.24.3/log4j-to-slf4j-2.24.3.jar:/root/.m2/repository/org/slf4j/jul-to-slf4j/2.0.17/jul-to-slf4j-2.0.17.jar:/root/.m2/repository/jakarta/annotation/jakarta.annotation-api/2.1.1/jakarta.annotation-api-2.1.1.jar:/root/.m2/repository/org/yaml/snakeyaml/2.3/snakeyaml-2.3.jar:/root/.m2/repository/org/springframework/boot/spring-boot-starter-jdbc/3.4.4/spring-boot-starter-jdbc-3.4.4.jar:/root/.m2/repository/com/zaxxer/HikariCP/5.1.0/HikariCP-5.1.0.jar:/root/.m2/repository/org/springframework/spring-jdbc/6.2.5/spring-jdbc-6.2.5.jar:/root/.m2/repository/org/hibernate/orm/hibernate-core/6.6.11.Final/hibernate-core-6.6.11.Final.jar:/root/.m2/repository/jakarta/persistence/jakarta.persistence-api/3.1.0/jakarta.persistence-api-3.1.0.jar:/root/.m2/repository/jakarta/transaction/jakarta.transaction-api/2.0.1/jakarta.transaction-api-2.0.1.jar:/root/.m2/repository/org/jboss/logging/jboss-logging/3.6.1.Final/jboss-logging-3.6.1.Final.jar:/root/.m2/repository/org/hibernate/common/hibernate-commons-annotations/7.0.3.Final/hibernate-commons-annotations-7.0.3.Final.jar:/root/.m2/repository/io/smallrye/jandex/3.2.0/jandex-3.2.0.jar:/root/.m2/repository/com/fasterxml/classmate/1.7.0/classmate-1.7.0.jar:/root/.m2/repository/net/bytebuddy/byte-buddy/1.15.11/byte-buddy-1.15.11.jar:/root/.m2/repository/org/glassfish/jaxb/jaxb-runtime/4.0.5/jaxb-runtime-4.0.5.jar:/root/.m2/repository/org/glassfish/jaxb/jaxb-core/4.0.5/jaxb-core-4.0.5.jar:/root/.m2/repository/org/glassfish/jaxb/txw2/4.0.5/txw2-4.0.5.jar:/root/.m2/repository/com/sun/istack/istack-commons-runtime/4.1.2/istack-commons-runtime-4.1.2.jar:/root/.m2/repository/jakarta/inject/jakarta.inject-api/2.0.1/jakarta.inject-api-2.0.1.jar:/root/.m2/repository/org/antlr/antlr4-runtime/4.13.0/antlr4-runtime-4.13.0.jar:/root/.m2/repository/org/springframework/data/spring-data-jpa/3.4.4/spring-data-jpa-3.4.4.jar:/root/.m2/repository/org/springframework/data/spring-data-commons/3.4.4/spring-data-commons-3.4.4.jar:/root/.m2/repository/org/springframework/spring-orm/6.2.5/spring-orm-6.2.5.jar:/root/.m2/repository/org/springframework/spring-context/6.2.5/spring-context-6.2.5.jar:/root/.m2/repository/org/springframework/spring-aop/6.2.5/spring-aop-6.2.5.jar:/root/.m2/repository/org/springframework/spring-tx/6.2.5/spring-tx-6.2.5.jar:/root/.m2/repository/org/springframework/spring-beans/6.2.5/spring-beans-6.2.5.jar:/root/.m2/repository/org/springframework/spring-aspects/6.2.5/spring-aspects-6.2.5.jar:/root/.m2/repository/org/aspectj/aspectjweaver/1.9.23/aspectjweaver-1.9.23.jar:/root/.m2/repository/org/springframework/boot/spring-boot-starter-mail/3.4.4/spring-boot-starter-mail-3.4.4.jar:/root/.m2/repository/org/springframework/spring-context-support/6.2.5/spring-context-support-6.2.5.jar:/root/.m2/repository/org/eclipse/angus/jakarta.mail/2.0.3/jakarta.mail-2.0.3.jar:/root/.m2/repository/jakarta/activation/jakarta.activation-api/2.1.3/jakarta.activation-api-2.1.3.jar:/root/.m2/repository/org/eclipse/angus/angus-activation/2.0.2/angus-activation-2.0.2.jar:/root/.m2/repository/org/springframework/boot/spring-boot-starter-web/3.4.4/spring-boot-starter-web-3.4.4.jar:/root/.m2/repository/org/springframework/boot/spring-boot-starter-json/3.4.4/spring-boot-starter-json-3.4.4.jar:/root/.m2/repository/com/fasterxml/jackson/core/jackson-databind/2.18.3/jackson-databind-2.18.3.jar:/root/.m2/repository/com/fasterxml/jackson/core/jackson-annotations/2.18.3/jackson-annotations-2.18.3.jar:/root/.m2/repository/com/fasterxml/jackson/datatype/jackson-datatype-jdk8/2.18.3/jackson-datatype-jdk8-2.18.3.jar:/root/.m2/repository/com/fasterxml/jackson/datatype/jackson-datatype-jsr310/2.18.3/jackson-datatype-jsr310-2.18.3.jar:/root/.m2/repository/com/fasterxml/jackson/module/jackson-module-parameter-names/2.18.3/jackson-module-parameter-names-2.18.3.jar:/root/.m2/repository/org/springframework/boot/spring-boot-starter-tomcat/3.4.4/spring-boot-starter-tomcat-3.4.4.jar:/root/.m2/repository/org/apache/tomcat/embed/tomcat-embed-core/10.1.39/tomcat-embed-core-10.1.39.jar:/root/.m2/repository/org/apache/tomcat/embed/tomcat-embed-el/10.1.39/tomcat-embed-el-10.1.39.jar:/root/.m2/repository/org/apache/tomcat/embed/tomcat-embed-websocket/10.1.39/tomcat-embed-websocket-10.1.39.jar:/root/.m2/repository/org/springframework/spring-web/6.2.5/spring-web-6.2.5.jar:/root/.m2/repository/io/micrometer/micrometer-observation/1.14.5/micrometer-observation-1.14.5.jar:/root/.m2/repository/io/micrometer/micrometer-commons/1.14.5/micrometer-commons-1.14.5.jar:/root/.m2/repository/org/springframework/spring-webmvc/6.2.5/spring-webmvc-6.2.5.jar:/root/.m2/repository/org/springframework/spring-expression/6.2.5/spring-expression-6.2.5.jar:/root/.m2/repository/org/springframework/boot/spring-boot-starter-websocket/3.4.4/spring-boot-starter-websocket-3.4.4.jar:/root/.m2/repository/org/springframework/spring-messaging/6.2.5/spring-messaging-6.2.5.jar:/root/.m2/repository/org/springframework/spring-websocket/6.2.5/spring-websocket-6.2.5.jar:/root/.m2/repository/org/webjars/sockjs-client/1.5.1/sockjs-client-1.5.1.jar:/root/.m2/repository/org/webjars/stomp-websocket/2.3.4/stomp-websocket-2.3.4.jar:/root/.m2/repository/org/springframework/boot/spring-boot-devtools/3.4.4/spring-boot-devtools-3.4.4.jar:/root/.m2/repository/org/springframework/boot/spring-boot/3.4.4/spring-boot-3.4.4.jar:/root/.m2/repository/org/springframework/boot/spring-boot-autoconfigure/3.4.4/spring-boot-autoconfigure-3.4.4.jar:/root/.m2/repository/com/google/firebase/firebase-admin/9.2.0/firebase-admin-9.2.0.jar:/root/.m2/repository/com/google/api-client/google-api-client/2.2.0/google-api-client-2.2.0.jar:/root/.m2/repository/commons-codec/commons-codec/1.17.2/commons-codec-1.17.2.jar:/root/.m2/repository/com/google/oauth-client/google-oauth-client/1.34.1/google-oauth-client-1.34.1.jar:/root/.m2/repository/com/google/http-client/google-http-client-gson/1.42.3/google-http-client-gson-1.42.3.jar:/root/.m2/repository/com/google/http-client/google-http-client-apache-v2/1.42.3/google-http-client-apache-v2-1.42.3.jar:/root/.m2/repository/org/apache/httpcomponents/httpcore/4.4.16/httpcore-4.4.16.jar:/root/.m2/repository/org/apache/httpcomponents/httpclient/4.5.14/httpclient-4.5.14.jar:/root/.m2/repository/com/google/api-client/google-api-client-gson/2.2.0/google-api-client-gson-2.2.0.jar:/root/.m2/repository/com/google/http-client/google-http-client/1.43.1/google-http-client-1.43.1.jar:/root/.m2/repository/com/google/code/findbugs/jsr305/3.0.2/jsr305-3.0.2.jar:/root/.m2/repository/com/google/errorprone/error_prone_annotations/2.18.0/error_prone_annotations-2.18.0.jar:/root/.m2/repository/com/google/j2objc/j2objc-annotations/1.3/j2objc-annotations-1.3.jar:/root/.m2/repository/io/opencensus/opencensus-api/0.31.1/opencensus-api-0.31.1.jar:/root/.m2/repository/io/opencensus/opencensus-contrib-http-util/0.31.1/opencensus-contrib-http-util-0.31.1.jar:/root/.m2/repository/com/google/api/api-common/2.12.0/api-common-2.12.0.jar:/root/.m2/repository/com/google/auto/value/auto-value-annotations/1.10.1/auto-value-annotations-1.10.1.jar:/root/.m2/repository/javax/annotation/javax.annotation-api/1.3.2/javax.annotation-api-1.3.2.jar:/root/.m2/repository/com/google/auth/google-auth-library-oauth2-http/1.17.0/google-auth-library-oauth2-http-1.17.0.jar:/root/.m2/repository/com/google/auth/google-auth-library-credentials/1.17.0/google-auth-library-credentials-1.17.0.jar:/root/.m2/repository/com/google/cloud/google-cloud-storage/2.22.4/google-cloud-storage-2.22.4.jar:/root/.m2/repository/com/google/guava/failureaccess/1.0.1/failureaccess-1.0.1.jar:/root/.m2/repository/com/google/guava/listenablefuture/9999.0-empty-to-avoid-conflict-with-guava/listenablefuture-9999.0-empty-to-avoid-conflict-with-guava.jar:/root/.m2/repository/com/google/http-client/google-http-client-jackson2/1.43.1/google-http-client-jackson2-1.43.1.jar:/root/.m2/repository/com/google/apis/google-api-services-storage/v1-rev20230301-2.0.0/google-api-services-storage-v1-rev20230301-2.0.0.jar:/root/.m2/repository/com/google/code/gson/gson/2.11.0/gson-2.11.0.jar:/root/.m2/repository/com/google/cloud/google-cloud-core/2.19.0/google-cloud-core-2.19.0.jar:/root/.m2/repository/com/google/cloud/google-cloud-core-http/2.19.0/google-cloud-core-http-2.19.0.jar:/root/.m2/repository/com/google/http-client/google-http-client-appengine/1.43.1/google-http-client-appengine-1.43.1.jar:/root/.m2/repository/com/google/api/gax-httpjson/0.114.0/gax-httpjson-0.114.0.jar:/root/.m2/repository/com/google/cloud/google-cloud-core-grpc/2.19.0/google-cloud-core-grpc-2.19.0.jar:/root/.m2/repository/com/google/api/gax/2.29.0/gax-2.29.0.jar:/root/.m2/repository/com/google/api/gax-grpc/2.29.0/gax-grpc-2.29.0.jar:/root/.m2/repository/io/grpc/grpc-alts/1.55.1/grpc-alts-1.55.1.jar:/root/.m2/repository/io/grpc/grpc-grpclb/1.55.1/grpc-grpclb-1.55.1.jar:/root/.m2/repository/org/conscrypt/conscrypt-openjdk-uber/2.5.2/conscrypt-openjdk-uber-2.5.2.jar:/root/.m2/repository/io/grpc/grpc-auth/1.55.1/grpc-auth-1.55.1.jar:/root/.m2/repository/io/grpc/grpc-protobuf/1.55.1/grpc-protobuf-1.55.1.jar:/root/.m2/repository/io/grpc/grpc-protobuf-lite/1.55.1/grpc-protobuf-lite-1.55.1.jar:/root/.m2/repository/io/grpc/grpc-context/1.55.1/grpc-context-1.55.1.jar:/root/.m2/repository/com/google/api/grpc/proto-google-iam-v1/1.15.0/proto-google-iam-v1-1.15.0.jar:/root/.m2/repository/com/google/protobuf/protobuf-java/3.23.2/protobuf-java-3.23.2.jar:/root/.m2/repository/com/google/protobuf/protobuf-java-util/3.23.2/protobuf-java-util-3.23.2.jar:/root/.m2/repository/com/google/api/grpc/proto-google-common-protos/2.20.0/proto-google-common-protos-2.20.0.jar:/root/.m2/repository/org/threeten/threetenbp/1.6.8/threetenbp-1.6.8.jar:/root/.m2/repository/com/google/api/grpc/proto-google-cloud-storage-v2/2.22.4-alpha/proto-google-cloud-storage-v2-2.22.4-alpha.jar:/root/.m2/repository/com/google/api/grpc/grpc-google-cloud-storage-v2/2.22.4-alpha/grpc-google-cloud-storage-v2-2.22.4-alpha.jar:/root/.m2/repository/com/google/api/grpc/gapic-google-cloud-storage-v2/2.22.4-alpha/gapic-google-cloud-storage-v2-2.22.4-alpha.jar:/root/.m2/repository/com/fasterxml/jackson/core/jackson-core/2.18.3/jackson-core-2.18.3.jar:/root/.m2/repository/io/grpc/grpc-api/1.55.1/grpc-api-1.55.1.jar:/root/.m2/repository/io/grpc/grpc-netty-shaded/1.55.1/grpc-netty-shaded-1.55.1.jar:/root/.m2/repository/io/perfmark/perfmark-api/0.26.0/perfmark-api-0.26.0.jar:/root/.m2/repository/io/grpc/grpc-core/1.55.1/grpc-core-1.55.1.jar:/root/.m2/repository/com/google/android/annotations/4.1.1.4/annotations-4.1.1.4.jar:/root/.m2/repository/org/codehaus/mojo/animal-sniffer-annotations/1.23/animal-sniffer-annotations-1.23.jar:/root/.m2/repository/io/grpc/grpc-stub/1.55.1/grpc-stub-1.55.1.jar:/root/.m2/repository/io/grpc/grpc-googleapis/1.55.1/grpc-googleapis-1.55.1.jar:/root/.m2/repository/org/checkerframework/checker-qual/3.32.0/checker-qual-3.32.0.jar:/root/.m2/repository/io/grpc/grpc-xds/1.55.1/grpc-xds-1.55.1.jar:/root/.m2/repository/io/opencensus/opencensus-proto/0.2.0/opencensus-proto-0.2.0.jar:/root/.m2/repository/io/grpc/grpc-services/1.55.1/grpc-services-1.55.1.jar:/root/.m2/repository/com/google/re2j/re2j/1.6/re2j-1.6.jar:/root/.m2/repository/io/grpc/grpc-rls/1.55.1/grpc-rls-1.55.1.jar:/root/.m2/repository/com/google/cloud/google-cloud-firestore/3.13.0/google-cloud-firestore-3.13.0.jar:/root/.m2/repository/commons-logging/commons-logging/1.2/commons-logging-1.2.jar:/root/.m2/repository/com/google/api/grpc/proto-google-cloud-firestore-v1/3.13.0/proto-google-cloud-firestore-v1-3.13.0.jar:/root/.m2/repository/com/google/cloud/proto-google-cloud-firestore-bundle-v1/3.13.0/proto-google-cloud-firestore-bundle-v1-3.13.0.jar:/root/.m2/repository/io/opencensus/opencensus-contrib-grpc-util/0.31.1/opencensus-contrib-grpc-util-0.31.1.jar:/root/.m2/repository/com/google/guava/guava/31.1-jre/guava-31.1-jre.jar:/root/.m2/repository/org/slf4j/slf4j-api/2.0.17/slf4j-api-2.0.17.jar:/root/.m2/repository/io/netty/netty-codec-http/4.1.119.Final/netty-codec-http-4.1.119.Final.jar:/root/.m2/repository/io/netty/netty-common/4.1.119.Final/netty-common-4.1.119.Final.jar:/root/.m2/repository/io/netty/netty-buffer/4.1.119.Final/netty-buffer-4.1.119.Final.jar:/root/.m2/repository/io/netty/netty-codec/4.1.119.Final/netty-codec-4.1.119.Final.jar:/root/.m2/repository/io/netty/netty-handler/4.1.119.Final/netty-handler-4.1.119.Final.jar:/root/.m2/repository/io/netty/netty-resolver/4.1.119.Final/netty-resolver-4.1.119.Final.jar:/root/.m2/repository/io/netty/netty-transport-native-unix-common/4.1.119.Final/netty-transport-native-unix-common-4.1.119.Final.jar:/root/.m2/repository/io/netty/netty-transport/4.1.119.Final/netty-transport-4.1.119.Final.jar:/root/.m2/repository/com/mysql/mysql-connector-j/9.1.0/mysql-connector-j-9.1.0.jar:/root/.m2/repository/org/springframework/boot/spring-boot-starter-test/3.4.4/spring-boot-starter-test-3.4.4.jar:/root/.m2/repository/org/springframework/boot/spring-boot-test/3.4.4/spring-boot-test-3.4.4.jar:/root/.m2/repository/org/springframework/boot/spring-boot-test-autoconfigure/3.4.4/spring-boot-test-autoconfigure-3.4.4.jar:/root/.m2/repository/com/jayway/jsonpath/json-path/2.9.0/json-path-2.9.0.jar:/root/.m2/repository/jakarta/xml/bind/jakarta.xml.bind-api/4.0.2/jakarta.xml.bind-api-4.0.2.jar:/root/.m2/repository/net/minidev/json-smart/2.5.2/json-smart-2.5.2.jar:/root/.m2/repository/net/minidev/accessors-smart/2.5.2/accessors-smart-2.5.2.jar:/root/.m2/repository/org/ow2/asm/asm/9.7.1/asm-9.7.1.jar:/root/.m2/repository/org/assertj/assertj-core/3.26.3/assertj-core-3.26.3.jar:/root/.m2/repository/org/awaitility/awaitility/4.2.2/awaitility-4.2.2.jar:/root/.m2/repository/org/hamcrest/hamcrest/2.2/hamcrest-2.2.jar:/root/.m2/repository/org/junit/jupiter/junit-jupiter/5.11.4/junit-jupiter-5.11.4.jar:/root/.m2/repository/org/junit/jupiter/junit-jupiter-api/5.11.4/junit-jupiter-api-5.11.4.jar:/root/.m2/repository/org/opentest4j/opentest4j/1.3.0/opentest4j-1.3.0.jar:/root/.m2/repository/org/junit/platform/junit-platform-commons/1.11.4/junit-platform-commons-1.11.4.jar:/root/.m2/repository/org/apiguardian/apiguardian-api/1.1.2/apiguardian-api-1.1.2.jar:/root/.m2/repository/org/junit/jupiter/junit-jupiter-params/5.11.4/junit-jupiter-params-5.11.4.jar:/root/.m2/repository/org/junit/jupiter/junit-jupiter-engine/5.11.4/junit-jupiter-engine-5.11.4.jar:/root/.m2/repository/org/junit/platform/junit-platform-engine/1.11.4/junit-platform-engine-1.11.4.jar:/root/.m2/repository/org/mockito/mockito-core/5.14.2/mockito-core-5.14.2.jar:/root/.m2/repository/net/bytebuddy/byte-buddy-agent/1.15.11/byte-buddy-agent-1.15.11.jar:/root/.m2/repository/org/objenesis/objenesis/3.3/objenesis-3.3.jar:/root/.m2/repository/org/mockito/mockito-junit-jupiter/5.14.2/mockito-junit-jupiter-5.14.2.jar:/root/.m2/repository/org/skyscreamer/jsonassert/1.5.3/jsonassert-1.5.3.jar:/root/.m2/repository/com/vaadin/external/google/android-json/0.0.20131108.vaadin1/android-json-0.0.20131108.vaadin1.jar:/root/.m2/repository/org/springframework/spring-core/6.2.5/spring-core-6.2.5.jar:/root/.m2/repository/org/springframework/spring-jcl/6.2.5/spring-jcl-6.2.5.jar:/root/.m2/repository/org/springframework/spring-test/6.2.5/spring-test-6.2.5.jar:/root/.m2/repository/org/xmlunit/xmlunit-core/2.10.0/xmlunit-core-2.10.0.jar:/root/.m2/repository/org/springframework/security/spring-security-test/6.4.4/spring-security-test-6.4.4.jar:/root/.m2/repository/org/springframework/security/spring-security-core/6.4.4/spring-security-core-6.4.4.jar:/root/.m2/repository/org/springframework/security/spring-security-crypto/6.4.4/spring-security-crypto-6.4.4.jar:/root/.m2/repository/org/springframework/security/spring-security-web/6.4.4/spring-security-web-6.4.4.jar:/root/.m2/repository/org/apache/poi/poi-ooxml/5.2.3/poi-ooxml-5.2.3.jar:/root/.m2/repository/org/apache/poi/poi/5.2.3/poi-5.2.3.jar:/root/.m2/repository/org/apache/commons/commons-math3/3.6.1/commons-math3-3.6.1.jar:/root/.m2/repository/com/zaxxer/SparseBitSet/1.2/SparseBitSet-1.2.jar:/root/.m2/repository/org/apache/poi/poi-ooxml-lite/5.2.3/poi-ooxml-lite-5.2.3.jar:/root/.m2/repository/org/apache/xmlbeans/xmlbeans/5.1.1/xmlbeans-5.1.1.jar:/root/.m2/repository/org/apache/commons/commons-compress/1.21/commons-compress-1.21.jar:/root/.m2/repository/commons-io/commons-io/2.11.0/commons-io-2.11.0.jar:/root/.m2/repository/com/github/virtuald/curvesapi/1.07/curvesapi-1.07.jar:/root/.m2/repository/org/apache/logging/log4j/log4j-api/2.24.3/log4j-api-2.24.3.jar:/root/.m2/repository/org/apache/commons/commons-collections4/4.4/commons-collections4-4.4.jar:/root/.m2/repository/org/xhtmlrenderer/flying-saucer-pdf/9.1.22/flying-saucer-pdf-9.1.22.jar:/root/.m2/repository/com/lowagie/itext/2.1.7/itext-2.1.7.jar:/root/.m2/repository/org/bouncycastle/bcmail-jdk14/1.64/bcmail-jdk14-1.64.jar:/root/.m2/repository/org/bouncycastle/bcpkix-jdk14/1.64/bcpkix-jdk14-1.64.jar:/root/.m2/repository/org/bouncycastle/bctsp-jdk14/1.46/bctsp-jdk14-1.46.jar:/root/.m2/repository/org/bouncycastle/bcprov-jdk14/1.64/bcprov-jdk14-1.64.jar:/root/.m2/repository/org/xhtmlrenderer/flying-saucer-core/9.1.22/flying-saucer-core-9.1.22.jar:"/>
    <property name="java.vm.vendor" value="Ubuntu"/>
    <property name="sun.arch.data.model" value="64"/>
    <property name="java.vendor.url" value="https://ubuntu.com/"/>
    <property name="user.timezone" value="Etc/UTC"/>
    <property name="org.jboss.logging.provider" value="slf4j"/>
    <property name="os.name" value="Linux"/>
    <property name="java.vm.specification.version" value="17"/>
    <property name="APPLICATION_NAME" value="demo"/>
    <property name="sun.java.launcher" value="SUN_STANDARD"/>
    <property name="sun.boot.library.path" value="/usr/lib/jvm/java-17-openjdk-amd64/lib"/>
    <property name="sun.java.command" value="/root/managifyhr.com/backend/HRM_Backend_Biometric/target/surefire/surefirebooter-20250725142340968_3.jar /root/managifyhr.com/backend/HRM_Backend_Biometric/target/surefire 2025-07-25T14-23-40_769-jvmRun1 surefire-20250725142340968_1tmp surefire_0-20250725142340968_2tmp"/>
    <property name="jdk.debug" value="release"/>
    <property name="surefire.test.class.path" value="/root/managifyhr.com/backend/HRM_Backend_Biometric/target/test-classes:/root/managifyhr.com/backend/HRM_Backend_Biometric/target/classes:/root/.m2/repository/org/springframework/boot/spring-boot-starter-data-jpa/3.4.4/spring-boot-starter-data-jpa-3.4.4.jar:/root/.m2/repository/org/springframework/boot/spring-boot-starter/3.4.4/spring-boot-starter-3.4.4.jar:/root/.m2/repository/org/springframework/boot/spring-boot-starter-logging/3.4.4/spring-boot-starter-logging-3.4.4.jar:/root/.m2/repository/ch/qos/logback/logback-classic/1.5.18/logback-classic-1.5.18.jar:/root/.m2/repository/ch/qos/logback/logback-core/1.5.18/logback-core-1.5.18.jar:/root/.m2/repository/org/apache/logging/log4j/log4j-to-slf4j/2.24.3/log4j-to-slf4j-2.24.3.jar:/root/.m2/repository/org/slf4j/jul-to-slf4j/2.0.17/jul-to-slf4j-2.0.17.jar:/root/.m2/repository/jakarta/annotation/jakarta.annotation-api/2.1.1/jakarta.annotation-api-2.1.1.jar:/root/.m2/repository/org/yaml/snakeyaml/2.3/snakeyaml-2.3.jar:/root/.m2/repository/org/springframework/boot/spring-boot-starter-jdbc/3.4.4/spring-boot-starter-jdbc-3.4.4.jar:/root/.m2/repository/com/zaxxer/HikariCP/5.1.0/HikariCP-5.1.0.jar:/root/.m2/repository/org/springframework/spring-jdbc/6.2.5/spring-jdbc-6.2.5.jar:/root/.m2/repository/org/hibernate/orm/hibernate-core/6.6.11.Final/hibernate-core-6.6.11.Final.jar:/root/.m2/repository/jakarta/persistence/jakarta.persistence-api/3.1.0/jakarta.persistence-api-3.1.0.jar:/root/.m2/repository/jakarta/transaction/jakarta.transaction-api/2.0.1/jakarta.transaction-api-2.0.1.jar:/root/.m2/repository/org/jboss/logging/jboss-logging/3.6.1.Final/jboss-logging-3.6.1.Final.jar:/root/.m2/repository/org/hibernate/common/hibernate-commons-annotations/7.0.3.Final/hibernate-commons-annotations-7.0.3.Final.jar:/root/.m2/repository/io/smallrye/jandex/3.2.0/jandex-3.2.0.jar:/root/.m2/repository/com/fasterxml/classmate/1.7.0/classmate-1.7.0.jar:/root/.m2/repository/net/bytebuddy/byte-buddy/1.15.11/byte-buddy-1.15.11.jar:/root/.m2/repository/org/glassfish/jaxb/jaxb-runtime/4.0.5/jaxb-runtime-4.0.5.jar:/root/.m2/repository/org/glassfish/jaxb/jaxb-core/4.0.5/jaxb-core-4.0.5.jar:/root/.m2/repository/org/glassfish/jaxb/txw2/4.0.5/txw2-4.0.5.jar:/root/.m2/repository/com/sun/istack/istack-commons-runtime/4.1.2/istack-commons-runtime-4.1.2.jar:/root/.m2/repository/jakarta/inject/jakarta.inject-api/2.0.1/jakarta.inject-api-2.0.1.jar:/root/.m2/repository/org/antlr/antlr4-runtime/4.13.0/antlr4-runtime-4.13.0.jar:/root/.m2/repository/org/springframework/data/spring-data-jpa/3.4.4/spring-data-jpa-3.4.4.jar:/root/.m2/repository/org/springframework/data/spring-data-commons/3.4.4/spring-data-commons-3.4.4.jar:/root/.m2/repository/org/springframework/spring-orm/6.2.5/spring-orm-6.2.5.jar:/root/.m2/repository/org/springframework/spring-context/6.2.5/spring-context-6.2.5.jar:/root/.m2/repository/org/springframework/spring-aop/6.2.5/spring-aop-6.2.5.jar:/root/.m2/repository/org/springframework/spring-tx/6.2.5/spring-tx-6.2.5.jar:/root/.m2/repository/org/springframework/spring-beans/6.2.5/spring-beans-6.2.5.jar:/root/.m2/repository/org/springframework/spring-aspects/6.2.5/spring-aspects-6.2.5.jar:/root/.m2/repository/org/aspectj/aspectjweaver/1.9.23/aspectjweaver-1.9.23.jar:/root/.m2/repository/org/springframework/boot/spring-boot-starter-mail/3.4.4/spring-boot-starter-mail-3.4.4.jar:/root/.m2/repository/org/springframework/spring-context-support/6.2.5/spring-context-support-6.2.5.jar:/root/.m2/repository/org/eclipse/angus/jakarta.mail/2.0.3/jakarta.mail-2.0.3.jar:/root/.m2/repository/jakarta/activation/jakarta.activation-api/2.1.3/jakarta.activation-api-2.1.3.jar:/root/.m2/repository/org/eclipse/angus/angus-activation/2.0.2/angus-activation-2.0.2.jar:/root/.m2/repository/org/springframework/boot/spring-boot-starter-web/3.4.4/spring-boot-starter-web-3.4.4.jar:/root/.m2/repository/org/springframework/boot/spring-boot-starter-json/3.4.4/spring-boot-starter-json-3.4.4.jar:/root/.m2/repository/com/fasterxml/jackson/core/jackson-databind/2.18.3/jackson-databind-2.18.3.jar:/root/.m2/repository/com/fasterxml/jackson/core/jackson-annotations/2.18.3/jackson-annotations-2.18.3.jar:/root/.m2/repository/com/fasterxml/jackson/datatype/jackson-datatype-jdk8/2.18.3/jackson-datatype-jdk8-2.18.3.jar:/root/.m2/repository/com/fasterxml/jackson/datatype/jackson-datatype-jsr310/2.18.3/jackson-datatype-jsr310-2.18.3.jar:/root/.m2/repository/com/fasterxml/jackson/module/jackson-module-parameter-names/2.18.3/jackson-module-parameter-names-2.18.3.jar:/root/.m2/repository/org/springframework/boot/spring-boot-starter-tomcat/3.4.4/spring-boot-starter-tomcat-3.4.4.jar:/root/.m2/repository/org/apache/tomcat/embed/tomcat-embed-core/10.1.39/tomcat-embed-core-10.1.39.jar:/root/.m2/repository/org/apache/tomcat/embed/tomcat-embed-el/10.1.39/tomcat-embed-el-10.1.39.jar:/root/.m2/repository/org/apache/tomcat/embed/tomcat-embed-websocket/10.1.39/tomcat-embed-websocket-10.1.39.jar:/root/.m2/repository/org/springframework/spring-web/6.2.5/spring-web-6.2.5.jar:/root/.m2/repository/io/micrometer/micrometer-observation/1.14.5/micrometer-observation-1.14.5.jar:/root/.m2/repository/io/micrometer/micrometer-commons/1.14.5/micrometer-commons-1.14.5.jar:/root/.m2/repository/org/springframework/spring-webmvc/6.2.5/spring-webmvc-6.2.5.jar:/root/.m2/repository/org/springframework/spring-expression/6.2.5/spring-expression-6.2.5.jar:/root/.m2/repository/org/springframework/boot/spring-boot-starter-websocket/3.4.4/spring-boot-starter-websocket-3.4.4.jar:/root/.m2/repository/org/springframework/spring-messaging/6.2.5/spring-messaging-6.2.5.jar:/root/.m2/repository/org/springframework/spring-websocket/6.2.5/spring-websocket-6.2.5.jar:/root/.m2/repository/org/webjars/sockjs-client/1.5.1/sockjs-client-1.5.1.jar:/root/.m2/repository/org/webjars/stomp-websocket/2.3.4/stomp-websocket-2.3.4.jar:/root/.m2/repository/org/springframework/boot/spring-boot-devtools/3.4.4/spring-boot-devtools-3.4.4.jar:/root/.m2/repository/org/springframework/boot/spring-boot/3.4.4/spring-boot-3.4.4.jar:/root/.m2/repository/org/springframework/boot/spring-boot-autoconfigure/3.4.4/spring-boot-autoconfigure-3.4.4.jar:/root/.m2/repository/com/google/firebase/firebase-admin/9.2.0/firebase-admin-9.2.0.jar:/root/.m2/repository/com/google/api-client/google-api-client/2.2.0/google-api-client-2.2.0.jar:/root/.m2/repository/commons-codec/commons-codec/1.17.2/commons-codec-1.17.2.jar:/root/.m2/repository/com/google/oauth-client/google-oauth-client/1.34.1/google-oauth-client-1.34.1.jar:/root/.m2/repository/com/google/http-client/google-http-client-gson/1.42.3/google-http-client-gson-1.42.3.jar:/root/.m2/repository/com/google/http-client/google-http-client-apache-v2/1.42.3/google-http-client-apache-v2-1.42.3.jar:/root/.m2/repository/org/apache/httpcomponents/httpcore/4.4.16/httpcore-4.4.16.jar:/root/.m2/repository/org/apache/httpcomponents/httpclient/4.5.14/httpclient-4.5.14.jar:/root/.m2/repository/com/google/api-client/google-api-client-gson/2.2.0/google-api-client-gson-2.2.0.jar:/root/.m2/repository/com/google/http-client/google-http-client/1.43.1/google-http-client-1.43.1.jar:/root/.m2/repository/com/google/code/findbugs/jsr305/3.0.2/jsr305-3.0.2.jar:/root/.m2/repository/com/google/errorprone/error_prone_annotations/2.18.0/error_prone_annotations-2.18.0.jar:/root/.m2/repository/com/google/j2objc/j2objc-annotations/1.3/j2objc-annotations-1.3.jar:/root/.m2/repository/io/opencensus/opencensus-api/0.31.1/opencensus-api-0.31.1.jar:/root/.m2/repository/io/opencensus/opencensus-contrib-http-util/0.31.1/opencensus-contrib-http-util-0.31.1.jar:/root/.m2/repository/com/google/api/api-common/2.12.0/api-common-2.12.0.jar:/root/.m2/repository/com/google/auto/value/auto-value-annotations/1.10.1/auto-value-annotations-1.10.1.jar:/root/.m2/repository/javax/annotation/javax.annotation-api/1.3.2/javax.annotation-api-1.3.2.jar:/root/.m2/repository/com/google/auth/google-auth-library-oauth2-http/1.17.0/google-auth-library-oauth2-http-1.17.0.jar:/root/.m2/repository/com/google/auth/google-auth-library-credentials/1.17.0/google-auth-library-credentials-1.17.0.jar:/root/.m2/repository/com/google/cloud/google-cloud-storage/2.22.4/google-cloud-storage-2.22.4.jar:/root/.m2/repository/com/google/guava/failureaccess/1.0.1/failureaccess-1.0.1.jar:/root/.m2/repository/com/google/guava/listenablefuture/9999.0-empty-to-avoid-conflict-with-guava/listenablefuture-9999.0-empty-to-avoid-conflict-with-guava.jar:/root/.m2/repository/com/google/http-client/google-http-client-jackson2/1.43.1/google-http-client-jackson2-1.43.1.jar:/root/.m2/repository/com/google/apis/google-api-services-storage/v1-rev20230301-2.0.0/google-api-services-storage-v1-rev20230301-2.0.0.jar:/root/.m2/repository/com/google/code/gson/gson/2.11.0/gson-2.11.0.jar:/root/.m2/repository/com/google/cloud/google-cloud-core/2.19.0/google-cloud-core-2.19.0.jar:/root/.m2/repository/com/google/cloud/google-cloud-core-http/2.19.0/google-cloud-core-http-2.19.0.jar:/root/.m2/repository/com/google/http-client/google-http-client-appengine/1.43.1/google-http-client-appengine-1.43.1.jar:/root/.m2/repository/com/google/api/gax-httpjson/0.114.0/gax-httpjson-0.114.0.jar:/root/.m2/repository/com/google/cloud/google-cloud-core-grpc/2.19.0/google-cloud-core-grpc-2.19.0.jar:/root/.m2/repository/com/google/api/gax/2.29.0/gax-2.29.0.jar:/root/.m2/repository/com/google/api/gax-grpc/2.29.0/gax-grpc-2.29.0.jar:/root/.m2/repository/io/grpc/grpc-alts/1.55.1/grpc-alts-1.55.1.jar:/root/.m2/repository/io/grpc/grpc-grpclb/1.55.1/grpc-grpclb-1.55.1.jar:/root/.m2/repository/org/conscrypt/conscrypt-openjdk-uber/2.5.2/conscrypt-openjdk-uber-2.5.2.jar:/root/.m2/repository/io/grpc/grpc-auth/1.55.1/grpc-auth-1.55.1.jar:/root/.m2/repository/io/grpc/grpc-protobuf/1.55.1/grpc-protobuf-1.55.1.jar:/root/.m2/repository/io/grpc/grpc-protobuf-lite/1.55.1/grpc-protobuf-lite-1.55.1.jar:/root/.m2/repository/io/grpc/grpc-context/1.55.1/grpc-context-1.55.1.jar:/root/.m2/repository/com/google/api/grpc/proto-google-iam-v1/1.15.0/proto-google-iam-v1-1.15.0.jar:/root/.m2/repository/com/google/protobuf/protobuf-java/3.23.2/protobuf-java-3.23.2.jar:/root/.m2/repository/com/google/protobuf/protobuf-java-util/3.23.2/protobuf-java-util-3.23.2.jar:/root/.m2/repository/com/google/api/grpc/proto-google-common-protos/2.20.0/proto-google-common-protos-2.20.0.jar:/root/.m2/repository/org/threeten/threetenbp/1.6.8/threetenbp-1.6.8.jar:/root/.m2/repository/com/google/api/grpc/proto-google-cloud-storage-v2/2.22.4-alpha/proto-google-cloud-storage-v2-2.22.4-alpha.jar:/root/.m2/repository/com/google/api/grpc/grpc-google-cloud-storage-v2/2.22.4-alpha/grpc-google-cloud-storage-v2-2.22.4-alpha.jar:/root/.m2/repository/com/google/api/grpc/gapic-google-cloud-storage-v2/2.22.4-alpha/gapic-google-cloud-storage-v2-2.22.4-alpha.jar:/root/.m2/repository/com/fasterxml/jackson/core/jackson-core/2.18.3/jackson-core-2.18.3.jar:/root/.m2/repository/io/grpc/grpc-api/1.55.1/grpc-api-1.55.1.jar:/root/.m2/repository/io/grpc/grpc-netty-shaded/1.55.1/grpc-netty-shaded-1.55.1.jar:/root/.m2/repository/io/perfmark/perfmark-api/0.26.0/perfmark-api-0.26.0.jar:/root/.m2/repository/io/grpc/grpc-core/1.55.1/grpc-core-1.55.1.jar:/root/.m2/repository/com/google/android/annotations/4.1.1.4/annotations-4.1.1.4.jar:/root/.m2/repository/org/codehaus/mojo/animal-sniffer-annotations/1.23/animal-sniffer-annotations-1.23.jar:/root/.m2/repository/io/grpc/grpc-stub/1.55.1/grpc-stub-1.55.1.jar:/root/.m2/repository/io/grpc/grpc-googleapis/1.55.1/grpc-googleapis-1.55.1.jar:/root/.m2/repository/org/checkerframework/checker-qual/3.32.0/checker-qual-3.32.0.jar:/root/.m2/repository/io/grpc/grpc-xds/1.55.1/grpc-xds-1.55.1.jar:/root/.m2/repository/io/opencensus/opencensus-proto/0.2.0/opencensus-proto-0.2.0.jar:/root/.m2/repository/io/grpc/grpc-services/1.55.1/grpc-services-1.55.1.jar:/root/.m2/repository/com/google/re2j/re2j/1.6/re2j-1.6.jar:/root/.m2/repository/io/grpc/grpc-rls/1.55.1/grpc-rls-1.55.1.jar:/root/.m2/repository/com/google/cloud/google-cloud-firestore/3.13.0/google-cloud-firestore-3.13.0.jar:/root/.m2/repository/commons-logging/commons-logging/1.2/commons-logging-1.2.jar:/root/.m2/repository/com/google/api/grpc/proto-google-cloud-firestore-v1/3.13.0/proto-google-cloud-firestore-v1-3.13.0.jar:/root/.m2/repository/com/google/cloud/proto-google-cloud-firestore-bundle-v1/3.13.0/proto-google-cloud-firestore-bundle-v1-3.13.0.jar:/root/.m2/repository/io/opencensus/opencensus-contrib-grpc-util/0.31.1/opencensus-contrib-grpc-util-0.31.1.jar:/root/.m2/repository/com/google/guava/guava/31.1-jre/guava-31.1-jre.jar:/root/.m2/repository/org/slf4j/slf4j-api/2.0.17/slf4j-api-2.0.17.jar:/root/.m2/repository/io/netty/netty-codec-http/4.1.119.Final/netty-codec-http-4.1.119.Final.jar:/root/.m2/repository/io/netty/netty-common/4.1.119.Final/netty-common-4.1.119.Final.jar:/root/.m2/repository/io/netty/netty-buffer/4.1.119.Final/netty-buffer-4.1.119.Final.jar:/root/.m2/repository/io/netty/netty-codec/4.1.119.Final/netty-codec-4.1.119.Final.jar:/root/.m2/repository/io/netty/netty-handler/4.1.119.Final/netty-handler-4.1.119.Final.jar:/root/.m2/repository/io/netty/netty-resolver/4.1.119.Final/netty-resolver-4.1.119.Final.jar:/root/.m2/repository/io/netty/netty-transport-native-unix-common/4.1.119.Final/netty-transport-native-unix-common-4.1.119.Final.jar:/root/.m2/repository/io/netty/netty-transport/4.1.119.Final/netty-transport-4.1.119.Final.jar:/root/.m2/repository/com/mysql/mysql-connector-j/9.1.0/mysql-connector-j-9.1.0.jar:/root/.m2/repository/org/springframework/boot/spring-boot-starter-test/3.4.4/spring-boot-starter-test-3.4.4.jar:/root/.m2/repository/org/springframework/boot/spring-boot-test/3.4.4/spring-boot-test-3.4.4.jar:/root/.m2/repository/org/springframework/boot/spring-boot-test-autoconfigure/3.4.4/spring-boot-test-autoconfigure-3.4.4.jar:/root/.m2/repository/com/jayway/jsonpath/json-path/2.9.0/json-path-2.9.0.jar:/root/.m2/repository/jakarta/xml/bind/jakarta.xml.bind-api/4.0.2/jakarta.xml.bind-api-4.0.2.jar:/root/.m2/repository/net/minidev/json-smart/2.5.2/json-smart-2.5.2.jar:/root/.m2/repository/net/minidev/accessors-smart/2.5.2/accessors-smart-2.5.2.jar:/root/.m2/repository/org/ow2/asm/asm/9.7.1/asm-9.7.1.jar:/root/.m2/repository/org/assertj/assertj-core/3.26.3/assertj-core-3.26.3.jar:/root/.m2/repository/org/awaitility/awaitility/4.2.2/awaitility-4.2.2.jar:/root/.m2/repository/org/hamcrest/hamcrest/2.2/hamcrest-2.2.jar:/root/.m2/repository/org/junit/jupiter/junit-jupiter/5.11.4/junit-jupiter-5.11.4.jar:/root/.m2/repository/org/junit/jupiter/junit-jupiter-api/5.11.4/junit-jupiter-api-5.11.4.jar:/root/.m2/repository/org/opentest4j/opentest4j/1.3.0/opentest4j-1.3.0.jar:/root/.m2/repository/org/junit/platform/junit-platform-commons/1.11.4/junit-platform-commons-1.11.4.jar:/root/.m2/repository/org/apiguardian/apiguardian-api/1.1.2/apiguardian-api-1.1.2.jar:/root/.m2/repository/org/junit/jupiter/junit-jupiter-params/5.11.4/junit-jupiter-params-5.11.4.jar:/root/.m2/repository/org/junit/jupiter/junit-jupiter-engine/5.11.4/junit-jupiter-engine-5.11.4.jar:/root/.m2/repository/org/junit/platform/junit-platform-engine/1.11.4/junit-platform-engine-1.11.4.jar:/root/.m2/repository/org/mockito/mockito-core/5.14.2/mockito-core-5.14.2.jar:/root/.m2/repository/net/bytebuddy/byte-buddy-agent/1.15.11/byte-buddy-agent-1.15.11.jar:/root/.m2/repository/org/objenesis/objenesis/3.3/objenesis-3.3.jar:/root/.m2/repository/org/mockito/mockito-junit-jupiter/5.14.2/mockito-junit-jupiter-5.14.2.jar:/root/.m2/repository/org/skyscreamer/jsonassert/1.5.3/jsonassert-1.5.3.jar:/root/.m2/repository/com/vaadin/external/google/android-json/0.0.20131108.vaadin1/android-json-0.0.20131108.vaadin1.jar:/root/.m2/repository/org/springframework/spring-core/6.2.5/spring-core-6.2.5.jar:/root/.m2/repository/org/springframework/spring-jcl/6.2.5/spring-jcl-6.2.5.jar:/root/.m2/repository/org/springframework/spring-test/6.2.5/spring-test-6.2.5.jar:/root/.m2/repository/org/xmlunit/xmlunit-core/2.10.0/xmlunit-core-2.10.0.jar:/root/.m2/repository/org/springframework/security/spring-security-test/6.4.4/spring-security-test-6.4.4.jar:/root/.m2/repository/org/springframework/security/spring-security-core/6.4.4/spring-security-core-6.4.4.jar:/root/.m2/repository/org/springframework/security/spring-security-crypto/6.4.4/spring-security-crypto-6.4.4.jar:/root/.m2/repository/org/springframework/security/spring-security-web/6.4.4/spring-security-web-6.4.4.jar:/root/.m2/repository/org/apache/poi/poi-ooxml/5.2.3/poi-ooxml-5.2.3.jar:/root/.m2/repository/org/apache/poi/poi/5.2.3/poi-5.2.3.jar:/root/.m2/repository/org/apache/commons/commons-math3/3.6.1/commons-math3-3.6.1.jar:/root/.m2/repository/com/zaxxer/SparseBitSet/1.2/SparseBitSet-1.2.jar:/root/.m2/repository/org/apache/poi/poi-ooxml-lite/5.2.3/poi-ooxml-lite-5.2.3.jar:/root/.m2/repository/org/apache/xmlbeans/xmlbeans/5.1.1/xmlbeans-5.1.1.jar:/root/.m2/repository/org/apache/commons/commons-compress/1.21/commons-compress-1.21.jar:/root/.m2/repository/commons-io/commons-io/2.11.0/commons-io-2.11.0.jar:/root/.m2/repository/com/github/virtuald/curvesapi/1.07/curvesapi-1.07.jar:/root/.m2/repository/org/apache/logging/log4j/log4j-api/2.24.3/log4j-api-2.24.3.jar:/root/.m2/repository/org/apache/commons/commons-collections4/4.4/commons-collections4-4.4.jar:/root/.m2/repository/org/xhtmlrenderer/flying-saucer-pdf/9.1.22/flying-saucer-pdf-9.1.22.jar:/root/.m2/repository/com/lowagie/itext/2.1.7/itext-2.1.7.jar:/root/.m2/repository/org/bouncycastle/bcmail-jdk14/1.64/bcmail-jdk14-1.64.jar:/root/.m2/repository/org/bouncycastle/bcpkix-jdk14/1.64/bcpkix-jdk14-1.64.jar:/root/.m2/repository/org/bouncycastle/bctsp-jdk14/1.46/bctsp-jdk14-1.46.jar:/root/.m2/repository/org/bouncycastle/bcprov-jdk14/1.64/bcprov-jdk14-1.64.jar:/root/.m2/repository/org/xhtmlrenderer/flying-saucer-core/9.1.22/flying-saucer-core-9.1.22.jar:"/>
    <property name="sun.cpu.endian" value="little"/>
    <property name="user.home" value="/root"/>
    <property name="user.language" value="en"/>
    <property name="java.specification.vendor" value="Oracle Corporation"/>
    <property name="java.version.date" value="2025-04-15"/>
    <property name="java.home" value="/usr/lib/jvm/java-17-openjdk-amd64"/>
    <property name="file.separator" value="/"/>
    <property name="basedir" value="/root/managifyhr.com/backend/HRM_Backend_Biometric"/>
    <property name="java.vm.compressedOopsMode" value="Zero based"/>
    <property name="line.separator" value="&#10;"/>
    <property name="java.specification.name" value="Java Platform API Specification"/>
    <property name="java.vm.specification.vendor" value="Oracle Corporation"/>
    <property name="FILE_LOG_CHARSET" value="UTF-8"/>
    <property name="java.awt.headless" value="true"/>
    <property name="surefire.real.class.path" value="/root/managifyhr.com/backend/HRM_Backend_Biometric/target/surefire/surefirebooter-20250725142340968_3.jar"/>
    <property name="sun.management.compiler" value="HotSpot 64-Bit Tiered Compilers"/>
    <property name="java.runtime.version" value="17.0.15+6-Ubuntu-0ubuntu124.04"/>
    <property name="user.name" value="root"/>
    <property name="path.separator" value=":"/>
    <property name="os.version" value="6.8.0-62-generic"/>
    <property name="java.runtime.name" value="OpenJDK Runtime Environment"/>
    <property name="file.encoding" value="UTF-8"/>
    <property name="java.vm.name" value="OpenJDK 64-Bit Server VM"/>
    <property name="localRepository" value="/root/.m2/repository"/>
    <property name="java.vendor.url.bug" value="https://bugs.launchpad.net/ubuntu/+source/openjdk-17"/>
    <property name="java.io.tmpdir" value="/tmp"/>
    <property name="com.zaxxer.hikari.pool_number" value="1"/>
    <property name="java.version" value="17.0.15"/>
    <property name="user.dir" value="/root/managifyhr.com/backend/HRM_Backend_Biometric"/>
    <property name="os.arch" value="amd64"/>
    <property name="java.vm.specification.name" value="Java Virtual Machine Specification"/>
    <property name="PID" value="1378071"/>
    <property name="CONSOLE_LOG_CHARSET" value="UTF-8"/>
    <property name="native.encoding" value="UTF-8"/>
    <property name="java.library.path" value="/usr/java/packages/lib:/usr/lib/x86_64-linux-gnu/jni:/lib/x86_64-linux-gnu:/usr/lib/x86_64-linux-gnu:/usr/lib/jni:/lib:/usr/lib"/>
    <property name="java.vm.info" value="mixed mode, sharing"/>
    <property name="java.vendor" value="Ubuntu"/>
    <property name="java.vm.version" value="17.0.15+6-Ubuntu-0ubuntu124.04"/>
    <property name="java.specification.maintenance.version" value="1"/>
    <property name="sun.io.unicode.encoding" value="UnicodeLittle"/>
    <property name="java.class.version" value="61.0"/>
    <property name="LOGGED_APPLICATION_NAME" value="[demo] "/>
  </properties>
  <testcase name="testCertificateServiceInjection" classname="com.jaywant.demo.CertificateControllerTest" time="0.627">
    <system-out><![CDATA[Standard Commons Logging discovery in action with spring-jcl: please remove commons-logging.jar from classpath in order to avoid potential conflicts
14:23:42.480 [main] INFO org.springframework.test.context.support.AnnotationConfigContextLoaderUtils -- Could not detect default configuration classes for test class [com.jaywant.demo.CertificateControllerTest]: CertificateControllerTest does not declare any static, non-private, non-final, nested classes annotated with @Configuration.
14:23:42.619 [main] INFO org.springframework.boot.test.context.SpringBootTestContextBootstrapper -- Found @SpringBootConfiguration com.jaywant.demo.DemoApplication for test class com.jaywant.demo.CertificateControllerTest
14:23:42.812 [main] INFO org.springframework.boot.devtools.restart.RestartApplicationListener -- Restart disabled due to context in which it is running

  .   ____          _            __ _ _
 /\\ / ___'_ __ _ _(_)_ __  __ _ \ \ \ \
( ( )\___ | '_ | '_| | '_ \/ _` | \ \ \ \
 \\/  ___)| |_)| | | | | || (_| |  ) ) ) )
  '  |____| .__|_| |_|_| |_\__, | / / / /
 =========|_|==============|___/=/_/_/_/

 :: Spring Boot ::                (v3.4.4)

2025-07-25T14:23:43.305Z  INFO 1378071 --- [demo] [           main] c.j.demo.CertificateControllerTest       : Starting CertificateControllerTest using Java 17.0.15 with PID 1378071 (started by root in /root/managifyhr.com/backend/HRM_Backend_Biometric)
2025-07-25T14:23:43.309Z  INFO 1378071 --- [demo] [           main] c.j.demo.CertificateControllerTest       : No active profile set, falling back to 1 default profile: "default"
2025-07-25T14:23:44.448Z  INFO 1378071 --- [demo] [           main] o.s.b.f.s.DefaultListableBeanFactory     : Overriding bean definition for bean 'restTemplate' with a different definition: replacing [Root bean: class=null; scope=; abstract=false; lazyInit=null; autowireMode=3; dependencyCheck=0; autowireCandidate=true; primary=false; fallback=false; factoryBeanName=appConfig; factoryMethodName=restTemplate; initMethodNames=null; destroyMethodNames=[(inferred)]; defined in class path resource [com/jaywant/demo/Config/AppConfig.class]] with [Root bean: class=null; scope=; abstract=false; lazyInit=null; autowireMode=3; dependencyCheck=0; autowireCandidate=true; primary=false; fallback=false; factoryBeanName=restTemplateConfig; factoryMethodName=restTemplate; initMethodNames=null; destroyMethodNames=[(inferred)]; defined in class path resource [com/jaywant/demo/Config/RestTemplateConfig.class]]
2025-07-25T14:23:44.807Z  INFO 1378071 --- [demo] [           main] .s.d.r.c.RepositoryConfigurationDelegate : Bootstrapping Spring Data JPA repositories in DEFAULT mode.
2025-07-25T14:23:45.015Z  INFO 1378071 --- [demo] [           main] .s.d.r.c.RepositoryConfigurationDelegate : Finished Spring Data repository scanning in 185 ms. Found 16 JPA repository interfaces.
2025-07-25T14:23:45.943Z  INFO 1378071 --- [demo] [           main] o.hibernate.jpa.internal.util.LogHelper  : HHH000204: Processing PersistenceUnitInfo [name: default]
2025-07-25T14:23:46.015Z  INFO 1378071 --- [demo] [           main] org.hibernate.Version                    : HHH000412: Hibernate ORM core version 6.6.11.Final
2025-07-25T14:23:46.069Z  INFO 1378071 --- [demo] [           main] o.h.c.internal.RegionFactoryInitiator    : HHH000026: Second-level cache disabled
2025-07-25T14:23:46.553Z  INFO 1378071 --- [demo] [           main] o.s.o.j.p.SpringPersistenceUnitInfo      : No LoadTimeWeaver setup: ignoring JPA class transformer
2025-07-25T14:23:46.611Z  INFO 1378071 --- [demo] [           main] com.zaxxer.hikari.HikariDataSource       : HikariPool-1 - Starting...
2025-07-25T14:23:47.213Z  INFO 1378071 --- [demo] [           main] com.zaxxer.hikari.pool.HikariPool        : HikariPool-1 - Added connection com.mysql.cj.jdbc.ConnectionImpl@25589735
2025-07-25T14:23:47.217Z  INFO 1378071 --- [demo] [           main] com.zaxxer.hikari.HikariDataSource       : HikariPool-1 - Start completed.
2025-07-25T14:23:47.325Z  WARN 1378071 --- [demo] [           main] org.hibernate.orm.deprecation            : HHH90000025: MySQLDialect does not need to be specified explicitly using 'hibernate.dialect' (remove the property setting and it will be selected by default)
2025-07-25T14:23:47.366Z  INFO 1378071 --- [demo] [           main] org.hibernate.orm.connections.pooling    : HHH10001005: Database info:
	Database JDBC URL [Connecting through datasource 'HikariDataSource (HikariPool-1)']
	Database driver: undefined/unknown
	Database version: 8.0.42
	Autocommit mode: undefined/unknown
	Isolation level: undefined/unknown
	Minimum pool size: undefined/unknown
	Maximum pool size: undefined/unknown
2025-07-25T14:23:48.532Z  INFO 1378071 --- [demo] [           main] o.h.e.t.j.p.i.JtaPlatformInitiator       : HHH000489: No JTA platform available (set 'hibernate.transaction.jta.platform' to enable JTA platform integration)
2025-07-25T14:23:48.704Z  INFO 1378071 --- [demo] [           main] j.LocalContainerEntityManagerFactoryBean : Initialized JPA EntityManagerFactory for persistence unit 'default'
🔥 Initializing Firebase...
📁 Using firebase-service-account.json file...
✅ Firebase service account file found!
✅ Firebase initialized successfully!
2025-07-25T14:23:49.145Z  INFO 1378071 --- [demo] [           main] o.s.d.j.r.query.QueryEnhancerFactory     : Hibernate is in classpath; If applicable, HQL parser will be used.
🔧 Creating FirebaseMessaging bean...
✅ FirebaseMessaging bean created successfully!
🔧 Firebase enabled status: true
ZKTeco TCP Listener started on port 8000
2025-07-25T14:23:52.572Z  WARN 1378071 --- [demo] [           main] JpaBaseConfiguration$JpaWebConfiguration : spring.jpa.open-in-view is enabled by default. Therefore, database queries may be performed during view rendering. Explicitly configure spring.jpa.open-in-view to disable this warning
2025-07-25T14:23:53.097Z  INFO 1378071 --- [demo] [           main] o.s.m.s.b.SimpleBrokerMessageHandler     : Starting...
2025-07-25T14:23:53.098Z  INFO 1378071 --- [demo] [           main] o.s.m.s.b.SimpleBrokerMessageHandler     : BrokerAvailabilityEvent[available=true, SimpleBrokerMessageHandler [org.springframework.messaging.simp.broker.DefaultSubscriptionRegistry@4baf4a5b]]
2025-07-25T14:23:53.099Z  INFO 1378071 --- [demo] [           main] o.s.m.s.b.SimpleBrokerMessageHandler     : Started.
2025-07-25T14:23:53.114Z  INFO 1378071 --- [demo] [           main] c.j.demo.CertificateControllerTest       : Started CertificateControllerTest in 10.319 seconds (process running for 11.995)
🔄 Starting periodic attendance sync at 2025-07-25T14:23:53.114401507
🔄 Starting yesterday's data sync at 2025-07-25T14:23:53.114785256
Starting real-time attendance sync...
🔄 [14:23:53] Simple real-time sync starting...
🏥 Starting terminal health check at 2025-07-25T14:23:53.115397594

================================================================================
🚀 BIOMETRIC SERVICES STATUS - 2025-07-25 14:23:53
================================================================================
✅ EnhancedBiometricSyncService: ACTIVE (10-second real-time sync)
✅ SimpleBiometricTestService: ACTIVE (for testing)
❌ BiometricAttendanceProcessor: DISABLED (replaced by enhanced service)
================================================================================
📊 AVAILABLE TEST ENDPOINTS:
   GET  /api/simple-biometric-test/health
   GET  /api/simple-biometric-test/stats
   POST /api/simple-biometric-test/test-processing
   GET  /api/iclock-verification/verify-iclock-table
   POST /api/iclock-verification/test-data-flow
   GET  /api/enhanced-biometric/sync-stats
   POST /api/enhanced-biometric/sync-now
================================================================================
🔄 Real-time sync will start automatically every 10 seconds...
📝 Monitor console for processing logs
================================================================================

Hibernate: 
    select
        e1_0.emp_id,
        e1_0.aadhar_no,
        e1_0.address,
        e1_0.adharimg,
        e1_0.bank_account_no,
        e1_0.bank_ifsc_code,
        e1_0.bank_name,
        e1_0.birth_date,
        e1_0.blood_group,
        e1_0.branch_name,
        e1_0.department,
        e1_0.device_serial_number,
        e1_0.education,
        e1_0.email,
        e1_0.empimg,
        e1_0.fcm_token,
        e1_0.fcm_token_updated_at,
        e1_0.first_name,
        e1_0.full_name,
        e1_0.gender,
        e1_0.job_role,
        e1_0.joining_date,
        e1_0.last_latitude,
        e1_0.last_longitude,
        e1_0.last_name,
        e1_0.latitude,
        e1_0.longitude,
        e1_0.notifications_enabled,
        e1_0.pan_card,
        e1_0.panimg,
        e1_0.password,
        e1_0.phone,
        e1_0.role,
        e1_0.salary,
        e1_0.status,
        s1_0.id,
        s1_0.address,
        s1_0.cinno,
        s1_0.companylogo,
        s1_0.companyurl,
        s1_0.device_serial_number,
        s1_0.email,
        s1_0.email_server_password,
        s1_0.fcm_token,
        s1_0.fcm_token_updated_at,
        s1_0.gstno,
        s1_0.lastname,
        s1_0.latitude,
        s1_0.longitude,
        ma1_0.id,
        ma1_0.master_admin_email_server_password,
        ma1_0.email,
        ma1_0.mobileno,
        ma1_0.name,
        ma1_0.password,
        ma1_0.profile_img,
        ma1_0.roll,
        s1_0.name,
        s1_0.notifications_enabled,
        s1_0.package_count,
        s1_0.package_type,
        s1_0.password,
        s1_0.phoneno,
        s1_0.registercompanyname,
        s1_0.roll,
        s1_0.signature,
        s1_0.stamp_img,
        s1_0.status 
    from
        employee e1_0 
    left join
        subadmin s1_0 
            on s1_0.id=e1_0.subadmin_id 
    left join
        master_admin ma1_0 
            on ma1_0.id=s1_0.master_admin_id 
    where
        e1_0.emp_id=?
Hibernate: 
    select
        edm1_0.id,
        edm1_0.created_at,
        edm1_0.easytime_employee_id,
        edm1_0.emp_code,
        edm1_0.hrm_employee_id,
        edm1_0.enrollment_status,
        edm1_0.fingerprint_enrolled,
        edm1_0.subadmin_id,
        edm1_0.terminal_serial,
        edm1_0.updated_at 
    from
        employee_device_mapping edm1_0
Hibernate: 
    select
        st1_0.id,
        st1_0.api_token,
        st1_0.created_at,
        st1_0.easytime_api_url,
        st1_0.easytime_terminal_id,
        st1_0.last_sync_at,
        st1_0.location,
        st1_0.status,
        st1_0.subadmin_id,
        st1_0.terminal_name,
        st1_0.terminal_serial,
        st1_0.updated_at 
    from
        subadmin_terminals st1_0
Hibernate: 
    select
        st1_0.id,
        st1_0.api_token,
        st1_0.created_at,
        st1_0.easytime_api_url,
        st1_0.easytime_terminal_id,
        st1_0.last_sync_at,
        st1_0.location,
        st1_0.status,
        st1_0.subadmin_id,
        st1_0.terminal_name,
        st1_0.terminal_serial,
        st1_0.updated_at 
    from
        subadmin_terminals st1_0 
    where
        st1_0.status=?
Hibernate: 
    select
        st1_0.id,
        st1_0.api_token,
        st1_0.created_at,
        st1_0.easytime_api_url,
        st1_0.easytime_terminal_id,
        st1_0.last_sync_at,
        st1_0.location,
        st1_0.status,
        st1_0.subadmin_id,
        st1_0.terminal_name,
        st1_0.terminal_serial,
        st1_0.updated_at 
    from
        subadmin_terminals st1_0 
    where
        st1_0.status=?
Hibernate: 
    select
        st1_0.id,
        st1_0.api_token,
        st1_0.created_at,
        st1_0.easytime_api_url,
        st1_0.easytime_terminal_id,
        st1_0.last_sync_at,
        st1_0.location,
        st1_0.status,
        st1_0.subadmin_id,
        st1_0.terminal_name,
        st1_0.terminal_serial,
        st1_0.updated_at 
    from
        subadmin_terminals st1_0 
    where
        st1_0.status=?
🏁 Completed periodic attendance sync. Processed 0 terminals
Hibernate: 
    select
        a1_0.id,
        a1_0.attendance_source,
        a1_0.attendance_type,
        a1_0.biometric_device_id,
        a1_0.biometric_user_id,
        a1_0.break_duration,
        a1_0.date,
        a1_0.device_serial,
        a1_0.employee_id,
        a1_0.field_location,
        a1_0.image_path,
        a1_0.lunch_in_time,
        a1_0.lunch_out_time,
        a1_0.lunch_punch_in,
        a1_0.lunch_punch_out,
        a1_0.punch_in,
        a1_0.punch_in_time,
        a1_0.punch_out,
        a1_0.punch_out_time,
        a1_0.punch_source,
        a1_0.raw_data,
        a1_0.reason,
        a1_0.status,
        a1_0.verify_type,
        a1_0.work_description,
        a1_0.work_type,
        a1_0.working_hours 
    from
        attendance a1_0 
    where
        a1_0.employee_id=? 
        and a1_0.date=?
Checking for new punch data for terminal: BOCK194960340
Hibernate: 
    select
        e1_0.emp_id,
        e1_0.aadhar_no,
        e1_0.address,
        e1_0.adharimg,
        e1_0.bank_account_no,
        e1_0.bank_ifsc_code,
        e1_0.bank_name,
        e1_0.birth_date,
        e1_0.blood_group,
        e1_0.branch_name,
        e1_0.department,
        e1_0.device_serial_number,
        e1_0.education,
        e1_0.email,
        e1_0.empimg,
        e1_0.fcm_token,
        e1_0.fcm_token_updated_at,
        e1_0.first_name,
        e1_0.full_name,
        e1_0.gender,
        e1_0.job_role,
        e1_0.joining_date,
        e1_0.last_latitude,
        e1_0.last_longitude,
        e1_0.last_name,
        e1_0.latitude,
        e1_0.longitude,
        e1_0.notifications_enabled,
        e1_0.pan_card,
        e1_0.panimg,
        e1_0.password,
        e1_0.phone,
        e1_0.role,
        e1_0.salary,
        e1_0.status,
        s1_0.id,
        s1_0.address,
        s1_0.cinno,
        s1_0.companylogo,
        s1_0.companyurl,
        s1_0.device_serial_number,
        s1_0.email,
        s1_0.email_server_password,
        s1_0.fcm_token,
        s1_0.fcm_token_updated_at,
        s1_0.gstno,
        s1_0.lastname,
        s1_0.latitude,
        s1_0.longitude,
        ma1_0.id,
        ma1_0.master_admin_email_server_password,
        ma1_0.email,
        ma1_0.mobileno,
        ma1_0.name,
        ma1_0.password,
        ma1_0.profile_img,
        ma1_0.roll,
        s1_0.name,
        s1_0.notifications_enabled,
        s1_0.package_count,
        s1_0.package_type,
        s1_0.password,
        s1_0.phoneno,
        s1_0.registercompanyname,
        s1_0.roll,
        s1_0.signature,
        s1_0.stamp_img,
        s1_0.status 
    from
        employee e1_0 
    left join
        subadmin s1_0 
            on s1_0.id=e1_0.subadmin_id 
    left join
        master_admin ma1_0 
            on ma1_0.id=s1_0.master_admin_id 
    where
        e1_0.emp_id=?
Hibernate: 
    select
        e1_0.emp_id,
        e1_0.aadhar_no,
        e1_0.address,
        e1_0.adharimg,
        e1_0.bank_account_no,
        e1_0.bank_ifsc_code,
        e1_0.bank_name,
        e1_0.birth_date,
        e1_0.blood_group,
        e1_0.branch_name,
        e1_0.department,
        e1_0.device_serial_number,
        e1_0.education,
        e1_0.email,
        e1_0.empimg,
        e1_0.fcm_token,
        e1_0.fcm_token_updated_at,
        e1_0.first_name,
        e1_0.full_name,
        e1_0.gender,
        e1_0.job_role,
        e1_0.joining_date,
        e1_0.last_latitude,
        e1_0.last_longitude,
        e1_0.last_name,
        e1_0.latitude,
        e1_0.longitude,
        e1_0.notifications_enabled,
        e1_0.pan_card,
        e1_0.panimg,
        e1_0.password,
        e1_0.phone,
        e1_0.role,
        e1_0.salary,
        e1_0.status,
        s1_0.id,
        s1_0.address,
        s1_0.cinno,
        s1_0.companylogo,
        s1_0.companyurl,
        s1_0.device_serial_number,
        s1_0.email,
        s1_0.email_server_password,
        s1_0.fcm_token,
        s1_0.fcm_token_updated_at,
        s1_0.gstno,
        s1_0.lastname,
        s1_0.latitude,
        s1_0.longitude,
        ma1_0.id,
        ma1_0.master_admin_email_server_password,
        ma1_0.email,
        ma1_0.mobileno,
        ma1_0.name,
        ma1_0.password,
        ma1_0.profile_img,
        ma1_0.roll,
        s1_0.name,
        s1_0.notifications_enabled,
        s1_0.package_count,
        s1_0.package_type,
        s1_0.password,
        s1_0.phoneno,
        s1_0.registercompanyname,
        s1_0.roll,
        s1_0.signature,
        s1_0.stamp_img,
        s1_0.status 
    from
        employee e1_0 
    left join
        subadmin s1_0 
            on s1_0.id=e1_0.subadmin_id 
    left join
        master_admin ma1_0 
            on ma1_0.id=s1_0.master_admin_id 
    where
        e1_0.emp_id=?
⚠️ Duplicate punch IN ignored - keeping first punch: 19:34:00
🔄 arbaj shaikh - 13:39:13 - IN [Device: BOCK194960340] (Processing...)
Hibernate: 
    select
        a1_0.id,
        a1_0.attendance_source,
        a1_0.attendance_type,
        a1_0.biometric_device_id,
        a1_0.biometric_user_id,
        a1_0.break_duration,
        a1_0.date,
        a1_0.device_serial,
        a1_0.employee_id,
        a1_0.field_location,
        a1_0.image_path,
        a1_0.lunch_in_time,
        a1_0.lunch_out_time,
        a1_0.lunch_punch_in,
        a1_0.lunch_punch_out,
        a1_0.punch_in,
        a1_0.punch_in_time,
        a1_0.punch_out,
        a1_0.punch_out_time,
        a1_0.punch_source,
        a1_0.raw_data,
        a1_0.reason,
        a1_0.status,
        a1_0.verify_type,
        a1_0.work_description,
        a1_0.work_type,
        a1_0.working_hours 
    from
        attendance a1_0 
    where
        a1_0.employee_id=? 
        and a1_0.date=?
Hibernate: 
    select
        e1_0.emp_id,
        e1_0.aadhar_no,
        e1_0.address,
        e1_0.adharimg,
        e1_0.bank_account_no,
        e1_0.bank_ifsc_code,
        e1_0.bank_name,
        e1_0.birth_date,
        e1_0.blood_group,
        e1_0.branch_name,
        e1_0.department,
        e1_0.device_serial_number,
        e1_0.education,
        e1_0.email,
        e1_0.empimg,
        e1_0.fcm_token,
        e1_0.fcm_token_updated_at,
        e1_0.first_name,
        e1_0.full_name,
        e1_0.gender,
        e1_0.job_role,
        e1_0.joining_date,
        e1_0.last_latitude,
        e1_0.last_longitude,
        e1_0.last_name,
        e1_0.latitude,
        e1_0.longitude,
        e1_0.notifications_enabled,
        e1_0.pan_card,
        e1_0.panimg,
        e1_0.password,
        e1_0.phone,
        e1_0.role,
        e1_0.salary,
        e1_0.status,
        s1_0.id,
        s1_0.address,
        s1_0.cinno,
        s1_0.companylogo,
        s1_0.companyurl,
        s1_0.device_serial_number,
        s1_0.email,
        s1_0.email_server_password,
        s1_0.fcm_token,
        s1_0.fcm_token_updated_at,
        s1_0.gstno,
        s1_0.lastname,
        s1_0.latitude,
        s1_0.longitude,
        ma1_0.id,
        ma1_0.master_admin_email_server_password,
        ma1_0.email,
        ma1_0.mobileno,
        ma1_0.name,
        ma1_0.password,
        ma1_0.profile_img,
        ma1_0.roll,
        s1_0.name,
        s1_0.notifications_enabled,
        s1_0.package_count,
        s1_0.package_type,
        s1_0.password,
        s1_0.phoneno,
        s1_0.registercompanyname,
        s1_0.roll,
        s1_0.signature,
        s1_0.stamp_img,
        s1_0.status 
    from
        employee e1_0 
    left join
        subadmin s1_0 
            on s1_0.id=e1_0.subadmin_id 
    left join
        master_admin ma1_0 
            on ma1_0.id=s1_0.master_admin_id 
    where
        e1_0.emp_id=?
Ready to sync data for employee: Nivruti Mane
Hibernate: 
    select
        a1_0.id,
        a1_0.attendance_source,
        a1_0.attendance_type,
        a1_0.biometric_device_id,
        a1_0.biometric_user_id,
        a1_0.break_duration,
        a1_0.date,
        a1_0.device_serial,
        a1_0.employee_id,
        a1_0.field_location,
        a1_0.image_path,
        a1_0.lunch_in_time,
        a1_0.lunch_out_time,
        a1_0.lunch_punch_in,
        a1_0.lunch_punch_out,
        a1_0.punch_in,
        a1_0.punch_in_time,
        a1_0.punch_out,
        a1_0.punch_out_time,
        a1_0.punch_source,
        a1_0.raw_data,
        a1_0.reason,
        a1_0.status,
        a1_0.verify_type,
        a1_0.work_description,
        a1_0.work_type,
        a1_0.working_hours 
    from
        attendance a1_0 
    where
        a1_0.employee_id=? 
        and a1_0.date=?
Hibernate: 
    select
        e1_0.emp_id,
        e1_0.aadhar_no,
        e1_0.address,
        e1_0.adharimg,
        e1_0.bank_account_no,
        e1_0.bank_ifsc_code,
        e1_0.bank_name,
        e1_0.birth_date,
        e1_0.blood_group,
        e1_0.branch_name,
        e1_0.department,
        e1_0.device_serial_number,
        e1_0.education,
        e1_0.email,
        e1_0.empimg,
        e1_0.fcm_token,
        e1_0.fcm_token_updated_at,
        e1_0.first_name,
        e1_0.full_name,
        e1_0.gender,
        e1_0.job_role,
        e1_0.joining_date,
        e1_0.last_latitude,
        e1_0.last_longitude,
        e1_0.last_name,
        e1_0.latitude,
        e1_0.longitude,
        e1_0.notifications_enabled,
        e1_0.pan_card,
        e1_0.panimg,
        e1_0.password,
        e1_0.phone,
        e1_0.role,
        e1_0.salary,
        e1_0.status,
        s1_0.id,
        s1_0.address,
        s1_0.cinno,
        s1_0.companylogo,
        s1_0.companyurl,
        s1_0.device_serial_number,
        s1_0.email,
        s1_0.email_server_password,
        s1_0.fcm_token,
        s1_0.fcm_token_updated_at,
        s1_0.gstno,
        s1_0.lastname,
        s1_0.latitude,
        s1_0.longitude,
        ma1_0.id,
        ma1_0.master_admin_email_server_password,
        ma1_0.email,
        ma1_0.mobileno,
        ma1_0.name,
        ma1_0.password,
        ma1_0.profile_img,
        ma1_0.roll,
        s1_0.name,
        s1_0.notifications_enabled,
        s1_0.package_count,
        s1_0.package_type,
        s1_0.password,
        s1_0.phoneno,
        s1_0.registercompanyname,
        s1_0.roll,
        s1_0.signature,
        s1_0.stamp_img,
        s1_0.status 
    from
        employee e1_0 
    left join
        subadmin s1_0 
            on s1_0.id=e1_0.subadmin_id 
    left join
        master_admin ma1_0 
            on ma1_0.id=s1_0.master_admin_id 
    where
        e1_0.emp_id=?
⚠️ Duplicate punch IN ignored - keeping first punch: 19:34:00
🔄 arbaj shaikh - 13:40:04 - IN [Device: BOCK194960340] (Processing...)
Hibernate: 
    select
        e1_0.emp_id,
        e1_0.aadhar_no,
        e1_0.address,
        e1_0.adharimg,
        e1_0.bank_account_no,
        e1_0.bank_ifsc_code,
        e1_0.bank_name,
        e1_0.birth_date,
        e1_0.blood_group,
        e1_0.branch_name,
        e1_0.department,
        e1_0.device_serial_number,
        e1_0.education,
        e1_0.email,
        e1_0.empimg,
        e1_0.fcm_token,
        e1_0.fcm_token_updated_at,
        e1_0.first_name,
        e1_0.full_name,
        e1_0.gender,
        e1_0.job_role,
        e1_0.joining_date,
        e1_0.last_latitude,
        e1_0.last_longitude,
        e1_0.last_name,
        e1_0.latitude,
        e1_0.longitude,
        e1_0.notifications_enabled,
        e1_0.pan_card,
        e1_0.panimg,
        e1_0.password,
        e1_0.phone,
        e1_0.role,
        e1_0.salary,
        e1_0.status,
        s1_0.id,
        s1_0.address,
        s1_0.cinno,
        s1_0.companylogo,
        s1_0.companyurl,
        s1_0.device_serial_number,
        s1_0.email,
        s1_0.email_server_password,
        s1_0.fcm_token,
        s1_0.fcm_token_updated_at,
        s1_0.gstno,
        s1_0.lastname,
        s1_0.latitude,
        s1_0.longitude,
        ma1_0.id,
        ma1_0.master_admin_email_server_password,
        ma1_0.email,
        ma1_0.mobileno,
        ma1_0.name,
        ma1_0.password,
        ma1_0.profile_img,
        ma1_0.roll,
        s1_0.name,
        s1_0.notifications_enabled,
        s1_0.package_count,
        s1_0.package_type,
        s1_0.password,
        s1_0.phoneno,
        s1_0.registercompanyname,
        s1_0.roll,
        s1_0.signature,
        s1_0.stamp_img,
        s1_0.status 
    from
        employee e1_0 
    left join
        subadmin s1_0 
            on s1_0.id=e1_0.subadmin_id 
    left join
        master_admin ma1_0 
            on ma1_0.id=s1_0.master_admin_id 
    where
        e1_0.emp_id=?
Hibernate: 
    select
        a1_0.id,
        a1_0.attendance_source,
        a1_0.attendance_type,
        a1_0.biometric_device_id,
        a1_0.biometric_user_id,
        a1_0.break_duration,
        a1_0.date,
        a1_0.device_serial,
        a1_0.employee_id,
        a1_0.field_location,
        a1_0.image_path,
        a1_0.lunch_in_time,
        a1_0.lunch_out_time,
        a1_0.lunch_punch_in,
        a1_0.lunch_punch_out,
        a1_0.punch_in,
        a1_0.punch_in_time,
        a1_0.punch_out,
        a1_0.punch_out_time,
        a1_0.punch_source,
        a1_0.raw_data,
        a1_0.reason,
        a1_0.status,
        a1_0.verify_type,
        a1_0.work_description,
        a1_0.work_type,
        a1_0.working_hours 
    from
        attendance a1_0 
    where
        a1_0.employee_id=? 
        and a1_0.date=?
Hibernate: 
    select
        e1_0.emp_id,
        e1_0.aadhar_no,
        e1_0.address,
        e1_0.adharimg,
        e1_0.bank_account_no,
        e1_0.bank_ifsc_code,
        e1_0.bank_name,
        e1_0.birth_date,
        e1_0.blood_group,
        e1_0.branch_name,
        e1_0.department,
        e1_0.device_serial_number,
        e1_0.education,
        e1_0.email,
        e1_0.empimg,
        e1_0.fcm_token,
        e1_0.fcm_token_updated_at,
        e1_0.first_name,
        e1_0.full_name,
        e1_0.gender,
        e1_0.job_role,
        e1_0.joining_date,
        e1_0.last_latitude,
        e1_0.last_longitude,
        e1_0.last_name,
        e1_0.latitude,
        e1_0.longitude,
        e1_0.notifications_enabled,
        e1_0.pan_card,
        e1_0.panimg,
        e1_0.password,
        e1_0.phone,
        e1_0.role,
        e1_0.salary,
        e1_0.status,
        s1_0.id,
        s1_0.address,
        s1_0.cinno,
        s1_0.companylogo,
        s1_0.companyurl,
        s1_0.device_serial_number,
        s1_0.email,
        s1_0.email_server_password,
        s1_0.fcm_token,
        s1_0.fcm_token_updated_at,
        s1_0.gstno,
        s1_0.lastname,
        s1_0.latitude,
        s1_0.longitude,
        ma1_0.id,
        ma1_0.master_admin_email_server_password,
        ma1_0.email,
        ma1_0.mobileno,
        ma1_0.name,
        ma1_0.password,
        ma1_0.profile_img,
        ma1_0.roll,
        s1_0.name,
        s1_0.notifications_enabled,
        s1_0.package_count,
        s1_0.package_type,
        s1_0.password,
        s1_0.phoneno,
        s1_0.registercompanyname,
        s1_0.roll,
        s1_0.signature,
        s1_0.stamp_img,
        s1_0.status 
    from
        employee e1_0 
    left join
        subadmin s1_0 
            on s1_0.id=e1_0.subadmin_id 
    left join
        master_admin ma1_0 
            on ma1_0.id=s1_0.master_admin_id 
    where
        e1_0.emp_id=?
⚠️ Duplicate punch IN ignored - keeping first punch: 19:34:00
🔄 arbaj shaikh - 13:42:05 - IN [Device: BOCK194960340] (Processing...)
Hibernate: 
    select
        e1_0.emp_id,
        e1_0.aadhar_no,
        e1_0.address,
        e1_0.adharimg,
        e1_0.bank_account_no,
        e1_0.bank_ifsc_code,
        e1_0.bank_name,
        e1_0.birth_date,
        e1_0.blood_group,
        e1_0.branch_name,
        e1_0.department,
        e1_0.device_serial_number,
        e1_0.education,
        e1_0.email,
        e1_0.empimg,
        e1_0.fcm_token,
        e1_0.fcm_token_updated_at,
        e1_0.first_name,
        e1_0.full_name,
        e1_0.gender,
        e1_0.job_role,
        e1_0.joining_date,
        e1_0.last_latitude,
        e1_0.last_longitude,
        e1_0.last_name,
        e1_0.latitude,
        e1_0.longitude,
        e1_0.notifications_enabled,
        e1_0.pan_card,
        e1_0.panimg,
        e1_0.password,
        e1_0.phone,
        e1_0.role,
        e1_0.salary,
        e1_0.status,
        s1_0.id,
        s1_0.address,
        s1_0.cinno,
        s1_0.companylogo,
        s1_0.companyurl,
        s1_0.device_serial_number,
        s1_0.email,
        s1_0.email_server_password,
        s1_0.fcm_token,
        s1_0.fcm_token_updated_at,
        s1_0.gstno,
        s1_0.lastname,
        s1_0.latitude,
        s1_0.longitude,
        ma1_0.id,
        ma1_0.master_admin_email_server_password,
        ma1_0.email,
        ma1_0.mobileno,
        ma1_0.name,
        ma1_0.password,
        ma1_0.profile_img,
        ma1_0.roll,
        s1_0.name,
        s1_0.notifications_enabled,
        s1_0.package_count,
        s1_0.package_type,
        s1_0.password,
        s1_0.phoneno,
        s1_0.registercompanyname,
        s1_0.roll,
        s1_0.signature,
        s1_0.stamp_img,
        s1_0.status 
    from
        employee e1_0 
    left join
        subadmin s1_0 
            on s1_0.id=e1_0.subadmin_id 
    left join
        master_admin ma1_0 
            on ma1_0.id=s1_0.master_admin_id 
    where
        e1_0.emp_id=?
Hibernate: 
    select
        a1_0.id,
        a1_0.attendance_source,
        a1_0.attendance_type,
        a1_0.biometric_device_id,
        a1_0.biometric_user_id,
        a1_0.break_duration,
        a1_0.date,
        a1_0.device_serial,
        a1_0.employee_id,
        a1_0.field_location,
        a1_0.image_path,
        a1_0.lunch_in_time,
        a1_0.lunch_out_time,
        a1_0.lunch_punch_in,
        a1_0.lunch_punch_out,
        a1_0.punch_in,
        a1_0.punch_in_time,
        a1_0.punch_out,
        a1_0.punch_out_time,
        a1_0.punch_source,
        a1_0.raw_data,
        a1_0.reason,
        a1_0.status,
        a1_0.verify_type,
        a1_0.work_description,
        a1_0.work_type,
        a1_0.working_hours 
    from
        attendance a1_0 
    where
        a1_0.employee_id=? 
        and a1_0.date=?
Hibernate: 
    select
        e1_0.emp_id,
        e1_0.aadhar_no,
        e1_0.address,
        e1_0.adharimg,
        e1_0.bank_account_no,
        e1_0.bank_ifsc_code,
        e1_0.bank_name,
        e1_0.birth_date,
        e1_0.blood_group,
        e1_0.branch_name,
        e1_0.department,
        e1_0.device_serial_number,
        e1_0.education,
        e1_0.email,
        e1_0.empimg,
        e1_0.fcm_token,
        e1_0.fcm_token_updated_at,
        e1_0.first_name,
        e1_0.full_name,
        e1_0.gender,
        e1_0.job_role,
        e1_0.joining_date,
        e1_0.last_latitude,
        e1_0.last_longitude,
        e1_0.last_name,
        e1_0.latitude,
        e1_0.longitude,
        e1_0.notifications_enabled,
        e1_0.pan_card,
        e1_0.panimg,
        e1_0.password,
        e1_0.phone,
        e1_0.role,
        e1_0.salary,
        e1_0.status,
        s1_0.id,
        s1_0.address,
        s1_0.cinno,
        s1_0.companylogo,
        s1_0.companyurl,
        s1_0.device_serial_number,
        s1_0.email,
        s1_0.email_server_password,
        s1_0.fcm_token,
        s1_0.fcm_token_updated_at,
        s1_0.gstno,
        s1_0.lastname,
        s1_0.latitude,
        s1_0.longitude,
        ma1_0.id,
        ma1_0.master_admin_email_server_password,
        ma1_0.email,
        ma1_0.mobileno,
        ma1_0.name,
        ma1_0.password,
        ma1_0.profile_img,
        ma1_0.roll,
        s1_0.name,
        s1_0.notifications_enabled,
        s1_0.package_count,
        s1_0.package_type,
        s1_0.password,
        s1_0.phoneno,
        s1_0.registercompanyname,
        s1_0.roll,
        s1_0.signature,
        s1_0.stamp_img,
        s1_0.status 
    from
        employee e1_0 
    left join
        subadmin s1_0 
            on s1_0.id=e1_0.subadmin_id 
    left join
        master_admin ma1_0 
            on ma1_0.id=s1_0.master_admin_id 
    where
        e1_0.emp_id=?
⚠️ Duplicate punch IN ignored - keeping first punch: 19:34:00
🔄 arbaj shaikh - 13:58:57 - IN [Device: BOCK194960340] (Processing...)
Hibernate: 
    select
        e1_0.emp_id,
        e1_0.aadhar_no,
        e1_0.address,
        e1_0.adharimg,
        e1_0.bank_account_no,
        e1_0.bank_ifsc_code,
        e1_0.bank_name,
        e1_0.birth_date,
        e1_0.blood_group,
        e1_0.branch_name,
        e1_0.department,
        e1_0.device_serial_number,
        e1_0.education,
        e1_0.email,
        e1_0.empimg,
        e1_0.fcm_token,
        e1_0.fcm_token_updated_at,
        e1_0.first_name,
        e1_0.full_name,
        e1_0.gender,
        e1_0.job_role,
        e1_0.joining_date,
        e1_0.last_latitude,
        e1_0.last_longitude,
        e1_0.last_name,
        e1_0.latitude,
        e1_0.longitude,
        e1_0.notifications_enabled,
        e1_0.pan_card,
        e1_0.panimg,
        e1_0.password,
        e1_0.phone,
        e1_0.role,
        e1_0.salary,
        e1_0.status,
        s1_0.id,
        s1_0.address,
        s1_0.cinno,
        s1_0.companylogo,
        s1_0.companyurl,
        s1_0.device_serial_number,
        s1_0.email,
        s1_0.email_server_password,
        s1_0.fcm_token,
        s1_0.fcm_token_updated_at,
        s1_0.gstno,
        s1_0.lastname,
        s1_0.latitude,
        s1_0.longitude,
        ma1_0.id,
        ma1_0.master_admin_email_server_password,
        ma1_0.email,
        ma1_0.mobileno,
        ma1_0.name,
        ma1_0.password,
        ma1_0.profile_img,
        ma1_0.roll,
        s1_0.name,
        s1_0.notifications_enabled,
        s1_0.package_count,
        s1_0.package_type,
        s1_0.password,
        s1_0.phoneno,
        s1_0.registercompanyname,
        s1_0.roll,
        s1_0.signature,
        s1_0.stamp_img,
        s1_0.status 
    from
        employee e1_0 
    left join
        subadmin s1_0 
            on s1_0.id=e1_0.subadmin_id 
    left join
        master_admin ma1_0 
            on ma1_0.id=s1_0.master_admin_id 
    where
        e1_0.emp_id=?
Hibernate: 
    select
        a1_0.id,
        a1_0.attendance_source,
        a1_0.attendance_type,
        a1_0.biometric_device_id,
        a1_0.biometric_user_id,
        a1_0.break_duration,
        a1_0.date,
        a1_0.device_serial,
        a1_0.employee_id,
        a1_0.field_location,
        a1_0.image_path,
        a1_0.lunch_in_time,
        a1_0.lunch_out_time,
        a1_0.lunch_punch_in,
        a1_0.lunch_punch_out,
        a1_0.punch_in,
        a1_0.punch_in_time,
        a1_0.punch_out,
        a1_0.punch_out_time,
        a1_0.punch_source,
        a1_0.raw_data,
        a1_0.reason,
        a1_0.status,
        a1_0.verify_type,
        a1_0.work_description,
        a1_0.work_type,
        a1_0.working_hours 
    from
        attendance a1_0 
    where
        a1_0.employee_id=? 
        and a1_0.date=?
Hibernate: 
    select
        e1_0.emp_id,
        e1_0.aadhar_no,
        e1_0.address,
        e1_0.adharimg,
        e1_0.bank_account_no,
        e1_0.bank_ifsc_code,
        e1_0.bank_name,
        e1_0.birth_date,
        e1_0.blood_group,
        e1_0.branch_name,
        e1_0.department,
        e1_0.device_serial_number,
        e1_0.education,
        e1_0.email,
        e1_0.empimg,
        e1_0.fcm_token,
        e1_0.fcm_token_updated_at,
        e1_0.first_name,
        e1_0.full_name,
        e1_0.gender,
        e1_0.job_role,
        e1_0.joining_date,
        e1_0.last_latitude,
        e1_0.last_longitude,
        e1_0.last_name,
        e1_0.latitude,
        e1_0.longitude,
        e1_0.notifications_enabled,
        e1_0.pan_card,
        e1_0.panimg,
        e1_0.password,
        e1_0.phone,
        e1_0.role,
        e1_0.salary,
        e1_0.status,
        s1_0.id,
        s1_0.address,
        s1_0.cinno,
        s1_0.companylogo,
        s1_0.companyurl,
        s1_0.device_serial_number,
        s1_0.email,
        s1_0.email_server_password,
        s1_0.fcm_token,
        s1_0.fcm_token_updated_at,
        s1_0.gstno,
        s1_0.lastname,
        s1_0.latitude,
        s1_0.longitude,
        ma1_0.id,
        ma1_0.master_admin_email_server_password,
        ma1_0.email,
        ma1_0.mobileno,
        ma1_0.name,
        ma1_0.password,
        ma1_0.profile_img,
        ma1_0.roll,
        s1_0.name,
        s1_0.notifications_enabled,
        s1_0.package_count,
        s1_0.package_type,
        s1_0.password,
        s1_0.phoneno,
        s1_0.registercompanyname,
        s1_0.roll,
        s1_0.signature,
        s1_0.stamp_img,
        s1_0.status 
    from
        employee e1_0 
    left join
        subadmin s1_0 
            on s1_0.id=e1_0.subadmin_id 
    left join
        master_admin ma1_0 
            on ma1_0.id=s1_0.master_admin_id 
    where
        e1_0.emp_id=?
⚠️ Duplicate punch IN ignored - keeping first punch: 19:34:00
🔄 arbaj shaikh - 13:59:36 - IN [Device: BOCK194960340] (Processing...)
Hibernate: 
    select
        e1_0.emp_id,
        e1_0.aadhar_no,
        e1_0.address,
        e1_0.adharimg,
        e1_0.bank_account_no,
        e1_0.bank_ifsc_code,
        e1_0.bank_name,
        e1_0.birth_date,
        e1_0.blood_group,
        e1_0.branch_name,
        e1_0.department,
        e1_0.device_serial_number,
        e1_0.education,
        e1_0.email,
        e1_0.empimg,
        e1_0.fcm_token,
        e1_0.fcm_token_updated_at,
        e1_0.first_name,
        e1_0.full_name,
        e1_0.gender,
        e1_0.job_role,
        e1_0.joining_date,
        e1_0.last_latitude,
        e1_0.last_longitude,
        e1_0.last_name,
        e1_0.latitude,
        e1_0.longitude,
        e1_0.notifications_enabled,
        e1_0.pan_card,
        e1_0.panimg,
        e1_0.password,
        e1_0.phone,
        e1_0.role,
        e1_0.salary,
        e1_0.status,
        s1_0.id,
        s1_0.address,
        s1_0.cinno,
        s1_0.companylogo,
        s1_0.companyurl,
        s1_0.device_serial_number,
        s1_0.email,
        s1_0.email_server_password,
        s1_0.fcm_token,
        s1_0.fcm_token_updated_at,
        s1_0.gstno,
        s1_0.lastname,
        s1_0.latitude,
        s1_0.longitude,
        ma1_0.id,
        ma1_0.master_admin_email_server_password,
        ma1_0.email,
        ma1_0.mobileno,
        ma1_0.name,
        ma1_0.password,
        ma1_0.profile_img,
        ma1_0.roll,
        s1_0.name,
        s1_0.notifications_enabled,
        s1_0.package_count,
        s1_0.package_type,
        s1_0.password,
        s1_0.phoneno,
        s1_0.registercompanyname,
        s1_0.roll,
        s1_0.signature,
        s1_0.stamp_img,
        s1_0.status 
    from
        employee e1_0 
    left join
        subadmin s1_0 
            on s1_0.id=e1_0.subadmin_id 
    left join
        master_admin ma1_0 
            on ma1_0.id=s1_0.master_admin_id 
    where
        e1_0.emp_id=?
Hibernate: 
    select
        a1_0.id,
        a1_0.attendance_source,
        a1_0.attendance_type,
        a1_0.biometric_device_id,
        a1_0.biometric_user_id,
        a1_0.break_duration,
        a1_0.date,
        a1_0.device_serial,
        a1_0.employee_id,
        a1_0.field_location,
        a1_0.image_path,
        a1_0.lunch_in_time,
        a1_0.lunch_out_time,
        a1_0.lunch_punch_in,
        a1_0.lunch_punch_out,
        a1_0.punch_in,
        a1_0.punch_in_time,
        a1_0.punch_out,
        a1_0.punch_out_time,
        a1_0.punch_source,
        a1_0.raw_data,
        a1_0.reason,
        a1_0.status,
        a1_0.verify_type,
        a1_0.work_description,
        a1_0.work_type,
        a1_0.working_hours 
    from
        attendance a1_0 
    where
        a1_0.employee_id=? 
        and a1_0.date=?
Hibernate: 
    select
        e1_0.emp_id,
        e1_0.aadhar_no,
        e1_0.address,
        e1_0.adharimg,
        e1_0.bank_account_no,
        e1_0.bank_ifsc_code,
        e1_0.bank_name,
        e1_0.birth_date,
        e1_0.blood_group,
        e1_0.branch_name,
        e1_0.department,
        e1_0.device_serial_number,
        e1_0.education,
        e1_0.email,
        e1_0.empimg,
        e1_0.fcm_token,
        e1_0.fcm_token_updated_at,
        e1_0.first_name,
        e1_0.full_name,
        e1_0.gender,
        e1_0.job_role,
        e1_0.joining_date,
        e1_0.last_latitude,
        e1_0.last_longitude,
        e1_0.last_name,
        e1_0.latitude,
        e1_0.longitude,
        e1_0.notifications_enabled,
        e1_0.pan_card,
        e1_0.panimg,
        e1_0.password,
        e1_0.phone,
        e1_0.role,
        e1_0.salary,
        e1_0.status,
        s1_0.id,
        s1_0.address,
        s1_0.cinno,
        s1_0.companylogo,
        s1_0.companyurl,
        s1_0.device_serial_number,
        s1_0.email,
        s1_0.email_server_password,
        s1_0.fcm_token,
        s1_0.fcm_token_updated_at,
        s1_0.gstno,
        s1_0.lastname,
        s1_0.latitude,
        s1_0.longitude,
        ma1_0.id,
        ma1_0.master_admin_email_server_password,
        ma1_0.email,
        ma1_0.mobileno,
        ma1_0.name,
        ma1_0.password,
        ma1_0.profile_img,
        ma1_0.roll,
        s1_0.name,
        s1_0.notifications_enabled,
        s1_0.package_count,
        s1_0.package_type,
        s1_0.password,
        s1_0.phoneno,
        s1_0.registercompanyname,
        s1_0.roll,
        s1_0.signature,
        s1_0.stamp_img,
        s1_0.status 
    from
        employee e1_0 
    left join
        subadmin s1_0 
            on s1_0.id=e1_0.subadmin_id 
    left join
        master_admin ma1_0 
            on ma1_0.id=s1_0.master_admin_id 
    where
        e1_0.emp_id=?
⚠️ Duplicate punch IN ignored - keeping first punch: 19:34:00
🔄 arbaj shaikh - 16:16:05 - IN [Device: BOCK194960340] (Processing...)
Hibernate: 
    select
        e1_0.emp_id,
        e1_0.aadhar_no,
        e1_0.address,
        e1_0.adharimg,
        e1_0.bank_account_no,
        e1_0.bank_ifsc_code,
        e1_0.bank_name,
        e1_0.birth_date,
        e1_0.blood_group,
        e1_0.branch_name,
        e1_0.department,
        e1_0.device_serial_number,
        e1_0.education,
        e1_0.email,
        e1_0.empimg,
        e1_0.fcm_token,
        e1_0.fcm_token_updated_at,
        e1_0.first_name,
        e1_0.full_name,
        e1_0.gender,
        e1_0.job_role,
        e1_0.joining_date,
        e1_0.last_latitude,
        e1_0.last_longitude,
        e1_0.last_name,
        e1_0.latitude,
        e1_0.longitude,
        e1_0.notifications_enabled,
        e1_0.pan_card,
        e1_0.panimg,
        e1_0.password,
        e1_0.phone,
        e1_0.role,
        e1_0.salary,
        e1_0.status,
        s1_0.id,
        s1_0.address,
        s1_0.cinno,
        s1_0.companylogo,
        s1_0.companyurl,
        s1_0.device_serial_number,
        s1_0.email,
        s1_0.email_server_password,
        s1_0.fcm_token,
        s1_0.fcm_token_updated_at,
        s1_0.gstno,
        s1_0.lastname,
        s1_0.latitude,
        s1_0.longitude,
        ma1_0.id,
        ma1_0.master_admin_email_server_password,
        ma1_0.email,
        ma1_0.mobileno,
        ma1_0.name,
        ma1_0.password,
        ma1_0.profile_img,
        ma1_0.roll,
        s1_0.name,
        s1_0.notifications_enabled,
        s1_0.package_count,
        s1_0.package_type,
        s1_0.password,
        s1_0.phoneno,
        s1_0.registercompanyname,
        s1_0.roll,
        s1_0.signature,
        s1_0.stamp_img,
        s1_0.status 
    from
        employee e1_0 
    left join
        subadmin s1_0 
            on s1_0.id=e1_0.subadmin_id 
    left join
        master_admin ma1_0 
            on ma1_0.id=s1_0.master_admin_id 
    where
        e1_0.emp_id=?
Hibernate: 
    select
        a1_0.id,
        a1_0.attendance_source,
        a1_0.attendance_type,
        a1_0.biometric_device_id,
        a1_0.biometric_user_id,
        a1_0.break_duration,
        a1_0.date,
        a1_0.device_serial,
        a1_0.employee_id,
        a1_0.field_location,
        a1_0.image_path,
        a1_0.lunch_in_time,
        a1_0.lunch_out_time,
        a1_0.lunch_punch_in,
        a1_0.lunch_punch_out,
        a1_0.punch_in,
        a1_0.punch_in_time,
        a1_0.punch_out,
        a1_0.punch_out_time,
        a1_0.punch_source,
        a1_0.raw_data,
        a1_0.reason,
        a1_0.status,
        a1_0.verify_type,
        a1_0.work_description,
        a1_0.work_type,
        a1_0.working_hours 
    from
        attendance a1_0 
    where
        a1_0.employee_id=? 
        and a1_0.date=?
Hibernate: 
    select
        e1_0.emp_id,
        e1_0.aadhar_no,
        e1_0.address,
        e1_0.adharimg,
        e1_0.bank_account_no,
        e1_0.bank_ifsc_code,
        e1_0.bank_name,
        e1_0.birth_date,
        e1_0.blood_group,
        e1_0.branch_name,
        e1_0.department,
        e1_0.device_serial_number,
        e1_0.education,
        e1_0.email,
        e1_0.empimg,
        e1_0.fcm_token,
        e1_0.fcm_token_updated_at,
        e1_0.first_name,
        e1_0.full_name,
        e1_0.gender,
        e1_0.job_role,
        e1_0.joining_date,
        e1_0.last_latitude,
        e1_0.last_longitude,
        e1_0.last_name,
        e1_0.latitude,
        e1_0.longitude,
        e1_0.notifications_enabled,
        e1_0.pan_card,
        e1_0.panimg,
        e1_0.password,
        e1_0.phone,
        e1_0.role,
        e1_0.salary,
        e1_0.status,
        s1_0.id,
        s1_0.address,
        s1_0.cinno,
        s1_0.companylogo,
        s1_0.companyurl,
        s1_0.device_serial_number,
        s1_0.email,
        s1_0.email_server_password,
        s1_0.fcm_token,
        s1_0.fcm_token_updated_at,
        s1_0.gstno,
        s1_0.lastname,
        s1_0.latitude,
        s1_0.longitude,
        ma1_0.id,
        ma1_0.master_admin_email_server_password,
        ma1_0.email,
        ma1_0.mobileno,
        ma1_0.name,
        ma1_0.password,
        ma1_0.profile_img,
        ma1_0.roll,
        s1_0.name,
        s1_0.notifications_enabled,
        s1_0.package_count,
        s1_0.package_type,
        s1_0.password,
        s1_0.phoneno,
        s1_0.registercompanyname,
        s1_0.roll,
        s1_0.signature,
        s1_0.stamp_img,
        s1_0.status 
    from
        employee e1_0 
    left join
        subadmin s1_0 
            on s1_0.id=e1_0.subadmin_id 
    left join
        master_admin ma1_0 
            on ma1_0.id=s1_0.master_admin_id 
    where
        e1_0.emp_id=?
⚠️ Duplicate punch IN ignored - keeping first punch: 19:34:00
🔄 arbaj shaikh - 16:24:47 - IN [Device: BOCK194960340] (Processing...)
Hibernate: 
    select
        e1_0.emp_id,
        e1_0.aadhar_no,
        e1_0.address,
        e1_0.adharimg,
        e1_0.bank_account_no,
        e1_0.bank_ifsc_code,
        e1_0.bank_name,
        e1_0.birth_date,
        e1_0.blood_group,
        e1_0.branch_name,
        e1_0.department,
        e1_0.device_serial_number,
        e1_0.education,
        e1_0.email,
        e1_0.empimg,
        e1_0.fcm_token,
        e1_0.fcm_token_updated_at,
        e1_0.first_name,
        e1_0.full_name,
        e1_0.gender,
        e1_0.job_role,
        e1_0.joining_date,
        e1_0.last_latitude,
        e1_0.last_longitude,
        e1_0.last_name,
        e1_0.latitude,
        e1_0.longitude,
        e1_0.notifications_enabled,
        e1_0.pan_card,
        e1_0.panimg,
        e1_0.password,
        e1_0.phone,
        e1_0.role,
        e1_0.salary,
        e1_0.status,
        s1_0.id,
        s1_0.address,
        s1_0.cinno,
        s1_0.companylogo,
        s1_0.companyurl,
        s1_0.device_serial_number,
        s1_0.email,
        s1_0.email_server_password,
        s1_0.fcm_token,
        s1_0.fcm_token_updated_at,
        s1_0.gstno,
        s1_0.lastname,
        s1_0.latitude,
        s1_0.longitude,
        ma1_0.id,
        ma1_0.master_admin_email_server_password,
        ma1_0.email,
        ma1_0.mobileno,
        ma1_0.name,
        ma1_0.password,
        ma1_0.profile_img,
        ma1_0.roll,
        s1_0.name,
        s1_0.notifications_enabled,
        s1_0.package_count,
        s1_0.package_type,
        s1_0.password,
        s1_0.phoneno,
        s1_0.registercompanyname,
        s1_0.roll,
        s1_0.signature,
        s1_0.stamp_img,
        s1_0.status 
    from
        employee e1_0 
    left join
        subadmin s1_0 
            on s1_0.id=e1_0.subadmin_id 
    left join
        master_admin ma1_0 
            on ma1_0.id=s1_0.master_admin_id 
    where
        e1_0.emp_id=?
Hibernate: 
    select
        a1_0.id,
        a1_0.attendance_source,
        a1_0.attendance_type,
        a1_0.biometric_device_id,
        a1_0.biometric_user_id,
        a1_0.break_duration,
        a1_0.date,
        a1_0.device_serial,
        a1_0.employee_id,
        a1_0.field_location,
        a1_0.image_path,
        a1_0.lunch_in_time,
        a1_0.lunch_out_time,
        a1_0.lunch_punch_in,
        a1_0.lunch_punch_out,
        a1_0.punch_in,
        a1_0.punch_in_time,
        a1_0.punch_out,
        a1_0.punch_out_time,
        a1_0.punch_source,
        a1_0.raw_data,
        a1_0.reason,
        a1_0.status,
        a1_0.verify_type,
        a1_0.work_description,
        a1_0.work_type,
        a1_0.working_hours 
    from
        attendance a1_0 
    where
        a1_0.employee_id=? 
        and a1_0.date=?
Hibernate: 
    select
        e1_0.emp_id,
        e1_0.aadhar_no,
        e1_0.address,
        e1_0.adharimg,
        e1_0.bank_account_no,
        e1_0.bank_ifsc_code,
        e1_0.bank_name,
        e1_0.birth_date,
        e1_0.blood_group,
        e1_0.branch_name,
        e1_0.department,
        e1_0.device_serial_number,
        e1_0.education,
        e1_0.email,
        e1_0.empimg,
        e1_0.fcm_token,
        e1_0.fcm_token_updated_at,
        e1_0.first_name,
        e1_0.full_name,
        e1_0.gender,
        e1_0.job_role,
        e1_0.joining_date,
        e1_0.last_latitude,
        e1_0.last_longitude,
        e1_0.last_name,
        e1_0.latitude,
        e1_0.longitude,
        e1_0.notifications_enabled,
        e1_0.pan_card,
        e1_0.panimg,
        e1_0.password,
        e1_0.phone,
        e1_0.role,
        e1_0.salary,
        e1_0.status,
        s1_0.id,
        s1_0.address,
        s1_0.cinno,
        s1_0.companylogo,
        s1_0.companyurl,
        s1_0.device_serial_number,
        s1_0.email,
        s1_0.email_server_password,
        s1_0.fcm_token,
        s1_0.fcm_token_updated_at,
        s1_0.gstno,
        s1_0.lastname,
        s1_0.latitude,
        s1_0.longitude,
        ma1_0.id,
        ma1_0.master_admin_email_server_password,
        ma1_0.email,
        ma1_0.mobileno,
        ma1_0.name,
        ma1_0.password,
        ma1_0.profile_img,
        ma1_0.roll,
        s1_0.name,
        s1_0.notifications_enabled,
        s1_0.package_count,
        s1_0.package_type,
        s1_0.password,
        s1_0.phoneno,
        s1_0.registercompanyname,
        s1_0.roll,
        s1_0.signature,
        s1_0.stamp_img,
        s1_0.status 
    from
        employee e1_0 
    left join
        subadmin s1_0 
            on s1_0.id=e1_0.subadmin_id 
    left join
        master_admin ma1_0 
            on ma1_0.id=s1_0.master_admin_id 
    where
        e1_0.emp_id=?
⚠️ Duplicate punch IN ignored - keeping first punch: 19:34:00
🔄 arbaj shaikh - 17:14:02 - IN [Device: BOCK194960340] (Processing...)
Hibernate: 
    select
        e1_0.emp_id,
        e1_0.aadhar_no,
        e1_0.address,
        e1_0.adharimg,
        e1_0.bank_account_no,
        e1_0.bank_ifsc_code,
        e1_0.bank_name,
        e1_0.birth_date,
        e1_0.blood_group,
        e1_0.branch_name,
        e1_0.department,
        e1_0.device_serial_number,
        e1_0.education,
        e1_0.email,
        e1_0.empimg,
        e1_0.fcm_token,
        e1_0.fcm_token_updated_at,
        e1_0.first_name,
        e1_0.full_name,
        e1_0.gender,
        e1_0.job_role,
        e1_0.joining_date,
        e1_0.last_latitude,
        e1_0.last_longitude,
        e1_0.last_name,
        e1_0.latitude,
        e1_0.longitude,
        e1_0.notifications_enabled,
        e1_0.pan_card,
        e1_0.panimg,
        e1_0.password,
        e1_0.phone,
        e1_0.role,
        e1_0.salary,
        e1_0.status,
        s1_0.id,
        s1_0.address,
        s1_0.cinno,
        s1_0.companylogo,
        s1_0.companyurl,
        s1_0.device_serial_number,
        s1_0.email,
        s1_0.email_server_password,
        s1_0.fcm_token,
        s1_0.fcm_token_updated_at,
        s1_0.gstno,
        s1_0.lastname,
        s1_0.latitude,
        s1_0.longitude,
        ma1_0.id,
        ma1_0.master_admin_email_server_password,
        ma1_0.email,
        ma1_0.mobileno,
        ma1_0.name,
        ma1_0.password,
        ma1_0.profile_img,
        ma1_0.roll,
        s1_0.name,
        s1_0.notifications_enabled,
        s1_0.package_count,
        s1_0.package_type,
        s1_0.password,
        s1_0.phoneno,
        s1_0.registercompanyname,
        s1_0.roll,
        s1_0.signature,
        s1_0.stamp_img,
        s1_0.status 
    from
        employee e1_0 
    left join
        subadmin s1_0 
            on s1_0.id=e1_0.subadmin_id 
    left join
        master_admin ma1_0 
            on ma1_0.id=s1_0.master_admin_id 
    where
        e1_0.emp_id=?
Hibernate: 
    select
        a1_0.id,
        a1_0.attendance_source,
        a1_0.attendance_type,
        a1_0.biometric_device_id,
        a1_0.biometric_user_id,
        a1_0.break_duration,
        a1_0.date,
        a1_0.device_serial,
        a1_0.employee_id,
        a1_0.field_location,
        a1_0.image_path,
        a1_0.lunch_in_time,
        a1_0.lunch_out_time,
        a1_0.lunch_punch_in,
        a1_0.lunch_punch_out,
        a1_0.punch_in,
        a1_0.punch_in_time,
        a1_0.punch_out,
        a1_0.punch_out_time,
        a1_0.punch_source,
        a1_0.raw_data,
        a1_0.reason,
        a1_0.status,
        a1_0.verify_type,
        a1_0.work_description,
        a1_0.work_type,
        a1_0.working_hours 
    from
        attendance a1_0 
    where
        a1_0.employee_id=? 
        and a1_0.date=?
Hibernate: 
    select
        e1_0.emp_id,
        e1_0.aadhar_no,
        e1_0.address,
        e1_0.adharimg,
        e1_0.bank_account_no,
        e1_0.bank_ifsc_code,
        e1_0.bank_name,
        e1_0.birth_date,
        e1_0.blood_group,
        e1_0.branch_name,
        e1_0.department,
        e1_0.device_serial_number,
        e1_0.education,
        e1_0.email,
        e1_0.empimg,
        e1_0.fcm_token,
        e1_0.fcm_token_updated_at,
        e1_0.first_name,
        e1_0.full_name,
        e1_0.gender,
        e1_0.job_role,
        e1_0.joining_date,
        e1_0.last_latitude,
        e1_0.last_longitude,
        e1_0.last_name,
        e1_0.latitude,
        e1_0.longitude,
        e1_0.notifications_enabled,
        e1_0.pan_card,
        e1_0.panimg,
        e1_0.password,
        e1_0.phone,
        e1_0.role,
        e1_0.salary,
        e1_0.status,
        s1_0.id,
        s1_0.address,
        s1_0.cinno,
        s1_0.companylogo,
        s1_0.companyurl,
        s1_0.device_serial_number,
        s1_0.email,
        s1_0.email_server_password,
        s1_0.fcm_token,
        s1_0.fcm_token_updated_at,
        s1_0.gstno,
        s1_0.lastname,
        s1_0.latitude,
        s1_0.longitude,
        ma1_0.id,
        ma1_0.master_admin_email_server_password,
        ma1_0.email,
        ma1_0.mobileno,
        ma1_0.name,
        ma1_0.password,
        ma1_0.profile_img,
        ma1_0.roll,
        s1_0.name,
        s1_0.notifications_enabled,
        s1_0.package_count,
        s1_0.package_type,
        s1_0.password,
        s1_0.phoneno,
        s1_0.registercompanyname,
        s1_0.roll,
        s1_0.signature,
        s1_0.stamp_img,
        s1_0.status 
    from
        employee e1_0 
    left join
        subadmin s1_0 
            on s1_0.id=e1_0.subadmin_id 
    left join
        master_admin ma1_0 
            on ma1_0.id=s1_0.master_admin_id 
    where
        e1_0.emp_id=?
⚠️ Duplicate punch IN ignored - keeping first punch: 19:34:00
🔄 arbaj shaikh - 17:14:20 - IN [Device: BOCK194960340] (Processing...)
Hibernate: 
    select
        e1_0.emp_id,
        e1_0.aadhar_no,
        e1_0.address,
        e1_0.adharimg,
        e1_0.bank_account_no,
        e1_0.bank_ifsc_code,
        e1_0.bank_name,
        e1_0.birth_date,
        e1_0.blood_group,
        e1_0.branch_name,
        e1_0.department,
        e1_0.device_serial_number,
        e1_0.education,
        e1_0.email,
        e1_0.empimg,
        e1_0.fcm_token,
        e1_0.fcm_token_updated_at,
        e1_0.first_name,
        e1_0.full_name,
        e1_0.gender,
        e1_0.job_role,
        e1_0.joining_date,
        e1_0.last_latitude,
        e1_0.last_longitude,
        e1_0.last_name,
        e1_0.latitude,
        e1_0.longitude,
        e1_0.notifications_enabled,
        e1_0.pan_card,
        e1_0.panimg,
        e1_0.password,
        e1_0.phone,
        e1_0.role,
        e1_0.salary,
        e1_0.status,
        s1_0.id,
        s1_0.address,
        s1_0.cinno,
        s1_0.companylogo,
        s1_0.companyurl,
        s1_0.device_serial_number,
        s1_0.email,
        s1_0.email_server_password,
        s1_0.fcm_token,
        s1_0.fcm_token_updated_at,
        s1_0.gstno,
        s1_0.lastname,
        s1_0.latitude,
        s1_0.longitude,
        ma1_0.id,
        ma1_0.master_admin_email_server_password,
        ma1_0.email,
        ma1_0.mobileno,
        ma1_0.name,
        ma1_0.password,
        ma1_0.profile_img,
        ma1_0.roll,
        s1_0.name,
        s1_0.notifications_enabled,
        s1_0.package_count,
        s1_0.package_type,
        s1_0.password,
        s1_0.phoneno,
        s1_0.registercompanyname,
        s1_0.roll,
        s1_0.signature,
        s1_0.stamp_img,
        s1_0.status 
    from
        employee e1_0 
    left join
        subadmin s1_0 
            on s1_0.id=e1_0.subadmin_id 
    left join
        master_admin ma1_0 
            on ma1_0.id=s1_0.master_admin_id 
    where
        e1_0.emp_id=?
Hibernate: 
    select
        a1_0.id,
        a1_0.attendance_source,
        a1_0.attendance_type,
        a1_0.biometric_device_id,
        a1_0.biometric_user_id,
        a1_0.break_duration,
        a1_0.date,
        a1_0.device_serial,
        a1_0.employee_id,
        a1_0.field_location,
        a1_0.image_path,
        a1_0.lunch_in_time,
        a1_0.lunch_out_time,
        a1_0.lunch_punch_in,
        a1_0.lunch_punch_out,
        a1_0.punch_in,
        a1_0.punch_in_time,
        a1_0.punch_out,
        a1_0.punch_out_time,
        a1_0.punch_source,
        a1_0.raw_data,
        a1_0.reason,
        a1_0.status,
        a1_0.verify_type,
        a1_0.work_description,
        a1_0.work_type,
        a1_0.working_hours 
    from
        attendance a1_0 
    where
        a1_0.employee_id=? 
        and a1_0.date=?
Hibernate: 
    select
        e1_0.emp_id,
        e1_0.aadhar_no,
        e1_0.address,
        e1_0.adharimg,
        e1_0.bank_account_no,
        e1_0.bank_ifsc_code,
        e1_0.bank_name,
        e1_0.birth_date,
        e1_0.blood_group,
        e1_0.branch_name,
        e1_0.department,
        e1_0.device_serial_number,
        e1_0.education,
        e1_0.email,
        e1_0.empimg,
        e1_0.fcm_token,
        e1_0.fcm_token_updated_at,
        e1_0.first_name,
        e1_0.full_name,
        e1_0.gender,
        e1_0.job_role,
        e1_0.joining_date,
        e1_0.last_latitude,
        e1_0.last_longitude,
        e1_0.last_name,
        e1_0.latitude,
        e1_0.longitude,
        e1_0.notifications_enabled,
        e1_0.pan_card,
        e1_0.panimg,
        e1_0.password,
        e1_0.phone,
        e1_0.role,
        e1_0.salary,
        e1_0.status,
        s1_0.id,
        s1_0.address,
        s1_0.cinno,
        s1_0.companylogo,
        s1_0.companyurl,
        s1_0.device_serial_number,
        s1_0.email,
        s1_0.email_server_password,
        s1_0.fcm_token,
        s1_0.fcm_token_updated_at,
        s1_0.gstno,
        s1_0.lastname,
        s1_0.latitude,
        s1_0.longitude,
        ma1_0.id,
        ma1_0.master_admin_email_server_password,
        ma1_0.email,
        ma1_0.mobileno,
        ma1_0.name,
        ma1_0.password,
        ma1_0.profile_img,
        ma1_0.roll,
        s1_0.name,
        s1_0.notifications_enabled,
        s1_0.package_count,
        s1_0.package_type,
        s1_0.password,
        s1_0.phoneno,
        s1_0.registercompanyname,
        s1_0.roll,
        s1_0.signature,
        s1_0.stamp_img,
        s1_0.status 
    from
        employee e1_0 
    left join
        subadmin s1_0 
            on s1_0.id=e1_0.subadmin_id 
    left join
        master_admin ma1_0 
            on ma1_0.id=s1_0.master_admin_id 
    where
        e1_0.emp_id=?
⚠️ Duplicate punch IN ignored - keeping first punch: 19:34:00
🔄 arbaj shaikh - 17:22:15 - IN [Device: BOCK194960340] (Processing...)
Hibernate: 
    select
        e1_0.emp_id,
        e1_0.aadhar_no,
        e1_0.address,
        e1_0.adharimg,
        e1_0.bank_account_no,
        e1_0.bank_ifsc_code,
        e1_0.bank_name,
        e1_0.birth_date,
        e1_0.blood_group,
        e1_0.branch_name,
        e1_0.department,
        e1_0.device_serial_number,
        e1_0.education,
        e1_0.email,
        e1_0.empimg,
        e1_0.fcm_token,
        e1_0.fcm_token_updated_at,
        e1_0.first_name,
        e1_0.full_name,
        e1_0.gender,
        e1_0.job_role,
        e1_0.joining_date,
        e1_0.last_latitude,
        e1_0.last_longitude,
        e1_0.last_name,
        e1_0.latitude,
        e1_0.longitude,
        e1_0.notifications_enabled,
        e1_0.pan_card,
        e1_0.panimg,
        e1_0.password,
        e1_0.phone,
        e1_0.role,
        e1_0.salary,
        e1_0.status,
        s1_0.id,
        s1_0.address,
        s1_0.cinno,
        s1_0.companylogo,
        s1_0.companyurl,
        s1_0.device_serial_number,
        s1_0.email,
        s1_0.email_server_password,
        s1_0.fcm_token,
        s1_0.fcm_token_updated_at,
        s1_0.gstno,
        s1_0.lastname,
        s1_0.latitude,
        s1_0.longitude,
        ma1_0.id,
        ma1_0.master_admin_email_server_password,
        ma1_0.email,
        ma1_0.mobileno,
        ma1_0.name,
        ma1_0.password,
        ma1_0.profile_img,
        ma1_0.roll,
        s1_0.name,
        s1_0.notifications_enabled,
        s1_0.package_count,
        s1_0.package_type,
        s1_0.password,
        s1_0.phoneno,
        s1_0.registercompanyname,
        s1_0.roll,
        s1_0.signature,
        s1_0.stamp_img,
        s1_0.status 
    from
        employee e1_0 
    left join
        subadmin s1_0 
            on s1_0.id=e1_0.subadmin_id 
    left join
        master_admin ma1_0 
            on ma1_0.id=s1_0.master_admin_id 
    where
        e1_0.emp_id=?
Hibernate: 
    select
        a1_0.id,
        a1_0.attendance_source,
        a1_0.attendance_type,
        a1_0.biometric_device_id,
        a1_0.biometric_user_id,
        a1_0.break_duration,
        a1_0.date,
        a1_0.device_serial,
        a1_0.employee_id,
        a1_0.field_location,
        a1_0.image_path,
        a1_0.lunch_in_time,
        a1_0.lunch_out_time,
        a1_0.lunch_punch_in,
        a1_0.lunch_punch_out,
        a1_0.punch_in,
        a1_0.punch_in_time,
        a1_0.punch_out,
        a1_0.punch_out_time,
        a1_0.punch_source,
        a1_0.raw_data,
        a1_0.reason,
        a1_0.status,
        a1_0.verify_type,
        a1_0.work_description,
        a1_0.work_type,
        a1_0.working_hours 
    from
        attendance a1_0 
    where
        a1_0.employee_id=? 
        and a1_0.date=?
Hibernate: 
    select
        e1_0.emp_id,
        e1_0.aadhar_no,
        e1_0.address,
        e1_0.adharimg,
        e1_0.bank_account_no,
        e1_0.bank_ifsc_code,
        e1_0.bank_name,
        e1_0.birth_date,
        e1_0.blood_group,
        e1_0.branch_name,
        e1_0.department,
        e1_0.device_serial_number,
        e1_0.education,
        e1_0.email,
        e1_0.empimg,
        e1_0.fcm_token,
        e1_0.fcm_token_updated_at,
        e1_0.first_name,
        e1_0.full_name,
        e1_0.gender,
        e1_0.job_role,
        e1_0.joining_date,
        e1_0.last_latitude,
        e1_0.last_longitude,
        e1_0.last_name,
        e1_0.latitude,
        e1_0.longitude,
        e1_0.notifications_enabled,
        e1_0.pan_card,
        e1_0.panimg,
        e1_0.password,
        e1_0.phone,
        e1_0.role,
        e1_0.salary,
        e1_0.status,
        s1_0.id,
        s1_0.address,
        s1_0.cinno,
        s1_0.companylogo,
        s1_0.companyurl,
        s1_0.device_serial_number,
        s1_0.email,
        s1_0.email_server_password,
        s1_0.fcm_token,
        s1_0.fcm_token_updated_at,
        s1_0.gstno,
        s1_0.lastname,
        s1_0.latitude,
        s1_0.longitude,
        ma1_0.id,
        ma1_0.master_admin_email_server_password,
        ma1_0.email,
        ma1_0.mobileno,
        ma1_0.name,
        ma1_0.password,
        ma1_0.profile_img,
        ma1_0.roll,
        s1_0.name,
        s1_0.notifications_enabled,
        s1_0.package_count,
        s1_0.package_type,
        s1_0.password,
        s1_0.phoneno,
        s1_0.registercompanyname,
        s1_0.roll,
        s1_0.signature,
        s1_0.stamp_img,
        s1_0.status 
    from
        employee e1_0 
    left join
        subadmin s1_0 
            on s1_0.id=e1_0.subadmin_id 
    left join
        master_admin ma1_0 
            on ma1_0.id=s1_0.master_admin_id 
    where
        e1_0.emp_id=?
⚠️ Duplicate punch IN ignored - keeping first punch: 17:33:00
🔄 Khushi Patil - 17:33:28 - IN [Device: BOCK194960340] (Processing...)
Hibernate: 
    select
        e1_0.emp_id,
        e1_0.aadhar_no,
        e1_0.address,
        e1_0.adharimg,
        e1_0.bank_account_no,
        e1_0.bank_ifsc_code,
        e1_0.bank_name,
        e1_0.birth_date,
        e1_0.blood_group,
        e1_0.branch_name,
        e1_0.department,
        e1_0.device_serial_number,
        e1_0.education,
        e1_0.email,
        e1_0.empimg,
        e1_0.fcm_token,
        e1_0.fcm_token_updated_at,
        e1_0.first_name,
        e1_0.full_name,
        e1_0.gender,
        e1_0.job_role,
        e1_0.joining_date,
        e1_0.last_latitude,
        e1_0.last_longitude,
        e1_0.last_name,
        e1_0.latitude,
        e1_0.longitude,
        e1_0.notifications_enabled,
        e1_0.pan_card,
        e1_0.panimg,
        e1_0.password,
        e1_0.phone,
        e1_0.role,
        e1_0.salary,
        e1_0.status,
        s1_0.id,
        s1_0.address,
        s1_0.cinno,
        s1_0.companylogo,
        s1_0.companyurl,
        s1_0.device_serial_number,
        s1_0.email,
        s1_0.email_server_password,
        s1_0.fcm_token,
        s1_0.fcm_token_updated_at,
        s1_0.gstno,
        s1_0.lastname,
        s1_0.latitude,
        s1_0.longitude,
        ma1_0.id,
        ma1_0.master_admin_email_server_password,
        ma1_0.email,
        ma1_0.mobileno,
        ma1_0.name,
        ma1_0.password,
        ma1_0.profile_img,
        ma1_0.roll,
        s1_0.name,
        s1_0.notifications_enabled,
        s1_0.package_count,
        s1_0.package_type,
        s1_0.password,
        s1_0.phoneno,
        s1_0.registercompanyname,
        s1_0.roll,
        s1_0.signature,
        s1_0.stamp_img,
        s1_0.status 
    from
        employee e1_0 
    left join
        subadmin s1_0 
            on s1_0.id=e1_0.subadmin_id 
    left join
        master_admin ma1_0 
            on ma1_0.id=s1_0.master_admin_id 
    where
        e1_0.emp_id=?
Hibernate: 
    select
        a1_0.id,
        a1_0.attendance_source,
        a1_0.attendance_type,
        a1_0.biometric_device_id,
        a1_0.biometric_user_id,
        a1_0.break_duration,
        a1_0.date,
        a1_0.device_serial,
        a1_0.employee_id,
        a1_0.field_location,
        a1_0.image_path,
        a1_0.lunch_in_time,
        a1_0.lunch_out_time,
        a1_0.lunch_punch_in,
        a1_0.lunch_punch_out,
        a1_0.punch_in,
        a1_0.punch_in_time,
        a1_0.punch_out,
        a1_0.punch_out_time,
        a1_0.punch_source,
        a1_0.raw_data,
        a1_0.reason,
        a1_0.status,
        a1_0.verify_type,
        a1_0.work_description,
        a1_0.work_type,
        a1_0.working_hours 
    from
        attendance a1_0 
    where
        a1_0.employee_id=? 
        and a1_0.date=?
Hibernate: 
    select
        e1_0.emp_id,
        e1_0.aadhar_no,
        e1_0.address,
        e1_0.adharimg,
        e1_0.bank_account_no,
        e1_0.bank_ifsc_code,
        e1_0.bank_name,
        e1_0.birth_date,
        e1_0.blood_group,
        e1_0.branch_name,
        e1_0.department,
        e1_0.device_serial_number,
        e1_0.education,
        e1_0.email,
        e1_0.empimg,
        e1_0.fcm_token,
        e1_0.fcm_token_updated_at,
        e1_0.first_name,
        e1_0.full_name,
        e1_0.gender,
        e1_0.job_role,
        e1_0.joining_date,
        e1_0.last_latitude,
        e1_0.last_longitude,
        e1_0.last_name,
        e1_0.latitude,
        e1_0.longitude,
        e1_0.notifications_enabled,
        e1_0.pan_card,
        e1_0.panimg,
        e1_0.password,
        e1_0.phone,
        e1_0.role,
        e1_0.salary,
        e1_0.status,
        s1_0.id,
        s1_0.address,
        s1_0.cinno,
        s1_0.companylogo,
        s1_0.companyurl,
        s1_0.device_serial_number,
        s1_0.email,
        s1_0.email_server_password,
        s1_0.fcm_token,
        s1_0.fcm_token_updated_at,
        s1_0.gstno,
        s1_0.lastname,
        s1_0.latitude,
        s1_0.longitude,
        ma1_0.id,
        ma1_0.master_admin_email_server_password,
        ma1_0.email,
        ma1_0.mobileno,
        ma1_0.name,
        ma1_0.password,
        ma1_0.profile_img,
        ma1_0.roll,
        s1_0.name,
        s1_0.notifications_enabled,
        s1_0.package_count,
        s1_0.package_type,
        s1_0.password,
        s1_0.phoneno,
        s1_0.registercompanyname,
        s1_0.roll,
        s1_0.signature,
        s1_0.stamp_img,
        s1_0.status 
    from
        employee e1_0 
    left join
        subadmin s1_0 
            on s1_0.id=e1_0.subadmin_id 
    left join
        master_admin ma1_0 
            on ma1_0.id=s1_0.master_admin_id 
    where
        e1_0.emp_id=?
⚠️ Duplicate punch IN ignored - keeping first punch: 17:33:00
🔄 Khushi Patil - 17:34:18 - IN [Device: BOCK194960340] (Processing...)
Hibernate: 
    select
        e1_0.emp_id,
        e1_0.aadhar_no,
        e1_0.address,
        e1_0.adharimg,
        e1_0.bank_account_no,
        e1_0.bank_ifsc_code,
        e1_0.bank_name,
        e1_0.birth_date,
        e1_0.blood_group,
        e1_0.branch_name,
        e1_0.department,
        e1_0.device_serial_number,
        e1_0.education,
        e1_0.email,
        e1_0.empimg,
        e1_0.fcm_token,
        e1_0.fcm_token_updated_at,
        e1_0.first_name,
        e1_0.full_name,
        e1_0.gender,
        e1_0.job_role,
        e1_0.joining_date,
        e1_0.last_latitude,
        e1_0.last_longitude,
        e1_0.last_name,
        e1_0.latitude,
        e1_0.longitude,
        e1_0.notifications_enabled,
        e1_0.pan_card,
        e1_0.panimg,
        e1_0.password,
        e1_0.phone,
        e1_0.role,
        e1_0.salary,
        e1_0.status,
        s1_0.id,
        s1_0.address,
        s1_0.cinno,
        s1_0.companylogo,
        s1_0.companyurl,
        s1_0.device_serial_number,
        s1_0.email,
        s1_0.email_server_password,
        s1_0.fcm_token,
        s1_0.fcm_token_updated_at,
        s1_0.gstno,
        s1_0.lastname,
        s1_0.latitude,
        s1_0.longitude,
        ma1_0.id,
        ma1_0.master_admin_email_server_password,
        ma1_0.email,
        ma1_0.mobileno,
        ma1_0.name,
        ma1_0.password,
        ma1_0.profile_img,
        ma1_0.roll,
        s1_0.name,
        s1_0.notifications_enabled,
        s1_0.package_count,
        s1_0.package_type,
        s1_0.password,
        s1_0.phoneno,
        s1_0.registercompanyname,
        s1_0.roll,
        s1_0.signature,
        s1_0.stamp_img,
        s1_0.status 
    from
        employee e1_0 
    left join
        subadmin s1_0 
            on s1_0.id=e1_0.subadmin_id 
    left join
        master_admin ma1_0 
            on ma1_0.id=s1_0.master_admin_id 
    where
        e1_0.emp_id=?
Hibernate: 
    select
        a1_0.id,
        a1_0.attendance_source,
        a1_0.attendance_type,
        a1_0.biometric_device_id,
        a1_0.biometric_user_id,
        a1_0.break_duration,
        a1_0.date,
        a1_0.device_serial,
        a1_0.employee_id,
        a1_0.field_location,
        a1_0.image_path,
        a1_0.lunch_in_time,
        a1_0.lunch_out_time,
        a1_0.lunch_punch_in,
        a1_0.lunch_punch_out,
        a1_0.punch_in,
        a1_0.punch_in_time,
        a1_0.punch_out,
        a1_0.punch_out_time,
        a1_0.punch_source,
        a1_0.raw_data,
        a1_0.reason,
        a1_0.status,
        a1_0.verify_type,
        a1_0.work_description,
        a1_0.work_type,
        a1_0.working_hours 
    from
        attendance a1_0 
    where
        a1_0.employee_id=? 
        and a1_0.date=?
Hibernate: 
    select
        e1_0.emp_id,
        e1_0.aadhar_no,
        e1_0.address,
        e1_0.adharimg,
        e1_0.bank_account_no,
        e1_0.bank_ifsc_code,
        e1_0.bank_name,
        e1_0.birth_date,
        e1_0.blood_group,
        e1_0.branch_name,
        e1_0.department,
        e1_0.device_serial_number,
        e1_0.education,
        e1_0.email,
        e1_0.empimg,
        e1_0.fcm_token,
        e1_0.fcm_token_updated_at,
        e1_0.first_name,
        e1_0.full_name,
        e1_0.gender,
        e1_0.job_role,
        e1_0.joining_date,
        e1_0.last_latitude,
        e1_0.last_longitude,
        e1_0.last_name,
        e1_0.latitude,
        e1_0.longitude,
        e1_0.notifications_enabled,
        e1_0.pan_card,
        e1_0.panimg,
        e1_0.password,
        e1_0.phone,
        e1_0.role,
        e1_0.salary,
        e1_0.status,
        s1_0.id,
        s1_0.address,
        s1_0.cinno,
        s1_0.companylogo,
        s1_0.companyurl,
        s1_0.device_serial_number,
        s1_0.email,
        s1_0.email_server_password,
        s1_0.fcm_token,
        s1_0.fcm_token_updated_at,
        s1_0.gstno,
        s1_0.lastname,
        s1_0.latitude,
        s1_0.longitude,
        ma1_0.id,
        ma1_0.master_admin_email_server_password,
        ma1_0.email,
        ma1_0.mobileno,
        ma1_0.name,
        ma1_0.password,
        ma1_0.profile_img,
        ma1_0.roll,
        s1_0.name,
        s1_0.notifications_enabled,
        s1_0.package_count,
        s1_0.package_type,
        s1_0.password,
        s1_0.phoneno,
        s1_0.registercompanyname,
        s1_0.roll,
        s1_0.signature,
        s1_0.stamp_img,
        s1_0.status 
    from
        employee e1_0 
    left join
        subadmin s1_0 
            on s1_0.id=e1_0.subadmin_id 
    left join
        master_admin ma1_0 
            on ma1_0.id=s1_0.master_admin_id 
    where
        e1_0.emp_id=?
⚠️ Duplicate punch IN ignored - keeping first punch: 17:33:00
🔄 Khushi Patil - 17:36:06 - IN [Device: BOCK194960340] (Processing...)
Hibernate: 
    select
        e1_0.emp_id,
        e1_0.aadhar_no,
        e1_0.address,
        e1_0.adharimg,
        e1_0.bank_account_no,
        e1_0.bank_ifsc_code,
        e1_0.bank_name,
        e1_0.birth_date,
        e1_0.blood_group,
        e1_0.branch_name,
        e1_0.department,
        e1_0.device_serial_number,
        e1_0.education,
        e1_0.email,
        e1_0.empimg,
        e1_0.fcm_token,
        e1_0.fcm_token_updated_at,
        e1_0.first_name,
        e1_0.full_name,
        e1_0.gender,
        e1_0.job_role,
        e1_0.joining_date,
        e1_0.last_latitude,
        e1_0.last_longitude,
        e1_0.last_name,
        e1_0.latitude,
        e1_0.longitude,
        e1_0.notifications_enabled,
        e1_0.pan_card,
        e1_0.panimg,
        e1_0.password,
        e1_0.phone,
        e1_0.role,
        e1_0.salary,
        e1_0.status,
        s1_0.id,
        s1_0.address,
        s1_0.cinno,
        s1_0.companylogo,
        s1_0.companyurl,
        s1_0.device_serial_number,
        s1_0.email,
        s1_0.email_server_password,
        s1_0.fcm_token,
        s1_0.fcm_token_updated_at,
        s1_0.gstno,
        s1_0.lastname,
        s1_0.latitude,
        s1_0.longitude,
        ma1_0.id,
        ma1_0.master_admin_email_server_password,
        ma1_0.email,
        ma1_0.mobileno,
        ma1_0.name,
        ma1_0.password,
        ma1_0.profile_img,
        ma1_0.roll,
        s1_0.name,
        s1_0.notifications_enabled,
        s1_0.package_count,
        s1_0.package_type,
        s1_0.password,
        s1_0.phoneno,
        s1_0.registercompanyname,
        s1_0.roll,
        s1_0.signature,
        s1_0.stamp_img,
        s1_0.status 
    from
        employee e1_0 
    left join
        subadmin s1_0 
            on s1_0.id=e1_0.subadmin_id 
    left join
        master_admin ma1_0 
            on ma1_0.id=s1_0.master_admin_id 
    where
        e1_0.emp_id=?
Hibernate: 
    select
        a1_0.id,
        a1_0.attendance_source,
        a1_0.attendance_type,
        a1_0.biometric_device_id,
        a1_0.biometric_user_id,
        a1_0.break_duration,
        a1_0.date,
        a1_0.device_serial,
        a1_0.employee_id,
        a1_0.field_location,
        a1_0.image_path,
        a1_0.lunch_in_time,
        a1_0.lunch_out_time,
        a1_0.lunch_punch_in,
        a1_0.lunch_punch_out,
        a1_0.punch_in,
        a1_0.punch_in_time,
        a1_0.punch_out,
        a1_0.punch_out_time,
        a1_0.punch_source,
        a1_0.raw_data,
        a1_0.reason,
        a1_0.status,
        a1_0.verify_type,
        a1_0.work_description,
        a1_0.work_type,
        a1_0.working_hours 
    from
        attendance a1_0 
    where
        a1_0.employee_id=? 
        and a1_0.date=?
Hibernate: 
    select
        e1_0.emp_id,
        e1_0.aadhar_no,
        e1_0.address,
        e1_0.adharimg,
        e1_0.bank_account_no,
        e1_0.bank_ifsc_code,
        e1_0.bank_name,
        e1_0.birth_date,
        e1_0.blood_group,
        e1_0.branch_name,
        e1_0.department,
        e1_0.device_serial_number,
        e1_0.education,
        e1_0.email,
        e1_0.empimg,
        e1_0.fcm_token,
        e1_0.fcm_token_updated_at,
        e1_0.first_name,
        e1_0.full_name,
        e1_0.gender,
        e1_0.job_role,
        e1_0.joining_date,
        e1_0.last_latitude,
        e1_0.last_longitude,
        e1_0.last_name,
        e1_0.latitude,
        e1_0.longitude,
        e1_0.notifications_enabled,
        e1_0.pan_card,
        e1_0.panimg,
        e1_0.password,
        e1_0.phone,
        e1_0.role,
        e1_0.salary,
        e1_0.status,
        s1_0.id,
        s1_0.address,
        s1_0.cinno,
        s1_0.companylogo,
        s1_0.companyurl,
        s1_0.device_serial_number,
        s1_0.email,
        s1_0.email_server_password,
        s1_0.fcm_token,
        s1_0.fcm_token_updated_at,
        s1_0.gstno,
        s1_0.lastname,
        s1_0.latitude,
        s1_0.longitude,
        ma1_0.id,
        ma1_0.master_admin_email_server_password,
        ma1_0.email,
        ma1_0.mobileno,
        ma1_0.name,
        ma1_0.password,
        ma1_0.profile_img,
        ma1_0.roll,
        s1_0.name,
        s1_0.notifications_enabled,
        s1_0.package_count,
        s1_0.package_type,
        s1_0.password,
        s1_0.phoneno,
        s1_0.registercompanyname,
        s1_0.roll,
        s1_0.signature,
        s1_0.stamp_img,
        s1_0.status 
    from
        employee e1_0 
    left join
        subadmin s1_0 
            on s1_0.id=e1_0.subadmin_id 
    left join
        master_admin ma1_0 
            on ma1_0.id=s1_0.master_admin_id 
    where
        e1_0.emp_id=?
⚠️ Duplicate punch IN ignored - keeping first punch: 17:33:00
🔄 Khushi Patil - 18:01:51 - IN [Device: BOCK194960340] (Processing...)
Hibernate: 
    select
        e1_0.emp_id,
        e1_0.aadhar_no,
        e1_0.address,
        e1_0.adharimg,
        e1_0.bank_account_no,
        e1_0.bank_ifsc_code,
        e1_0.bank_name,
        e1_0.birth_date,
        e1_0.blood_group,
        e1_0.branch_name,
        e1_0.department,
        e1_0.device_serial_number,
        e1_0.education,
        e1_0.email,
        e1_0.empimg,
        e1_0.fcm_token,
        e1_0.fcm_token_updated_at,
        e1_0.first_name,
        e1_0.full_name,
        e1_0.gender,
        e1_0.job_role,
        e1_0.joining_date,
        e1_0.last_latitude,
        e1_0.last_longitude,
        e1_0.last_name,
        e1_0.latitude,
        e1_0.longitude,
        e1_0.notifications_enabled,
        e1_0.pan_card,
        e1_0.panimg,
        e1_0.password,
        e1_0.phone,
        e1_0.role,
        e1_0.salary,
        e1_0.status,
        s1_0.id,
        s1_0.address,
        s1_0.cinno,
        s1_0.companylogo,
        s1_0.companyurl,
        s1_0.device_serial_number,
        s1_0.email,
        s1_0.email_server_password,
        s1_0.fcm_token,
        s1_0.fcm_token_updated_at,
        s1_0.gstno,
        s1_0.lastname,
        s1_0.latitude,
        s1_0.longitude,
        ma1_0.id,
        ma1_0.master_admin_email_server_password,
        ma1_0.email,
        ma1_0.mobileno,
        ma1_0.name,
        ma1_0.password,
        ma1_0.profile_img,
        ma1_0.roll,
        s1_0.name,
        s1_0.notifications_enabled,
        s1_0.package_count,
        s1_0.package_type,
        s1_0.password,
        s1_0.phoneno,
        s1_0.registercompanyname,
        s1_0.roll,
        s1_0.signature,
        s1_0.stamp_img,
        s1_0.status 
    from
        employee e1_0 
    left join
        subadmin s1_0 
            on s1_0.id=e1_0.subadmin_id 
    left join
        master_admin ma1_0 
            on ma1_0.id=s1_0.master_admin_id 
    where
        e1_0.emp_id=?
Hibernate: 
    select
        a1_0.id,
        a1_0.attendance_source,
        a1_0.attendance_type,
        a1_0.biometric_device_id,
        a1_0.biometric_user_id,
        a1_0.break_duration,
        a1_0.date,
        a1_0.device_serial,
        a1_0.employee_id,
        a1_0.field_location,
        a1_0.image_path,
        a1_0.lunch_in_time,
        a1_0.lunch_out_time,
        a1_0.lunch_punch_in,
        a1_0.lunch_punch_out,
        a1_0.punch_in,
        a1_0.punch_in_time,
        a1_0.punch_out,
        a1_0.punch_out_time,
        a1_0.punch_source,
        a1_0.raw_data,
        a1_0.reason,
        a1_0.status,
        a1_0.verify_type,
        a1_0.work_description,
        a1_0.work_type,
        a1_0.working_hours 
    from
        attendance a1_0 
    where
        a1_0.employee_id=? 
        and a1_0.date=?
Hibernate: 
    select
        e1_0.emp_id,
        e1_0.aadhar_no,
        e1_0.address,
        e1_0.adharimg,
        e1_0.bank_account_no,
        e1_0.bank_ifsc_code,
        e1_0.bank_name,
        e1_0.birth_date,
        e1_0.blood_group,
        e1_0.branch_name,
        e1_0.department,
        e1_0.device_serial_number,
        e1_0.education,
        e1_0.email,
        e1_0.empimg,
        e1_0.fcm_token,
        e1_0.fcm_token_updated_at,
        e1_0.first_name,
        e1_0.full_name,
        e1_0.gender,
        e1_0.job_role,
        e1_0.joining_date,
        e1_0.last_latitude,
        e1_0.last_longitude,
        e1_0.last_name,
        e1_0.latitude,
        e1_0.longitude,
        e1_0.notifications_enabled,
        e1_0.pan_card,
        e1_0.panimg,
        e1_0.password,
        e1_0.phone,
        e1_0.role,
        e1_0.salary,
        e1_0.status,
        s1_0.id,
        s1_0.address,
        s1_0.cinno,
        s1_0.companylogo,
        s1_0.companyurl,
        s1_0.device_serial_number,
        s1_0.email,
        s1_0.email_server_password,
        s1_0.fcm_token,
        s1_0.fcm_token_updated_at,
        s1_0.gstno,
        s1_0.lastname,
        s1_0.latitude,
        s1_0.longitude,
        ma1_0.id,
        ma1_0.master_admin_email_server_password,
        ma1_0.email,
        ma1_0.mobileno,
        ma1_0.name,
        ma1_0.password,
        ma1_0.profile_img,
        ma1_0.roll,
        s1_0.name,
        s1_0.notifications_enabled,
        s1_0.package_count,
        s1_0.package_type,
        s1_0.password,
        s1_0.phoneno,
        s1_0.registercompanyname,
        s1_0.roll,
        s1_0.signature,
        s1_0.stamp_img,
        s1_0.status 
    from
        employee e1_0 
    left join
        subadmin s1_0 
            on s1_0.id=e1_0.subadmin_id 
    left join
        master_admin ma1_0 
            on ma1_0.id=s1_0.master_admin_id 
    where
        e1_0.emp_id=?
✅ Punch OUT recorded (BIOMETRIC): 19:34:03
📊 Working hours calculated: 0h 0m
Hibernate: 
    select
        a1_0.id,
        a1_0.attendance_source,
        a1_0.attendance_type,
        a1_0.biometric_device_id,
        a1_0.biometric_user_id,
        a1_0.break_duration,
        a1_0.date,
        a1_0.device_serial,
        e1_0.emp_id,
        e1_0.aadhar_no,
        e1_0.address,
        e1_0.adharimg,
        e1_0.bank_account_no,
        e1_0.bank_ifsc_code,
        e1_0.bank_name,
        e1_0.birth_date,
        e1_0.blood_group,
        e1_0.branch_name,
        e1_0.department,
        e1_0.device_serial_number,
        e1_0.education,
        e1_0.email,
        e1_0.empimg,
        e1_0.fcm_token,
        e1_0.fcm_token_updated_at,
        e1_0.first_name,
        e1_0.full_name,
        e1_0.gender,
        e1_0.job_role,
        e1_0.joining_date,
        e1_0.last_latitude,
        e1_0.last_longitude,
        e1_0.last_name,
        e1_0.latitude,
        e1_0.longitude,
        e1_0.notifications_enabled,
        e1_0.pan_card,
        e1_0.panimg,
        e1_0.password,
        e1_0.phone,
        e1_0.role,
        e1_0.salary,
        e1_0.status,
        s1_0.id,
        s1_0.address,
        s1_0.cinno,
        s1_0.companylogo,
        s1_0.companyurl,
        s1_0.device_serial_number,
        s1_0.email,
        s1_0.email_server_password,
        s1_0.fcm_token,
        s1_0.fcm_token_updated_at,
        s1_0.gstno,
        s1_0.lastname,
        s1_0.latitude,
        s1_0.longitude,
        s1_0.master_admin_id,
        s1_0.name,
        s1_0.notifications_enabled,
        s1_0.package_count,
        s1_0.package_type,
        s1_0.password,
        s1_0.phoneno,
        s1_0.registercompanyname,
        s1_0.roll,
        s1_0.signature,
        s1_0.stamp_img,
        s1_0.status,
        c1_0.employee_id,
        c1_0.id,
        c1_0.achievement_certificate_path,
        c1_0.agreement_contract_path,
        c1_0.appointment_letter_path,
        c1_0.created_at,
        c1_0.exit_letter_path,
        c1_0.experience_letter_path,
        c1_0.increment_letter_path,
        c1_0.internship_completion_path,
        c1_0.joining_letter_path,
        c1_0.letter_head_path,
        c1_0.performance_certificate_path,
        c1_0.post_appraisal_path,
        c1_0.relieving_letter_path,
        c1_0.subadmin_id,
        c1_0.termination_letter_path,
        c1_0.updated_at,
        a1_0.field_location,
        a1_0.image_path,
        a1_0.lunch_in_time,
        a1_0.lunch_out_time,
        a1_0.lunch_punch_in,
        a1_0.lunch_punch_out,
        a1_0.punch_in,
        a1_0.punch_in_time,
        a1_0.punch_out,
        a1_0.punch_out_time,
        a1_0.punch_source,
        a1_0.raw_data,
        a1_0.reason,
        a1_0.status,
        a1_0.verify_type,
        a1_0.work_description,
        a1_0.work_type,
        a1_0.working_hours 
    from
        attendance a1_0 
    left join
        employee e1_0 
            on e1_0.emp_id=a1_0.employee_id 
    left join
        subadmin s1_0 
            on s1_0.id=e1_0.subadmin_id 
    left join
        certificates c1_0 
            on e1_0.emp_id=c1_0.employee_id 
    where
        a1_0.id=?
Hibernate: 
    select
        ma1_0.id,
        ma1_0.master_admin_email_server_password,
        ma1_0.email,
        ma1_0.mobileno,
        ma1_0.name,
        ma1_0.password,
        ma1_0.profile_img,
        ma1_0.roll,
        s1_0.master_admin_id,
        s1_0.id,
        s1_0.address,
        s1_0.cinno,
        s1_0.companylogo,
        s1_0.companyurl,
        s1_0.device_serial_number,
        s1_0.email,
        s1_0.email_server_password,
        s1_0.fcm_token,
        s1_0.fcm_token_updated_at,
        s1_0.gstno,
        s1_0.lastname,
        s1_0.latitude,
        s1_0.longitude,
        s1_0.name,
        s1_0.notifications_enabled,
        s1_0.package_count,
        s1_0.package_type,
        s1_0.password,
        s1_0.phoneno,
        s1_0.registercompanyname,
        s1_0.roll,
        s1_0.signature,
        s1_0.stamp_img,
        s1_0.status 
    from
        master_admin ma1_0 
    left join
        subadmin s1_0 
            on ma1_0.id=s1_0.master_admin_id 
    where
        ma1_0.id=?
Hibernate: 
    select
        l1_0.subadmin_id,
        l1_0.leave_id,
        e1_0.emp_id,
        e1_0.aadhar_no,
        e1_0.address,
        e1_0.adharimg,
        e1_0.bank_account_no,
        e1_0.bank_ifsc_code,
        e1_0.bank_name,
        e1_0.birth_date,
        e1_0.blood_group,
        e1_0.branch_name,
        e1_0.department,
        e1_0.device_serial_number,
        e1_0.education,
        e1_0.email,
        e1_0.empimg,
        e1_0.fcm_token,
        e1_0.fcm_token_updated_at,
        e1_0.first_name,
        e1_0.full_name,
        e1_0.gender,
        e1_0.job_role,
        e1_0.joining_date,
        e1_0.last_latitude,
        e1_0.last_longitude,
        e1_0.last_name,
        e1_0.latitude,
        e1_0.longitude,
        e1_0.notifications_enabled,
        e1_0.pan_card,
        e1_0.panimg,
        e1_0.password,
        e1_0.phone,
        e1_0.role,
        e1_0.salary,
        e1_0.status,
        s1_0.id,
        s1_0.address,
        s1_0.cinno,
        s1_0.companylogo,
        s1_0.companyurl,
        s1_0.device_serial_number,
        s1_0.email,
        s1_0.email_server_password,
        s1_0.fcm_token,
        s1_0.fcm_token_updated_at,
        s1_0.gstno,
        s1_0.lastname,
        s1_0.latitude,
        s1_0.longitude,
        s1_0.master_admin_id,
        s1_0.name,
        s1_0.notifications_enabled,
        s1_0.package_count,
        s1_0.package_type,
        s1_0.password,
        s1_0.phoneno,
        s1_0.registercompanyname,
        s1_0.roll,
        s1_0.signature,
        s1_0.stamp_img,
        s1_0.status,
        l1_0.from_date,
        l1_0.reason,
        l1_0.status,
        l1_0.to_date 
    from
        leaveform l1_0 
    left join
        employee e1_0 
            on e1_0.emp_id=l1_0.employee_id 
    left join
        subadmin s1_0 
            on s1_0.id=e1_0.subadmin_id 
    where
        l1_0.subadmin_id=?
Hibernate: 
    select
        e1_0.subadmin_id,
        e1_0.emp_id,
        e1_0.aadhar_no,
        e1_0.address,
        e1_0.adharimg,
        e1_0.bank_account_no,
        e1_0.bank_ifsc_code,
        e1_0.bank_name,
        e1_0.birth_date,
        e1_0.blood_group,
        e1_0.branch_name,
        e1_0.department,
        e1_0.device_serial_number,
        e1_0.education,
        e1_0.email,
        e1_0.empimg,
        e1_0.fcm_token,
        e1_0.fcm_token_updated_at,
        e1_0.first_name,
        e1_0.full_name,
        e1_0.gender,
        e1_0.job_role,
        e1_0.joining_date,
        e1_0.last_latitude,
        e1_0.last_longitude,
        e1_0.last_name,
        e1_0.latitude,
        e1_0.longitude,
        e1_0.notifications_enabled,
        e1_0.pan_card,
        e1_0.panimg,
        e1_0.password,
        e1_0.phone,
        e1_0.role,
        e1_0.salary,
        e1_0.status 
    from
        employee e1_0 
    where
        e1_0.subadmin_id=?
Hibernate: 
    select
        c1_0.subadmin_id,
        c1_0.id,
        c1_0.achievement_certificate_path,
        c1_0.agreement_contract_path,
        c1_0.appointment_letter_path,
        c1_0.created_at,
        e1_0.emp_id,
        e1_0.aadhar_no,
        e1_0.address,
        e1_0.adharimg,
        e1_0.bank_account_no,
        e1_0.bank_ifsc_code,
        e1_0.bank_name,
        e1_0.birth_date,
        e1_0.blood_group,
        e1_0.branch_name,
        e1_0.department,
        e1_0.device_serial_number,
        e1_0.education,
        e1_0.email,
        e1_0.empimg,
        e1_0.fcm_token,
        e1_0.fcm_token_updated_at,
        e1_0.first_name,
        e1_0.full_name,
        e1_0.gender,
        e1_0.job_role,
        e1_0.joining_date,
        e1_0.last_latitude,
        e1_0.last_longitude,
        e1_0.last_name,
        e1_0.latitude,
        e1_0.longitude,
        e1_0.notifications_enabled,
        e1_0.pan_card,
        e1_0.panimg,
        e1_0.password,
        e1_0.phone,
        e1_0.role,
        e1_0.salary,
        e1_0.status,
        s1_0.id,
        s1_0.address,
        s1_0.cinno,
        s1_0.companylogo,
        s1_0.companyurl,
        s1_0.device_serial_number,
        s1_0.email,
        s1_0.email_server_password,
        s1_0.fcm_token,
        s1_0.fcm_token_updated_at,
        s1_0.gstno,
        s1_0.lastname,
        s1_0.latitude,
        s1_0.longitude,
        s1_0.master_admin_id,
        s1_0.name,
        s1_0.notifications_enabled,
        s1_0.package_count,
        s1_0.package_type,
        s1_0.password,
        s1_0.phoneno,
        s1_0.registercompanyname,
        s1_0.roll,
        s1_0.signature,
        s1_0.stamp_img,
        s1_0.status,
        c1_0.exit_letter_path,
        c1_0.experience_letter_path,
        c1_0.increment_letter_path,
        c1_0.internship_completion_path,
        c1_0.joining_letter_path,
        c1_0.letter_head_path,
        c1_0.performance_certificate_path,
        c1_0.post_appraisal_path,
        c1_0.relieving_letter_path,
        c1_0.termination_letter_path,
        c1_0.updated_at 
    from
        certificates c1_0 
    left join
        employee e1_0 
            on e1_0.emp_id=c1_0.employee_id 
    left join
        subadmin s1_0 
            on s1_0.id=e1_0.subadmin_id 
    where
        c1_0.subadmin_id=?
Hibernate: 
    select
        l1_0.subadmin_id,
        l1_0.leave_id,
        e1_0.emp_id,
        e1_0.aadhar_no,
        e1_0.address,
        e1_0.adharimg,
        e1_0.bank_account_no,
        e1_0.bank_ifsc_code,
        e1_0.bank_name,
        e1_0.birth_date,
        e1_0.blood_group,
        e1_0.branch_name,
        e1_0.department,
        e1_0.device_serial_number,
        e1_0.education,
        e1_0.email,
        e1_0.empimg,
        e1_0.fcm_token,
        e1_0.fcm_token_updated_at,
        e1_0.first_name,
        e1_0.full_name,
        e1_0.gender,
        e1_0.job_role,
        e1_0.joining_date,
        e1_0.last_latitude,
        e1_0.last_longitude,
        e1_0.last_name,
        e1_0.latitude,
        e1_0.longitude,
        e1_0.notifications_enabled,
        e1_0.pan_card,
        e1_0.panimg,
        e1_0.password,
        e1_0.phone,
        e1_0.role,
        e1_0.salary,
        e1_0.status,
        s1_0.id,
        s1_0.address,
        s1_0.cinno,
        s1_0.companylogo,
        s1_0.companyurl,
        s1_0.device_serial_number,
        s1_0.email,
        s1_0.email_server_password,
        s1_0.fcm_token,
        s1_0.fcm_token_updated_at,
        s1_0.gstno,
        s1_0.lastname,
        s1_0.latitude,
        s1_0.longitude,
        s1_0.master_admin_id,
        s1_0.name,
        s1_0.notifications_enabled,
        s1_0.package_count,
        s1_0.package_type,
        s1_0.password,
        s1_0.phoneno,
        s1_0.registercompanyname,
        s1_0.roll,
        s1_0.signature,
        s1_0.stamp_img,
        s1_0.status,
        l1_0.from_date,
        l1_0.reason,
        l1_0.status,
        l1_0.to_date 
    from
        leaveform l1_0 
    left join
        employee e1_0 
            on e1_0.emp_id=l1_0.employee_id 
    left join
        subadmin s1_0 
            on s1_0.id=e1_0.subadmin_id 
    where
        l1_0.subadmin_id=?
Hibernate: 
    select
        e1_0.subadmin_id,
        e1_0.emp_id,
        e1_0.aadhar_no,
        e1_0.address,
        e1_0.adharimg,
        e1_0.bank_account_no,
        e1_0.bank_ifsc_code,
        e1_0.bank_name,
        e1_0.birth_date,
        e1_0.blood_group,
        e1_0.branch_name,
        e1_0.department,
        e1_0.device_serial_number,
        e1_0.education,
        e1_0.email,
        e1_0.empimg,
        e1_0.fcm_token,
        e1_0.fcm_token_updated_at,
        e1_0.first_name,
        e1_0.full_name,
        e1_0.gender,
        e1_0.job_role,
        e1_0.joining_date,
        e1_0.last_latitude,
        e1_0.last_longitude,
        e1_0.last_name,
        e1_0.latitude,
        e1_0.longitude,
        e1_0.notifications_enabled,
        e1_0.pan_card,
        e1_0.panimg,
        e1_0.password,
        e1_0.phone,
        e1_0.role,
        e1_0.salary,
        e1_0.status 
    from
        employee e1_0 
    where
        e1_0.subadmin_id=?
Hibernate: 
    select
        c1_0.subadmin_id,
        c1_0.id,
        c1_0.achievement_certificate_path,
        c1_0.agreement_contract_path,
        c1_0.appointment_letter_path,
        c1_0.created_at,
        e1_0.emp_id,
        e1_0.aadhar_no,
        e1_0.address,
        e1_0.adharimg,
        e1_0.bank_account_no,
        e1_0.bank_ifsc_code,
        e1_0.bank_name,
        e1_0.birth_date,
        e1_0.blood_group,
        e1_0.branch_name,
        e1_0.department,
        e1_0.device_serial_number,
        e1_0.education,
        e1_0.email,
        e1_0.empimg,
        e1_0.fcm_token,
        e1_0.fcm_token_updated_at,
        e1_0.first_name,
        e1_0.full_name,
        e1_0.gender,
        e1_0.job_role,
        e1_0.joining_date,
        e1_0.last_latitude,
        e1_0.last_longitude,
        e1_0.last_name,
        e1_0.latitude,
        e1_0.longitude,
        e1_0.notifications_enabled,
        e1_0.pan_card,
        e1_0.panimg,
        e1_0.password,
        e1_0.phone,
        e1_0.role,
        e1_0.salary,
        e1_0.status,
        s1_0.id,
        s1_0.address,
        s1_0.cinno,
        s1_0.companylogo,
        s1_0.companyurl,
        s1_0.device_serial_number,
        s1_0.email,
        s1_0.email_server_password,
        s1_0.fcm_token,
        s1_0.fcm_token_updated_at,
        s1_0.gstno,
        s1_0.lastname,
        s1_0.latitude,
        s1_0.longitude,
        s1_0.master_admin_id,
        s1_0.name,
        s1_0.notifications_enabled,
        s1_0.package_count,
        s1_0.package_type,
        s1_0.password,
        s1_0.phoneno,
        s1_0.registercompanyname,
        s1_0.roll,
        s1_0.signature,
        s1_0.stamp_img,
        s1_0.status,
        c1_0.exit_letter_path,
        c1_0.experience_letter_path,
        c1_0.increment_letter_path,
        c1_0.internship_completion_path,
        c1_0.joining_letter_path,
        c1_0.letter_head_path,
        c1_0.performance_certificate_path,
        c1_0.post_appraisal_path,
        c1_0.relieving_letter_path,
        c1_0.termination_letter_path,
        c1_0.updated_at 
    from
        certificates c1_0 
    left join
        employee e1_0 
            on e1_0.emp_id=c1_0.employee_id 
    left join
        subadmin s1_0 
            on s1_0.id=e1_0.subadmin_id 
    where
        c1_0.subadmin_id=?
Hibernate: 
    select
        l1_0.subadmin_id,
        l1_0.leave_id,
        e1_0.emp_id,
        e1_0.aadhar_no,
        e1_0.address,
        e1_0.adharimg,
        e1_0.bank_account_no,
        e1_0.bank_ifsc_code,
        e1_0.bank_name,
        e1_0.birth_date,
        e1_0.blood_group,
        e1_0.branch_name,
        e1_0.department,
        e1_0.device_serial_number,
        e1_0.education,
        e1_0.email,
        e1_0.empimg,
        e1_0.fcm_token,
        e1_0.fcm_token_updated_at,
        e1_0.first_name,
        e1_0.full_name,
        e1_0.gender,
        e1_0.job_role,
        e1_0.joining_date,
        e1_0.last_latitude,
        e1_0.last_longitude,
        e1_0.last_name,
        e1_0.latitude,
        e1_0.longitude,
        e1_0.notifications_enabled,
        e1_0.pan_card,
        e1_0.panimg,
        e1_0.password,
        e1_0.phone,
        e1_0.role,
        e1_0.salary,
        e1_0.status,
        s1_0.id,
        s1_0.address,
        s1_0.cinno,
        s1_0.companylogo,
        s1_0.companyurl,
        s1_0.device_serial_number,
        s1_0.email,
        s1_0.email_server_password,
        s1_0.fcm_token,
        s1_0.fcm_token_updated_at,
        s1_0.gstno,
        s1_0.lastname,
        s1_0.latitude,
        s1_0.longitude,
        s1_0.master_admin_id,
        s1_0.name,
        s1_0.notifications_enabled,
        s1_0.package_count,
        s1_0.package_type,
        s1_0.password,
        s1_0.phoneno,
        s1_0.registercompanyname,
        s1_0.roll,
        s1_0.signature,
        s1_0.stamp_img,
        s1_0.status,
        l1_0.from_date,
        l1_0.reason,
        l1_0.status,
        l1_0.to_date 
    from
        leaveform l1_0 
    left join
        employee e1_0 
            on e1_0.emp_id=l1_0.employee_id 
    left join
        subadmin s1_0 
            on s1_0.id=e1_0.subadmin_id 
    where
        l1_0.subadmin_id=?
Hibernate: 
    select
        e1_0.subadmin_id,
        e1_0.emp_id,
        e1_0.aadhar_no,
        e1_0.address,
        e1_0.adharimg,
        e1_0.bank_account_no,
        e1_0.bank_ifsc_code,
        e1_0.bank_name,
        e1_0.birth_date,
        e1_0.blood_group,
        e1_0.branch_name,
        e1_0.department,
        e1_0.device_serial_number,
        e1_0.education,
        e1_0.email,
        e1_0.empimg,
        e1_0.fcm_token,
        e1_0.fcm_token_updated_at,
        e1_0.first_name,
        e1_0.full_name,
        e1_0.gender,
        e1_0.job_role,
        e1_0.joining_date,
        e1_0.last_latitude,
        e1_0.last_longitude,
        e1_0.last_name,
        e1_0.latitude,
        e1_0.longitude,
        e1_0.notifications_enabled,
        e1_0.pan_card,
        e1_0.panimg,
        e1_0.password,
        e1_0.phone,
        e1_0.role,
        e1_0.salary,
        e1_0.status 
    from
        employee e1_0 
    where
        e1_0.subadmin_id=?
Hibernate: 
    select
        c1_0.subadmin_id,
        c1_0.id,
        c1_0.achievement_certificate_path,
        c1_0.agreement_contract_path,
        c1_0.appointment_letter_path,
        c1_0.created_at,
        e1_0.emp_id,
        e1_0.aadhar_no,
        e1_0.address,
        e1_0.adharimg,
        e1_0.bank_account_no,
        e1_0.bank_ifsc_code,
        e1_0.bank_name,
        e1_0.birth_date,
        e1_0.blood_group,
        e1_0.branch_name,
        e1_0.department,
        e1_0.device_serial_number,
        e1_0.education,
        e1_0.email,
        e1_0.empimg,
        e1_0.fcm_token,
        e1_0.fcm_token_updated_at,
        e1_0.first_name,
        e1_0.full_name,
        e1_0.gender,
        e1_0.job_role,
        e1_0.joining_date,
        e1_0.last_latitude,
        e1_0.last_longitude,
        e1_0.last_name,
        e1_0.latitude,
        e1_0.longitude,
        e1_0.notifications_enabled,
        e1_0.pan_card,
        e1_0.panimg,
        e1_0.password,
        e1_0.phone,
        e1_0.role,
        e1_0.salary,
        e1_0.status,
        s1_0.id,
        s1_0.address,
        s1_0.cinno,
        s1_0.companylogo,
        s1_0.companyurl,
        s1_0.device_serial_number,
        s1_0.email,
        s1_0.email_server_password,
        s1_0.fcm_token,
        s1_0.fcm_token_updated_at,
        s1_0.gstno,
        s1_0.lastname,
        s1_0.latitude,
        s1_0.longitude,
        s1_0.master_admin_id,
        s1_0.name,
        s1_0.notifications_enabled,
        s1_0.package_count,
        s1_0.package_type,
        s1_0.password,
        s1_0.phoneno,
        s1_0.registercompanyname,
        s1_0.roll,
        s1_0.signature,
        s1_0.stamp_img,
        s1_0.status,
        c1_0.exit_letter_path,
        c1_0.experience_letter_path,
        c1_0.increment_letter_path,
        c1_0.internship_completion_path,
        c1_0.joining_letter_path,
        c1_0.letter_head_path,
        c1_0.performance_certificate_path,
        c1_0.post_appraisal_path,
        c1_0.relieving_letter_path,
        c1_0.termination_letter_path,
        c1_0.updated_at 
    from
        certificates c1_0 
    left join
        employee e1_0 
            on e1_0.emp_id=c1_0.employee_id 
    left join
        subadmin s1_0 
            on s1_0.id=e1_0.subadmin_id 
    where
        c1_0.subadmin_id=?
Hibernate: 
    select
        l1_0.subadmin_id,
        l1_0.leave_id,
        e1_0.emp_id,
        e1_0.aadhar_no,
        e1_0.address,
        e1_0.adharimg,
        e1_0.bank_account_no,
        e1_0.bank_ifsc_code,
        e1_0.bank_name,
        e1_0.birth_date,
        e1_0.blood_group,
        e1_0.branch_name,
        e1_0.department,
        e1_0.device_serial_number,
        e1_0.education,
        e1_0.email,
        e1_0.empimg,
        e1_0.fcm_token,
        e1_0.fcm_token_updated_at,
        e1_0.first_name,
        e1_0.full_name,
        e1_0.gender,
        e1_0.job_role,
        e1_0.joining_date,
        e1_0.last_latitude,
        e1_0.last_longitude,
        e1_0.last_name,
        e1_0.latitude,
        e1_0.longitude,
        e1_0.notifications_enabled,
        e1_0.pan_card,
        e1_0.panimg,
        e1_0.password,
        e1_0.phone,
        e1_0.role,
        e1_0.salary,
        e1_0.status,
        s1_0.id,
        s1_0.address,
        s1_0.cinno,
        s1_0.companylogo,
        s1_0.companyurl,
        s1_0.device_serial_number,
        s1_0.email,
        s1_0.email_server_password,
        s1_0.fcm_token,
        s1_0.fcm_token_updated_at,
        s1_0.gstno,
        s1_0.lastname,
        s1_0.latitude,
        s1_0.longitude,
        s1_0.master_admin_id,
        s1_0.name,
        s1_0.notifications_enabled,
        s1_0.package_count,
        s1_0.package_type,
        s1_0.password,
        s1_0.phoneno,
        s1_0.registercompanyname,
        s1_0.roll,
        s1_0.signature,
        s1_0.stamp_img,
        s1_0.status,
        l1_0.from_date,
        l1_0.reason,
        l1_0.status,
        l1_0.to_date 
    from
        leaveform l1_0 
    left join
        employee e1_0 
            on e1_0.emp_id=l1_0.employee_id 
    left join
        subadmin s1_0 
            on s1_0.id=e1_0.subadmin_id 
    where
        l1_0.subadmin_id=?
Hibernate: 
    select
        e1_0.subadmin_id,
        e1_0.emp_id,
        e1_0.aadhar_no,
        e1_0.address,
        e1_0.adharimg,
        e1_0.bank_account_no,
        e1_0.bank_ifsc_code,
        e1_0.bank_name,
        e1_0.birth_date,
        e1_0.blood_group,
        e1_0.branch_name,
        e1_0.department,
        e1_0.device_serial_number,
        e1_0.education,
        e1_0.email,
        e1_0.empimg,
        e1_0.fcm_token,
        e1_0.fcm_token_updated_at,
        e1_0.first_name,
        e1_0.full_name,
        e1_0.gender,
        e1_0.job_role,
        e1_0.joining_date,
        e1_0.last_latitude,
        e1_0.last_longitude,
        e1_0.last_name,
        e1_0.latitude,
        e1_0.longitude,
        e1_0.notifications_enabled,
        e1_0.pan_card,
        e1_0.panimg,
        e1_0.password,
        e1_0.phone,
        e1_0.role,
        e1_0.salary,
        e1_0.status 
    from
        employee e1_0 
    where
        e1_0.subadmin_id=?
Hibernate: 
    select
        c1_0.subadmin_id,
        c1_0.id,
        c1_0.achievement_certificate_path,
        c1_0.agreement_contract_path,
        c1_0.appointment_letter_path,
        c1_0.created_at,
        e1_0.emp_id,
        e1_0.aadhar_no,
        e1_0.address,
        e1_0.adharimg,
        e1_0.bank_account_no,
        e1_0.bank_ifsc_code,
        e1_0.bank_name,
        e1_0.birth_date,
        e1_0.blood_group,
        e1_0.branch_name,
        e1_0.department,
        e1_0.device_serial_number,
        e1_0.education,
        e1_0.email,
        e1_0.empimg,
        e1_0.fcm_token,
        e1_0.fcm_token_updated_at,
        e1_0.first_name,
        e1_0.full_name,
        e1_0.gender,
        e1_0.job_role,
        e1_0.joining_date,
        e1_0.last_latitude,
        e1_0.last_longitude,
        e1_0.last_name,
        e1_0.latitude,
        e1_0.longitude,
        e1_0.notifications_enabled,
        e1_0.pan_card,
        e1_0.panimg,
        e1_0.password,
        e1_0.phone,
        e1_0.role,
        e1_0.salary,
        e1_0.status,
        s1_0.id,
        s1_0.address,
        s1_0.cinno,
        s1_0.companylogo,
        s1_0.companyurl,
        s1_0.device_serial_number,
        s1_0.email,
        s1_0.email_server_password,
        s1_0.fcm_token,
        s1_0.fcm_token_updated_at,
        s1_0.gstno,
        s1_0.lastname,
        s1_0.latitude,
        s1_0.longitude,
        s1_0.master_admin_id,
        s1_0.name,
        s1_0.notifications_enabled,
        s1_0.package_count,
        s1_0.package_type,
        s1_0.password,
        s1_0.phoneno,
        s1_0.registercompanyname,
        s1_0.roll,
        s1_0.signature,
        s1_0.stamp_img,
        s1_0.status,
        c1_0.exit_letter_path,
        c1_0.experience_letter_path,
        c1_0.increment_letter_path,
        c1_0.internship_completion_path,
        c1_0.joining_letter_path,
        c1_0.letter_head_path,
        c1_0.performance_certificate_path,
        c1_0.post_appraisal_path,
        c1_0.relieving_letter_path,
        c1_0.termination_letter_path,
        c1_0.updated_at 
    from
        certificates c1_0 
    left join
        employee e1_0 
            on e1_0.emp_id=c1_0.employee_id 
    left join
        subadmin s1_0 
            on s1_0.id=e1_0.subadmin_id 
    where
        c1_0.subadmin_id=?
Hibernate: 
    select
        l1_0.subadmin_id,
        l1_0.leave_id,
        e1_0.emp_id,
        e1_0.aadhar_no,
        e1_0.address,
        e1_0.adharimg,
        e1_0.bank_account_no,
        e1_0.bank_ifsc_code,
        e1_0.bank_name,
        e1_0.birth_date,
        e1_0.blood_group,
        e1_0.branch_name,
        e1_0.department,
        e1_0.device_serial_number,
        e1_0.education,
        e1_0.email,
        e1_0.empimg,
        e1_0.fcm_token,
        e1_0.fcm_token_updated_at,
        e1_0.first_name,
        e1_0.full_name,
        e1_0.gender,
        e1_0.job_role,
        e1_0.joining_date,
        e1_0.last_latitude,
        e1_0.last_longitude,
        e1_0.last_name,
        e1_0.latitude,
        e1_0.longitude,
        e1_0.notifications_enabled,
        e1_0.pan_card,
        e1_0.panimg,
        e1_0.password,
        e1_0.phone,
        e1_0.role,
        e1_0.salary,
        e1_0.status,
        s1_0.id,
        s1_0.address,
        s1_0.cinno,
        s1_0.companylogo,
        s1_0.companyurl,
        s1_0.device_serial_number,
        s1_0.email,
        s1_0.email_server_password,
        s1_0.fcm_token,
        s1_0.fcm_token_updated_at,
        s1_0.gstno,
        s1_0.lastname,
        s1_0.latitude,
        s1_0.longitude,
        s1_0.master_admin_id,
        s1_0.name,
        s1_0.notifications_enabled,
        s1_0.package_count,
        s1_0.package_type,
        s1_0.password,
        s1_0.phoneno,
        s1_0.registercompanyname,
        s1_0.roll,
        s1_0.signature,
        s1_0.stamp_img,
        s1_0.status,
        l1_0.from_date,
        l1_0.reason,
        l1_0.status,
        l1_0.to_date 
    from
        leaveform l1_0 
    left join
        employee e1_0 
            on e1_0.emp_id=l1_0.employee_id 
    left join
        subadmin s1_0 
            on s1_0.id=e1_0.subadmin_id 
    where
        l1_0.subadmin_id=?
Hibernate: 
    select
        e1_0.subadmin_id,
        e1_0.emp_id,
        e1_0.aadhar_no,
        e1_0.address,
        e1_0.adharimg,
        e1_0.bank_account_no,
        e1_0.bank_ifsc_code,
        e1_0.bank_name,
        e1_0.birth_date,
        e1_0.blood_group,
        e1_0.branch_name,
        e1_0.department,
        e1_0.device_serial_number,
        e1_0.education,
        e1_0.email,
        e1_0.empimg,
        e1_0.fcm_token,
        e1_0.fcm_token_updated_at,
        e1_0.first_name,
        e1_0.full_name,
        e1_0.gender,
        e1_0.job_role,
        e1_0.joining_date,
        e1_0.last_latitude,
        e1_0.last_longitude,
        e1_0.last_name,
        e1_0.latitude,
        e1_0.longitude,
        e1_0.notifications_enabled,
        e1_0.pan_card,
        e1_0.panimg,
        e1_0.password,
        e1_0.phone,
        e1_0.role,
        e1_0.salary,
        e1_0.status 
    from
        employee e1_0 
    where
        e1_0.subadmin_id=?
Hibernate: 
    select
        c1_0.subadmin_id,
        c1_0.id,
        c1_0.achievement_certificate_path,
        c1_0.agreement_contract_path,
        c1_0.appointment_letter_path,
        c1_0.created_at,
        e1_0.emp_id,
        e1_0.aadhar_no,
        e1_0.address,
        e1_0.adharimg,
        e1_0.bank_account_no,
        e1_0.bank_ifsc_code,
        e1_0.bank_name,
        e1_0.birth_date,
        e1_0.blood_group,
        e1_0.branch_name,
        e1_0.department,
        e1_0.device_serial_number,
        e1_0.education,
        e1_0.email,
        e1_0.empimg,
        e1_0.fcm_token,
        e1_0.fcm_token_updated_at,
        e1_0.first_name,
        e1_0.full_name,
        e1_0.gender,
        e1_0.job_role,
        e1_0.joining_date,
        e1_0.last_latitude,
        e1_0.last_longitude,
        e1_0.last_name,
        e1_0.latitude,
        e1_0.longitude,
        e1_0.notifications_enabled,
        e1_0.pan_card,
        e1_0.panimg,
        e1_0.password,
        e1_0.phone,
        e1_0.role,
        e1_0.salary,
        e1_0.status,
        s1_0.id,
        s1_0.address,
        s1_0.cinno,
        s1_0.companylogo,
        s1_0.companyurl,
        s1_0.device_serial_number,
        s1_0.email,
        s1_0.email_server_password,
        s1_0.fcm_token,
        s1_0.fcm_token_updated_at,
        s1_0.gstno,
        s1_0.lastname,
        s1_0.latitude,
        s1_0.longitude,
        s1_0.master_admin_id,
        s1_0.name,
        s1_0.notifications_enabled,
        s1_0.package_count,
        s1_0.package_type,
        s1_0.password,
        s1_0.phoneno,
        s1_0.registercompanyname,
        s1_0.roll,
        s1_0.signature,
        s1_0.stamp_img,
        s1_0.status,
        c1_0.exit_letter_path,
        c1_0.experience_letter_path,
        c1_0.increment_letter_path,
        c1_0.internship_completion_path,
        c1_0.joining_letter_path,
        c1_0.letter_head_path,
        c1_0.performance_certificate_path,
        c1_0.post_appraisal_path,
        c1_0.relieving_letter_path,
        c1_0.termination_letter_path,
        c1_0.updated_at 
    from
        certificates c1_0 
    left join
        employee e1_0 
            on e1_0.emp_id=c1_0.employee_id 
    left join
        subadmin s1_0 
            on s1_0.id=e1_0.subadmin_id 
    where
        c1_0.subadmin_id=?
Hibernate: 
    select
        l1_0.subadmin_id,
        l1_0.leave_id,
        e1_0.emp_id,
        e1_0.aadhar_no,
        e1_0.address,
        e1_0.adharimg,
        e1_0.bank_account_no,
        e1_0.bank_ifsc_code,
        e1_0.bank_name,
        e1_0.birth_date,
        e1_0.blood_group,
        e1_0.branch_name,
        e1_0.department,
        e1_0.device_serial_number,
        e1_0.education,
        e1_0.email,
        e1_0.empimg,
        e1_0.fcm_token,
        e1_0.fcm_token_updated_at,
        e1_0.first_name,
        e1_0.full_name,
        e1_0.gender,
        e1_0.job_role,
        e1_0.joining_date,
        e1_0.last_latitude,
        e1_0.last_longitude,
        e1_0.last_name,
        e1_0.latitude,
        e1_0.longitude,
        e1_0.notifications_enabled,
        e1_0.pan_card,
        e1_0.panimg,
        e1_0.password,
        e1_0.phone,
        e1_0.role,
        e1_0.salary,
        e1_0.status,
        s1_0.id,
        s1_0.address,
        s1_0.cinno,
        s1_0.companylogo,
        s1_0.companyurl,
        s1_0.device_serial_number,
        s1_0.email,
        s1_0.email_server_password,
        s1_0.fcm_token,
        s1_0.fcm_token_updated_at,
        s1_0.gstno,
        s1_0.lastname,
        s1_0.latitude,
        s1_0.longitude,
        s1_0.master_admin_id,
        s1_0.name,
        s1_0.notifications_enabled,
        s1_0.package_count,
        s1_0.package_type,
        s1_0.password,
        s1_0.phoneno,
        s1_0.registercompanyname,
        s1_0.roll,
        s1_0.signature,
        s1_0.stamp_img,
        s1_0.status,
        l1_0.from_date,
        l1_0.reason,
        l1_0.status,
        l1_0.to_date 
    from
        leaveform l1_0 
    left join
        employee e1_0 
            on e1_0.emp_id=l1_0.employee_id 
    left join
        subadmin s1_0 
            on s1_0.id=e1_0.subadmin_id 
    where
        l1_0.subadmin_id=?
Hibernate: 
    select
        e1_0.subadmin_id,
        e1_0.emp_id,
        e1_0.aadhar_no,
        e1_0.address,
        e1_0.adharimg,
        e1_0.bank_account_no,
        e1_0.bank_ifsc_code,
        e1_0.bank_name,
        e1_0.birth_date,
        e1_0.blood_group,
        e1_0.branch_name,
        e1_0.department,
        e1_0.device_serial_number,
        e1_0.education,
        e1_0.email,
        e1_0.empimg,
        e1_0.fcm_token,
        e1_0.fcm_token_updated_at,
        e1_0.first_name,
        e1_0.full_name,
        e1_0.gender,
        e1_0.job_role,
        e1_0.joining_date,
        e1_0.last_latitude,
        e1_0.last_longitude,
        e1_0.last_name,
        e1_0.latitude,
        e1_0.longitude,
        e1_0.notifications_enabled,
        e1_0.pan_card,
        e1_0.panimg,
        e1_0.password,
        e1_0.phone,
        e1_0.role,
        e1_0.salary,
        e1_0.status 
    from
        employee e1_0 
    where
        e1_0.subadmin_id=?
Hibernate: 
    select
        c1_0.subadmin_id,
        c1_0.id,
        c1_0.achievement_certificate_path,
        c1_0.agreement_contract_path,
        c1_0.appointment_letter_path,
        c1_0.created_at,
        e1_0.emp_id,
        e1_0.aadhar_no,
        e1_0.address,
        e1_0.adharimg,
        e1_0.bank_account_no,
        e1_0.bank_ifsc_code,
        e1_0.bank_name,
        e1_0.birth_date,
        e1_0.blood_group,
        e1_0.branch_name,
        e1_0.department,
        e1_0.device_serial_number,
        e1_0.education,
        e1_0.email,
        e1_0.empimg,
        e1_0.fcm_token,
        e1_0.fcm_token_updated_at,
        e1_0.first_name,
        e1_0.full_name,
        e1_0.gender,
        e1_0.job_role,
        e1_0.joining_date,
        e1_0.last_latitude,
        e1_0.last_longitude,
        e1_0.last_name,
        e1_0.latitude,
        e1_0.longitude,
        e1_0.notifications_enabled,
        e1_0.pan_card,
        e1_0.panimg,
        e1_0.password,
        e1_0.phone,
        e1_0.role,
        e1_0.salary,
        e1_0.status,
        s1_0.id,
        s1_0.address,
        s1_0.cinno,
        s1_0.companylogo,
        s1_0.companyurl,
        s1_0.device_serial_number,
        s1_0.email,
        s1_0.email_server_password,
        s1_0.fcm_token,
        s1_0.fcm_token_updated_at,
        s1_0.gstno,
        s1_0.lastname,
        s1_0.latitude,
        s1_0.longitude,
        s1_0.master_admin_id,
        s1_0.name,
        s1_0.notifications_enabled,
        s1_0.package_count,
        s1_0.package_type,
        s1_0.password,
        s1_0.phoneno,
        s1_0.registercompanyname,
        s1_0.roll,
        s1_0.signature,
        s1_0.stamp_img,
        s1_0.status,
        c1_0.exit_letter_path,
        c1_0.experience_letter_path,
        c1_0.increment_letter_path,
        c1_0.internship_completion_path,
        c1_0.joining_letter_path,
        c1_0.letter_head_path,
        c1_0.performance_certificate_path,
        c1_0.post_appraisal_path,
        c1_0.relieving_letter_path,
        c1_0.termination_letter_path,
        c1_0.updated_at 
    from
        certificates c1_0 
    left join
        employee e1_0 
            on e1_0.emp_id=c1_0.employee_id 
    left join
        subadmin s1_0 
            on s1_0.id=e1_0.subadmin_id 
    where
        c1_0.subadmin_id=?
Hibernate: 
    select
        l1_0.subadmin_id,
        l1_0.leave_id,
        e1_0.emp_id,
        e1_0.aadhar_no,
        e1_0.address,
        e1_0.adharimg,
        e1_0.bank_account_no,
        e1_0.bank_ifsc_code,
        e1_0.bank_name,
        e1_0.birth_date,
        e1_0.blood_group,
        e1_0.branch_name,
        e1_0.department,
        e1_0.device_serial_number,
        e1_0.education,
        e1_0.email,
        e1_0.empimg,
        e1_0.fcm_token,
        e1_0.fcm_token_updated_at,
        e1_0.first_name,
        e1_0.full_name,
        e1_0.gender,
        e1_0.job_role,
        e1_0.joining_date,
        e1_0.last_latitude,
        e1_0.last_longitude,
        e1_0.last_name,
        e1_0.latitude,
        e1_0.longitude,
        e1_0.notifications_enabled,
        e1_0.pan_card,
        e1_0.panimg,
        e1_0.password,
        e1_0.phone,
        e1_0.role,
        e1_0.salary,
        e1_0.status,
        s1_0.id,
        s1_0.address,
        s1_0.cinno,
        s1_0.companylogo,
        s1_0.companyurl,
        s1_0.device_serial_number,
        s1_0.email,
        s1_0.email_server_password,
        s1_0.fcm_token,
        s1_0.fcm_token_updated_at,
        s1_0.gstno,
        s1_0.lastname,
        s1_0.latitude,
        s1_0.longitude,
        s1_0.master_admin_id,
        s1_0.name,
        s1_0.notifications_enabled,
        s1_0.package_count,
        s1_0.package_type,
        s1_0.password,
        s1_0.phoneno,
        s1_0.registercompanyname,
        s1_0.roll,
        s1_0.signature,
        s1_0.stamp_img,
        s1_0.status,
        l1_0.from_date,
        l1_0.reason,
        l1_0.status,
        l1_0.to_date 
    from
        leaveform l1_0 
    left join
        employee e1_0 
            on e1_0.emp_id=l1_0.employee_id 
    left join
        subadmin s1_0 
            on s1_0.id=e1_0.subadmin_id 
    where
        l1_0.subadmin_id=?
Hibernate: 
    select
        e1_0.subadmin_id,
        e1_0.emp_id,
        e1_0.aadhar_no,
        e1_0.address,
        e1_0.adharimg,
        e1_0.bank_account_no,
        e1_0.bank_ifsc_code,
        e1_0.bank_name,
        e1_0.birth_date,
        e1_0.blood_group,
        e1_0.branch_name,
        e1_0.department,
        e1_0.device_serial_number,
        e1_0.education,
        e1_0.email,
        e1_0.empimg,
        e1_0.fcm_token,
        e1_0.fcm_token_updated_at,
        e1_0.first_name,
        e1_0.full_name,
        e1_0.gender,
        e1_0.job_role,
        e1_0.joining_date,
        e1_0.last_latitude,
        e1_0.last_longitude,
        e1_0.last_name,
        e1_0.latitude,
        e1_0.longitude,
        e1_0.notifications_enabled,
        e1_0.pan_card,
        e1_0.panimg,
        e1_0.password,
        e1_0.phone,
        e1_0.role,
        e1_0.salary,
        e1_0.status 
    from
        employee e1_0 
    where
        e1_0.subadmin_id=?
Hibernate: 
    select
        c1_0.subadmin_id,
        c1_0.id,
        c1_0.achievement_certificate_path,
        c1_0.agreement_contract_path,
        c1_0.appointment_letter_path,
        c1_0.created_at,
        e1_0.emp_id,
        e1_0.aadhar_no,
        e1_0.address,
        e1_0.adharimg,
        e1_0.bank_account_no,
        e1_0.bank_ifsc_code,
        e1_0.bank_name,
        e1_0.birth_date,
        e1_0.blood_group,
        e1_0.branch_name,
        e1_0.department,
        e1_0.device_serial_number,
        e1_0.education,
        e1_0.email,
        e1_0.empimg,
        e1_0.fcm_token,
        e1_0.fcm_token_updated_at,
        e1_0.first_name,
        e1_0.full_name,
        e1_0.gender,
        e1_0.job_role,
        e1_0.joining_date,
        e1_0.last_latitude,
        e1_0.last_longitude,
        e1_0.last_name,
        e1_0.latitude,
        e1_0.longitude,
        e1_0.notifications_enabled,
        e1_0.pan_card,
        e1_0.panimg,
        e1_0.password,
        e1_0.phone,
        e1_0.role,
        e1_0.salary,
        e1_0.status,
        s1_0.id,
        s1_0.address,
        s1_0.cinno,
        s1_0.companylogo,
        s1_0.companyurl,
        s1_0.device_serial_number,
        s1_0.email,
        s1_0.email_server_password,
        s1_0.fcm_token,
        s1_0.fcm_token_updated_at,
        s1_0.gstno,
        s1_0.lastname,
        s1_0.latitude,
        s1_0.longitude,
        s1_0.master_admin_id,
        s1_0.name,
        s1_0.notifications_enabled,
        s1_0.package_count,
        s1_0.package_type,
        s1_0.password,
        s1_0.phoneno,
        s1_0.registercompanyname,
        s1_0.roll,
        s1_0.signature,
        s1_0.stamp_img,
        s1_0.status,
        c1_0.exit_letter_path,
        c1_0.experience_letter_path,
        c1_0.increment_letter_path,
        c1_0.internship_completion_path,
        c1_0.joining_letter_path,
        c1_0.letter_head_path,
        c1_0.performance_certificate_path,
        c1_0.post_appraisal_path,
        c1_0.relieving_letter_path,
        c1_0.termination_letter_path,
        c1_0.updated_at 
    from
        certificates c1_0 
    left join
        employee e1_0 
            on e1_0.emp_id=c1_0.employee_id 
    left join
        subadmin s1_0 
            on s1_0.id=e1_0.subadmin_id 
    where
        c1_0.subadmin_id=?
Hibernate: 
    select
        l1_0.subadmin_id,
        l1_0.leave_id,
        e1_0.emp_id,
        e1_0.aadhar_no,
        e1_0.address,
        e1_0.adharimg,
        e1_0.bank_account_no,
        e1_0.bank_ifsc_code,
        e1_0.bank_name,
        e1_0.birth_date,
        e1_0.blood_group,
        e1_0.branch_name,
        e1_0.department,
        e1_0.device_serial_number,
        e1_0.education,
        e1_0.email,
        e1_0.empimg,
        e1_0.fcm_token,
        e1_0.fcm_token_updated_at,
        e1_0.first_name,
        e1_0.full_name,
        e1_0.gender,
        e1_0.job_role,
        e1_0.joining_date,
        e1_0.last_latitude,
        e1_0.last_longitude,
        e1_0.last_name,
        e1_0.latitude,
        e1_0.longitude,
        e1_0.notifications_enabled,
        e1_0.pan_card,
        e1_0.panimg,
        e1_0.password,
        e1_0.phone,
        e1_0.role,
        e1_0.salary,
        e1_0.status,
        s1_0.id,
        s1_0.address,
        s1_0.cinno,
        s1_0.companylogo,
        s1_0.companyurl,
        s1_0.device_serial_number,
        s1_0.email,
        s1_0.email_server_password,
        s1_0.fcm_token,
        s1_0.fcm_token_updated_at,
        s1_0.gstno,
        s1_0.lastname,
        s1_0.latitude,
        s1_0.longitude,
        s1_0.master_admin_id,
        s1_0.name,
        s1_0.notifications_enabled,
        s1_0.package_count,
        s1_0.package_type,
        s1_0.password,
        s1_0.phoneno,
        s1_0.registercompanyname,
        s1_0.roll,
        s1_0.signature,
        s1_0.stamp_img,
        s1_0.status,
        l1_0.from_date,
        l1_0.reason,
        l1_0.status,
        l1_0.to_date 
    from
        leaveform l1_0 
    left join
        employee e1_0 
            on e1_0.emp_id=l1_0.employee_id 
    left join
        subadmin s1_0 
            on s1_0.id=e1_0.subadmin_id 
    where
        l1_0.subadmin_id=?
Hibernate: 
    select
        e1_0.subadmin_id,
        e1_0.emp_id,
        e1_0.aadhar_no,
        e1_0.address,
        e1_0.adharimg,
        e1_0.bank_account_no,
        e1_0.bank_ifsc_code,
        e1_0.bank_name,
        e1_0.birth_date,
        e1_0.blood_group,
        e1_0.branch_name,
        e1_0.department,
        e1_0.device_serial_number,
        e1_0.education,
        e1_0.email,
        e1_0.empimg,
        e1_0.fcm_token,
        e1_0.fcm_token_updated_at,
        e1_0.first_name,
        e1_0.full_name,
        e1_0.gender,
        e1_0.job_role,
        e1_0.joining_date,
        e1_0.last_latitude,
        e1_0.last_longitude,
        e1_0.last_name,
        e1_0.latitude,
        e1_0.longitude,
        e1_0.notifications_enabled,
        e1_0.pan_card,
        e1_0.panimg,
        e1_0.password,
        e1_0.phone,
        e1_0.role,
        e1_0.salary,
        e1_0.status 
    from
        employee e1_0 
    where
        e1_0.subadmin_id=?
Hibernate: 
    select
        c1_0.subadmin_id,
        c1_0.id,
        c1_0.achievement_certificate_path,
        c1_0.agreement_contract_path,
        c1_0.appointment_letter_path,
        c1_0.created_at,
        e1_0.emp_id,
        e1_0.aadhar_no,
        e1_0.address,
        e1_0.adharimg,
        e1_0.bank_account_no,
        e1_0.bank_ifsc_code,
        e1_0.bank_name,
        e1_0.birth_date,
        e1_0.blood_group,
        e1_0.branch_name,
        e1_0.department,
        e1_0.device_serial_number,
        e1_0.education,
        e1_0.email,
        e1_0.empimg,
        e1_0.fcm_token,
        e1_0.fcm_token_updated_at,
        e1_0.first_name,
        e1_0.full_name,
        e1_0.gender,
        e1_0.job_role,
        e1_0.joining_date,
        e1_0.last_latitude,
        e1_0.last_longitude,
        e1_0.last_name,
        e1_0.latitude,
        e1_0.longitude,
        e1_0.notifications_enabled,
        e1_0.pan_card,
        e1_0.panimg,
        e1_0.password,
        e1_0.phone,
        e1_0.role,
        e1_0.salary,
        e1_0.status,
        s1_0.id,
        s1_0.address,
        s1_0.cinno,
        s1_0.companylogo,
        s1_0.companyurl,
        s1_0.device_serial_number,
        s1_0.email,
        s1_0.email_server_password,
        s1_0.fcm_token,
        s1_0.fcm_token_updated_at,
        s1_0.gstno,
        s1_0.lastname,
        s1_0.latitude,
        s1_0.longitude,
        s1_0.master_admin_id,
        s1_0.name,
        s1_0.notifications_enabled,
        s1_0.package_count,
        s1_0.package_type,
        s1_0.password,
        s1_0.phoneno,
        s1_0.registercompanyname,
        s1_0.roll,
        s1_0.signature,
        s1_0.stamp_img,
        s1_0.status,
        c1_0.exit_letter_path,
        c1_0.experience_letter_path,
        c1_0.increment_letter_path,
        c1_0.internship_completion_path,
        c1_0.joining_letter_path,
        c1_0.letter_head_path,
        c1_0.performance_certificate_path,
        c1_0.post_appraisal_path,
        c1_0.relieving_letter_path,
        c1_0.termination_letter_path,
        c1_0.updated_at 
    from
        certificates c1_0 
    left join
        employee e1_0 
            on e1_0.emp_id=c1_0.employee_id 
    left join
        subadmin s1_0 
            on s1_0.id=e1_0.subadmin_id 
    where
        c1_0.subadmin_id=?
Hibernate: 
    select
        l1_0.subadmin_id,
        l1_0.leave_id,
        e1_0.emp_id,
        e1_0.aadhar_no,
        e1_0.address,
        e1_0.adharimg,
        e1_0.bank_account_no,
        e1_0.bank_ifsc_code,
        e1_0.bank_name,
        e1_0.birth_date,
        e1_0.blood_group,
        e1_0.branch_name,
        e1_0.department,
        e1_0.device_serial_number,
        e1_0.education,
        e1_0.email,
        e1_0.empimg,
        e1_0.fcm_token,
        e1_0.fcm_token_updated_at,
        e1_0.first_name,
        e1_0.full_name,
        e1_0.gender,
        e1_0.job_role,
        e1_0.joining_date,
        e1_0.last_latitude,
        e1_0.last_longitude,
        e1_0.last_name,
        e1_0.latitude,
        e1_0.longitude,
        e1_0.notifications_enabled,
        e1_0.pan_card,
        e1_0.panimg,
        e1_0.password,
        e1_0.phone,
        e1_0.role,
        e1_0.salary,
        e1_0.status,
        s1_0.id,
        s1_0.address,
        s1_0.cinno,
        s1_0.companylogo,
        s1_0.companyurl,
        s1_0.device_serial_number,
        s1_0.email,
        s1_0.email_server_password,
        s1_0.fcm_token,
        s1_0.fcm_token_updated_at,
        s1_0.gstno,
        s1_0.lastname,
        s1_0.latitude,
        s1_0.longitude,
        s1_0.master_admin_id,
        s1_0.name,
        s1_0.notifications_enabled,
        s1_0.package_count,
        s1_0.package_type,
        s1_0.password,
        s1_0.phoneno,
        s1_0.registercompanyname,
        s1_0.roll,
        s1_0.signature,
        s1_0.stamp_img,
        s1_0.status,
        l1_0.from_date,
        l1_0.reason,
        l1_0.status,
        l1_0.to_date 
    from
        leaveform l1_0 
    left join
        employee e1_0 
            on e1_0.emp_id=l1_0.employee_id 
    left join
        subadmin s1_0 
            on s1_0.id=e1_0.subadmin_id 
    where
        l1_0.subadmin_id=?
Hibernate: 
    select
        e1_0.subadmin_id,
        e1_0.emp_id,
        e1_0.aadhar_no,
        e1_0.address,
        e1_0.adharimg,
        e1_0.bank_account_no,
        e1_0.bank_ifsc_code,
        e1_0.bank_name,
        e1_0.birth_date,
        e1_0.blood_group,
        e1_0.branch_name,
        e1_0.department,
        e1_0.device_serial_number,
        e1_0.education,
        e1_0.email,
        e1_0.empimg,
        e1_0.fcm_token,
        e1_0.fcm_token_updated_at,
        e1_0.first_name,
        e1_0.full_name,
        e1_0.gender,
        e1_0.job_role,
        e1_0.joining_date,
        e1_0.last_latitude,
        e1_0.last_longitude,
        e1_0.last_name,
        e1_0.latitude,
        e1_0.longitude,
        e1_0.notifications_enabled,
        e1_0.pan_card,
        e1_0.panimg,
        e1_0.password,
        e1_0.phone,
        e1_0.role,
        e1_0.salary,
        e1_0.status 
    from
        employee e1_0 
    where
        e1_0.subadmin_id=?
Hibernate: 
    select
        c1_0.subadmin_id,
        c1_0.id,
        c1_0.achievement_certificate_path,
        c1_0.agreement_contract_path,
        c1_0.appointment_letter_path,
        c1_0.created_at,
        e1_0.emp_id,
        e1_0.aadhar_no,
        e1_0.address,
        e1_0.adharimg,
        e1_0.bank_account_no,
        e1_0.bank_ifsc_code,
        e1_0.bank_name,
        e1_0.birth_date,
        e1_0.blood_group,
        e1_0.branch_name,
        e1_0.department,
        e1_0.device_serial_number,
        e1_0.education,
        e1_0.email,
        e1_0.empimg,
        e1_0.fcm_token,
        e1_0.fcm_token_updated_at,
        e1_0.first_name,
        e1_0.full_name,
        e1_0.gender,
        e1_0.job_role,
        e1_0.joining_date,
        e1_0.last_latitude,
        e1_0.last_longitude,
        e1_0.last_name,
        e1_0.latitude,
        e1_0.longitude,
        e1_0.notifications_enabled,
        e1_0.pan_card,
        e1_0.panimg,
        e1_0.password,
        e1_0.phone,
        e1_0.role,
        e1_0.salary,
        e1_0.status,
        s1_0.id,
        s1_0.address,
        s1_0.cinno,
        s1_0.companylogo,
        s1_0.companyurl,
        s1_0.device_serial_number,
        s1_0.email,
        s1_0.email_server_password,
        s1_0.fcm_token,
        s1_0.fcm_token_updated_at,
        s1_0.gstno,
        s1_0.lastname,
        s1_0.latitude,
        s1_0.longitude,
        s1_0.master_admin_id,
        s1_0.name,
        s1_0.notifications_enabled,
        s1_0.package_count,
        s1_0.package_type,
        s1_0.password,
        s1_0.phoneno,
        s1_0.registercompanyname,
        s1_0.roll,
        s1_0.signature,
        s1_0.stamp_img,
        s1_0.status,
        c1_0.exit_letter_path,
        c1_0.experience_letter_path,
        c1_0.increment_letter_path,
        c1_0.internship_completion_path,
        c1_0.joining_letter_path,
        c1_0.letter_head_path,
        c1_0.performance_certificate_path,
        c1_0.post_appraisal_path,
        c1_0.relieving_letter_path,
        c1_0.termination_letter_path,
        c1_0.updated_at 
    from
        certificates c1_0 
    left join
        employee e1_0 
            on e1_0.emp_id=c1_0.employee_id 
    left join
        subadmin s1_0 
            on s1_0.id=e1_0.subadmin_id 
    where
        c1_0.subadmin_id=?
Hibernate: 
    select
        l1_0.subadmin_id,
        l1_0.leave_id,
        e1_0.emp_id,
        e1_0.aadhar_no,
        e1_0.address,
        e1_0.adharimg,
        e1_0.bank_account_no,
        e1_0.bank_ifsc_code,
        e1_0.bank_name,
        e1_0.birth_date,
        e1_0.blood_group,
        e1_0.branch_name,
        e1_0.department,
        e1_0.device_serial_number,
        e1_0.education,
        e1_0.email,
        e1_0.empimg,
        e1_0.fcm_token,
        e1_0.fcm_token_updated_at,
        e1_0.first_name,
        e1_0.full_name,
        e1_0.gender,
        e1_0.job_role,
        e1_0.joining_date,
        e1_0.last_latitude,
        e1_0.last_longitude,
        e1_0.last_name,
        e1_0.latitude,
        e1_0.longitude,
        e1_0.notifications_enabled,
        e1_0.pan_card,
        e1_0.panimg,
        e1_0.password,
        e1_0.phone,
        e1_0.role,
        e1_0.salary,
        e1_0.status,
        s1_0.id,
        s1_0.address,
        s1_0.cinno,
        s1_0.companylogo,
        s1_0.companyurl,
        s1_0.device_serial_number,
        s1_0.email,
        s1_0.email_server_password,
        s1_0.fcm_token,
        s1_0.fcm_token_updated_at,
        s1_0.gstno,
        s1_0.lastname,
        s1_0.latitude,
        s1_0.longitude,
        s1_0.master_admin_id,
        s1_0.name,
        s1_0.notifications_enabled,
        s1_0.package_count,
        s1_0.package_type,
        s1_0.password,
        s1_0.phoneno,
        s1_0.registercompanyname,
        s1_0.roll,
        s1_0.signature,
        s1_0.stamp_img,
        s1_0.status,
        l1_0.from_date,
        l1_0.reason,
        l1_0.status,
        l1_0.to_date 
    from
        leaveform l1_0 
    left join
        employee e1_0 
            on e1_0.emp_id=l1_0.employee_id 
    left join
        subadmin s1_0 
            on s1_0.id=e1_0.subadmin_id 
    where
        l1_0.subadmin_id=?
Hibernate: 
    select
        e1_0.subadmin_id,
        e1_0.emp_id,
        e1_0.aadhar_no,
        e1_0.address,
        e1_0.adharimg,
        e1_0.bank_account_no,
        e1_0.bank_ifsc_code,
        e1_0.bank_name,
        e1_0.birth_date,
        e1_0.blood_group,
        e1_0.branch_name,
        e1_0.department,
        e1_0.device_serial_number,
        e1_0.education,
        e1_0.email,
        e1_0.empimg,
        e1_0.fcm_token,
        e1_0.fcm_token_updated_at,
        e1_0.first_name,
        e1_0.full_name,
        e1_0.gender,
        e1_0.job_role,
        e1_0.joining_date,
        e1_0.last_latitude,
        e1_0.last_longitude,
        e1_0.last_name,
        e1_0.latitude,
        e1_0.longitude,
        e1_0.notifications_enabled,
        e1_0.pan_card,
        e1_0.panimg,
        e1_0.password,
        e1_0.phone,
        e1_0.role,
        e1_0.salary,
        e1_0.status 
    from
        employee e1_0 
    where
        e1_0.subadmin_id=?
Hibernate: 
    select
        c1_0.subadmin_id,
        c1_0.id,
        c1_0.achievement_certificate_path,
        c1_0.agreement_contract_path,
        c1_0.appointment_letter_path,
        c1_0.created_at,
        e1_0.emp_id,
        e1_0.aadhar_no,
        e1_0.address,
        e1_0.adharimg,
        e1_0.bank_account_no,
        e1_0.bank_ifsc_code,
        e1_0.bank_name,
        e1_0.birth_date,
        e1_0.blood_group,
        e1_0.branch_name,
        e1_0.department,
        e1_0.device_serial_number,
        e1_0.education,
        e1_0.email,
        e1_0.empimg,
        e1_0.fcm_token,
        e1_0.fcm_token_updated_at,
        e1_0.first_name,
        e1_0.full_name,
        e1_0.gender,
        e1_0.job_role,
        e1_0.joining_date,
        e1_0.last_latitude,
        e1_0.last_longitude,
        e1_0.last_name,
        e1_0.latitude,
        e1_0.longitude,
        e1_0.notifications_enabled,
        e1_0.pan_card,
        e1_0.panimg,
        e1_0.password,
        e1_0.phone,
        e1_0.role,
        e1_0.salary,
        e1_0.status,
        s1_0.id,
        s1_0.address,
        s1_0.cinno,
        s1_0.companylogo,
        s1_0.companyurl,
        s1_0.device_serial_number,
        s1_0.email,
        s1_0.email_server_password,
        s1_0.fcm_token,
        s1_0.fcm_token_updated_at,
        s1_0.gstno,
        s1_0.lastname,
        s1_0.latitude,
        s1_0.longitude,
        s1_0.master_admin_id,
        s1_0.name,
        s1_0.notifications_enabled,
        s1_0.package_count,
        s1_0.package_type,
        s1_0.password,
        s1_0.phoneno,
        s1_0.registercompanyname,
        s1_0.roll,
        s1_0.signature,
        s1_0.stamp_img,
        s1_0.status,
        c1_0.exit_letter_path,
        c1_0.experience_letter_path,
        c1_0.increment_letter_path,
        c1_0.internship_completion_path,
        c1_0.joining_letter_path,
        c1_0.letter_head_path,
        c1_0.performance_certificate_path,
        c1_0.post_appraisal_path,
        c1_0.relieving_letter_path,
        c1_0.termination_letter_path,
        c1_0.updated_at 
    from
        certificates c1_0 
    left join
        employee e1_0 
            on e1_0.emp_id=c1_0.employee_id 
    left join
        subadmin s1_0 
            on s1_0.id=e1_0.subadmin_id 
    where
        c1_0.subadmin_id=?
Hibernate: 
    select
        l1_0.subadmin_id,
        l1_0.leave_id,
        e1_0.emp_id,
        e1_0.aadhar_no,
        e1_0.address,
        e1_0.adharimg,
        e1_0.bank_account_no,
        e1_0.bank_ifsc_code,
        e1_0.bank_name,
        e1_0.birth_date,
        e1_0.blood_group,
        e1_0.branch_name,
        e1_0.department,
        e1_0.device_serial_number,
        e1_0.education,
        e1_0.email,
        e1_0.empimg,
        e1_0.fcm_token,
        e1_0.fcm_token_updated_at,
        e1_0.first_name,
        e1_0.full_name,
        e1_0.gender,
        e1_0.job_role,
        e1_0.joining_date,
        e1_0.last_latitude,
        e1_0.last_longitude,
        e1_0.last_name,
        e1_0.latitude,
        e1_0.longitude,
        e1_0.notifications_enabled,
        e1_0.pan_card,
        e1_0.panimg,
        e1_0.password,
        e1_0.phone,
        e1_0.role,
        e1_0.salary,
        e1_0.status,
        s1_0.id,
        s1_0.address,
        s1_0.cinno,
        s1_0.companylogo,
        s1_0.companyurl,
        s1_0.device_serial_number,
        s1_0.email,
        s1_0.email_server_password,
        s1_0.fcm_token,
        s1_0.fcm_token_updated_at,
        s1_0.gstno,
        s1_0.lastname,
        s1_0.latitude,
        s1_0.longitude,
        s1_0.master_admin_id,
        s1_0.name,
        s1_0.notifications_enabled,
        s1_0.package_count,
        s1_0.package_type,
        s1_0.password,
        s1_0.phoneno,
        s1_0.registercompanyname,
        s1_0.roll,
        s1_0.signature,
        s1_0.stamp_img,
        s1_0.status,
        l1_0.from_date,
        l1_0.reason,
        l1_0.status,
        l1_0.to_date 
    from
        leaveform l1_0 
    left join
        employee e1_0 
            on e1_0.emp_id=l1_0.employee_id 
    left join
        subadmin s1_0 
            on s1_0.id=e1_0.subadmin_id 
    where
        l1_0.subadmin_id=?
Hibernate: 
    select
        e1_0.subadmin_id,
        e1_0.emp_id,
        e1_0.aadhar_no,
        e1_0.address,
        e1_0.adharimg,
        e1_0.bank_account_no,
        e1_0.bank_ifsc_code,
        e1_0.bank_name,
        e1_0.birth_date,
        e1_0.blood_group,
        e1_0.branch_name,
        e1_0.department,
        e1_0.device_serial_number,
        e1_0.education,
        e1_0.email,
        e1_0.empimg,
        e1_0.fcm_token,
        e1_0.fcm_token_updated_at,
        e1_0.first_name,
        e1_0.full_name,
        e1_0.gender,
        e1_0.job_role,
        e1_0.joining_date,
        e1_0.last_latitude,
        e1_0.last_longitude,
        e1_0.last_name,
        e1_0.latitude,
        e1_0.longitude,
        e1_0.notifications_enabled,
        e1_0.pan_card,
        e1_0.panimg,
        e1_0.password,
        e1_0.phone,
        e1_0.role,
        e1_0.salary,
        e1_0.status 
    from
        employee e1_0 
    where
        e1_0.subadmin_id=?
Hibernate: 
    select
        c1_0.subadmin_id,
        c1_0.id,
        c1_0.achievement_certificate_path,
        c1_0.agreement_contract_path,
        c1_0.appointment_letter_path,
        c1_0.created_at,
        e1_0.emp_id,
        e1_0.aadhar_no,
        e1_0.address,
        e1_0.adharimg,
        e1_0.bank_account_no,
        e1_0.bank_ifsc_code,
        e1_0.bank_name,
        e1_0.birth_date,
        e1_0.blood_group,
        e1_0.branch_name,
        e1_0.department,
        e1_0.device_serial_number,
        e1_0.education,
        e1_0.email,
        e1_0.empimg,
        e1_0.fcm_token,
        e1_0.fcm_token_updated_at,
        e1_0.first_name,
        e1_0.full_name,
        e1_0.gender,
        e1_0.job_role,
        e1_0.joining_date,
        e1_0.last_latitude,
        e1_0.last_longitude,
        e1_0.last_name,
        e1_0.latitude,
        e1_0.longitude,
        e1_0.notifications_enabled,
        e1_0.pan_card,
        e1_0.panimg,
        e1_0.password,
        e1_0.phone,
        e1_0.role,
        e1_0.salary,
        e1_0.status,
        s1_0.id,
        s1_0.address,
        s1_0.cinno,
        s1_0.companylogo,
        s1_0.companyurl,
        s1_0.device_serial_number,
        s1_0.email,
        s1_0.email_server_password,
        s1_0.fcm_token,
        s1_0.fcm_token_updated_at,
        s1_0.gstno,
        s1_0.lastname,
        s1_0.latitude,
        s1_0.longitude,
        s1_0.master_admin_id,
        s1_0.name,
        s1_0.notifications_enabled,
        s1_0.package_count,
        s1_0.package_type,
        s1_0.password,
        s1_0.phoneno,
        s1_0.registercompanyname,
        s1_0.roll,
        s1_0.signature,
        s1_0.stamp_img,
        s1_0.status,
        c1_0.exit_letter_path,
        c1_0.experience_letter_path,
        c1_0.increment_letter_path,
        c1_0.internship_completion_path,
        c1_0.joining_letter_path,
        c1_0.letter_head_path,
        c1_0.performance_certificate_path,
        c1_0.post_appraisal_path,
        c1_0.relieving_letter_path,
        c1_0.termination_letter_path,
        c1_0.updated_at 
    from
        certificates c1_0 
    left join
        employee e1_0 
            on e1_0.emp_id=c1_0.employee_id 
    left join
        subadmin s1_0 
            on s1_0.id=e1_0.subadmin_id 
    where
        c1_0.subadmin_id=?
Hibernate: 
    select
        l1_0.subadmin_id,
        l1_0.leave_id,
        e1_0.emp_id,
        e1_0.aadhar_no,
        e1_0.address,
        e1_0.adharimg,
        e1_0.bank_account_no,
        e1_0.bank_ifsc_code,
        e1_0.bank_name,
        e1_0.birth_date,
        e1_0.blood_group,
        e1_0.branch_name,
        e1_0.department,
        e1_0.device_serial_number,
        e1_0.education,
        e1_0.email,
        e1_0.empimg,
        e1_0.fcm_token,
        e1_0.fcm_token_updated_at,
        e1_0.first_name,
        e1_0.full_name,
        e1_0.gender,
        e1_0.job_role,
        e1_0.joining_date,
        e1_0.last_latitude,
        e1_0.last_longitude,
        e1_0.last_name,
        e1_0.latitude,
        e1_0.longitude,
        e1_0.notifications_enabled,
        e1_0.pan_card,
        e1_0.panimg,
        e1_0.password,
        e1_0.phone,
        e1_0.role,
        e1_0.salary,
        e1_0.status,
        s1_0.id,
        s1_0.address,
        s1_0.cinno,
        s1_0.companylogo,
        s1_0.companyurl,
        s1_0.device_serial_number,
        s1_0.email,
        s1_0.email_server_password,
        s1_0.fcm_token,
        s1_0.fcm_token_updated_at,
        s1_0.gstno,
        s1_0.lastname,
        s1_0.latitude,
        s1_0.longitude,
        s1_0.master_admin_id,
        s1_0.name,
        s1_0.notifications_enabled,
        s1_0.package_count,
        s1_0.package_type,
        s1_0.password,
        s1_0.phoneno,
        s1_0.registercompanyname,
        s1_0.roll,
        s1_0.signature,
        s1_0.stamp_img,
        s1_0.status,
        l1_0.from_date,
        l1_0.reason,
        l1_0.status,
        l1_0.to_date 
    from
        leaveform l1_0 
    left join
        employee e1_0 
            on e1_0.emp_id=l1_0.employee_id 
    left join
        subadmin s1_0 
            on s1_0.id=e1_0.subadmin_id 
    where
        l1_0.subadmin_id=?
Hibernate: 
    select
        e1_0.subadmin_id,
        e1_0.emp_id,
        e1_0.aadhar_no,
        e1_0.address,
        e1_0.adharimg,
        e1_0.bank_account_no,
        e1_0.bank_ifsc_code,
        e1_0.bank_name,
        e1_0.birth_date,
        e1_0.blood_group,
        e1_0.branch_name,
        e1_0.department,
        e1_0.device_serial_number,
        e1_0.education,
        e1_0.email,
        e1_0.empimg,
        e1_0.fcm_token,
        e1_0.fcm_token_updated_at,
        e1_0.first_name,
        e1_0.full_name,
        e1_0.gender,
        e1_0.job_role,
        e1_0.joining_date,
        e1_0.last_latitude,
        e1_0.last_longitude,
        e1_0.last_name,
        e1_0.latitude,
        e1_0.longitude,
        e1_0.notifications_enabled,
        e1_0.pan_card,
        e1_0.panimg,
        e1_0.password,
        e1_0.phone,
        e1_0.role,
        e1_0.salary,
        e1_0.status 
    from
        employee e1_0 
    where
        e1_0.subadmin_id=?
Hibernate: 
    select
        c1_0.subadmin_id,
        c1_0.id,
        c1_0.achievement_certificate_path,
        c1_0.agreement_contract_path,
        c1_0.appointment_letter_path,
        c1_0.created_at,
        e1_0.emp_id,
        e1_0.aadhar_no,
        e1_0.address,
        e1_0.adharimg,
        e1_0.bank_account_no,
        e1_0.bank_ifsc_code,
        e1_0.bank_name,
        e1_0.birth_date,
        e1_0.blood_group,
        e1_0.branch_name,
        e1_0.department,
        e1_0.device_serial_number,
        e1_0.education,
        e1_0.email,
        e1_0.empimg,
        e1_0.fcm_token,
        e1_0.fcm_token_updated_at,
        e1_0.first_name,
        e1_0.full_name,
        e1_0.gender,
        e1_0.job_role,
        e1_0.joining_date,
        e1_0.last_latitude,
        e1_0.last_longitude,
        e1_0.last_name,
        e1_0.latitude,
        e1_0.longitude,
        e1_0.notifications_enabled,
        e1_0.pan_card,
        e1_0.panimg,
        e1_0.password,
        e1_0.phone,
        e1_0.role,
        e1_0.salary,
        e1_0.status,
        s1_0.id,
        s1_0.address,
        s1_0.cinno,
        s1_0.companylogo,
        s1_0.companyurl,
        s1_0.device_serial_number,
        s1_0.email,
        s1_0.email_server_password,
        s1_0.fcm_token,
        s1_0.fcm_token_updated_at,
        s1_0.gstno,
        s1_0.lastname,
        s1_0.latitude,
        s1_0.longitude,
        s1_0.master_admin_id,
        s1_0.name,
        s1_0.notifications_enabled,
        s1_0.package_count,
        s1_0.package_type,
        s1_0.password,
        s1_0.phoneno,
        s1_0.registercompanyname,
        s1_0.roll,
        s1_0.signature,
        s1_0.stamp_img,
        s1_0.status,
        c1_0.exit_letter_path,
        c1_0.experience_letter_path,
        c1_0.increment_letter_path,
        c1_0.internship_completion_path,
        c1_0.joining_letter_path,
        c1_0.letter_head_path,
        c1_0.performance_certificate_path,
        c1_0.post_appraisal_path,
        c1_0.relieving_letter_path,
        c1_0.termination_letter_path,
        c1_0.updated_at 
    from
        certificates c1_0 
    left join
        employee e1_0 
            on e1_0.emp_id=c1_0.employee_id 
    left join
        subadmin s1_0 
            on s1_0.id=e1_0.subadmin_id 
    where
        c1_0.subadmin_id=?
Hibernate: 
    select
        l1_0.subadmin_id,
        l1_0.leave_id,
        e1_0.emp_id,
        e1_0.aadhar_no,
        e1_0.address,
        e1_0.adharimg,
        e1_0.bank_account_no,
        e1_0.bank_ifsc_code,
        e1_0.bank_name,
        e1_0.birth_date,
        e1_0.blood_group,
        e1_0.branch_name,
        e1_0.department,
        e1_0.device_serial_number,
        e1_0.education,
        e1_0.email,
        e1_0.empimg,
        e1_0.fcm_token,
        e1_0.fcm_token_updated_at,
        e1_0.first_name,
        e1_0.full_name,
        e1_0.gender,
        e1_0.job_role,
        e1_0.joining_date,
        e1_0.last_latitude,
        e1_0.last_longitude,
        e1_0.last_name,
        e1_0.latitude,
        e1_0.longitude,
        e1_0.notifications_enabled,
        e1_0.pan_card,
        e1_0.panimg,
        e1_0.password,
        e1_0.phone,
        e1_0.role,
        e1_0.salary,
        e1_0.status,
        s1_0.id,
        s1_0.address,
        s1_0.cinno,
        s1_0.companylogo,
        s1_0.companyurl,
        s1_0.device_serial_number,
        s1_0.email,
        s1_0.email_server_password,
        s1_0.fcm_token,
        s1_0.fcm_token_updated_at,
        s1_0.gstno,
        s1_0.lastname,
        s1_0.latitude,
        s1_0.longitude,
        s1_0.master_admin_id,
        s1_0.name,
        s1_0.notifications_enabled,
        s1_0.package_count,
        s1_0.package_type,
        s1_0.password,
        s1_0.phoneno,
        s1_0.registercompanyname,
        s1_0.roll,
        s1_0.signature,
        s1_0.stamp_img,
        s1_0.status,
        l1_0.from_date,
        l1_0.reason,
        l1_0.status,
        l1_0.to_date 
    from
        leaveform l1_0 
    left join
        employee e1_0 
            on e1_0.emp_id=l1_0.employee_id 
    left join
        subadmin s1_0 
            on s1_0.id=e1_0.subadmin_id 
    where
        l1_0.subadmin_id=?
Hibernate: 
    select
        e1_0.subadmin_id,
        e1_0.emp_id,
        e1_0.aadhar_no,
        e1_0.address,
        e1_0.adharimg,
        e1_0.bank_account_no,
        e1_0.bank_ifsc_code,
        e1_0.bank_name,
        e1_0.birth_date,
        e1_0.blood_group,
        e1_0.branch_name,
        e1_0.department,
        e1_0.device_serial_number,
        e1_0.education,
        e1_0.email,
        e1_0.empimg,
        e1_0.fcm_token,
        e1_0.fcm_token_updated_at,
        e1_0.first_name,
        e1_0.full_name,
        e1_0.gender,
        e1_0.job_role,
        e1_0.joining_date,
        e1_0.last_latitude,
        e1_0.last_longitude,
        e1_0.last_name,
        e1_0.latitude,
        e1_0.longitude,
        e1_0.notifications_enabled,
        e1_0.pan_card,
        e1_0.panimg,
        e1_0.password,
        e1_0.phone,
        e1_0.role,
        e1_0.salary,
        e1_0.status 
    from
        employee e1_0 
    where
        e1_0.subadmin_id=?
Hibernate: 
    select
        c1_0.subadmin_id,
        c1_0.id,
        c1_0.achievement_certificate_path,
        c1_0.agreement_contract_path,
        c1_0.appointment_letter_path,
        c1_0.created_at,
        e1_0.emp_id,
        e1_0.aadhar_no,
        e1_0.address,
        e1_0.adharimg,
        e1_0.bank_account_no,
        e1_0.bank_ifsc_code,
        e1_0.bank_name,
        e1_0.birth_date,
        e1_0.blood_group,
        e1_0.branch_name,
        e1_0.department,
        e1_0.device_serial_number,
        e1_0.education,
        e1_0.email,
        e1_0.empimg,
        e1_0.fcm_token,
        e1_0.fcm_token_updated_at,
        e1_0.first_name,
        e1_0.full_name,
        e1_0.gender,
        e1_0.job_role,
        e1_0.joining_date,
        e1_0.last_latitude,
        e1_0.last_longitude,
        e1_0.last_name,
        e1_0.latitude,
        e1_0.longitude,
        e1_0.notifications_enabled,
        e1_0.pan_card,
        e1_0.panimg,
        e1_0.password,
        e1_0.phone,
        e1_0.role,
        e1_0.salary,
        e1_0.status,
        s1_0.id,
        s1_0.address,
        s1_0.cinno,
        s1_0.companylogo,
        s1_0.companyurl,
        s1_0.device_serial_number,
        s1_0.email,
        s1_0.email_server_password,
        s1_0.fcm_token,
        s1_0.fcm_token_updated_at,
        s1_0.gstno,
        s1_0.lastname,
        s1_0.latitude,
        s1_0.longitude,
        s1_0.master_admin_id,
        s1_0.name,
        s1_0.notifications_enabled,
        s1_0.package_count,
        s1_0.package_type,
        s1_0.password,
        s1_0.phoneno,
        s1_0.registercompanyname,
        s1_0.roll,
        s1_0.signature,
        s1_0.stamp_img,
        s1_0.status,
        c1_0.exit_letter_path,
        c1_0.experience_letter_path,
        c1_0.increment_letter_path,
        c1_0.internship_completion_path,
        c1_0.joining_letter_path,
        c1_0.letter_head_path,
        c1_0.performance_certificate_path,
        c1_0.post_appraisal_path,
        c1_0.relieving_letter_path,
        c1_0.termination_letter_path,
        c1_0.updated_at 
    from
        certificates c1_0 
    left join
        employee e1_0 
            on e1_0.emp_id=c1_0.employee_id 
    left join
        subadmin s1_0 
            on s1_0.id=e1_0.subadmin_id 
    where
        c1_0.subadmin_id=?
Hibernate: 
    select
        l1_0.employee_id,
        l1_0.leave_id,
        l1_0.from_date,
        l1_0.reason,
        l1_0.status,
        s1_0.id,
        s1_0.address,
        s1_0.cinno,
        s1_0.companylogo,
        s1_0.companyurl,
        s1_0.device_serial_number,
        s1_0.email,
        s1_0.email_server_password,
        s1_0.fcm_token,
        s1_0.fcm_token_updated_at,
        s1_0.gstno,
        s1_0.lastname,
        s1_0.latitude,
        s1_0.longitude,
        ma1_0.id,
        ma1_0.master_admin_email_server_password,
        ma1_0.email,
        ma1_0.mobileno,
        ma1_0.name,
        ma1_0.password,
        ma1_0.profile_img,
        ma1_0.roll,
        s1_0.name,
        s1_0.notifications_enabled,
        s1_0.package_count,
        s1_0.package_type,
        s1_0.password,
        s1_0.phoneno,
        s1_0.registercompanyname,
        s1_0.roll,
        s1_0.signature,
        s1_0.stamp_img,
        s1_0.status,
        l1_0.to_date 
    from
        leaveform l1_0 
    left join
        subadmin s1_0 
            on s1_0.id=l1_0.subadmin_id 
    left join
        master_admin ma1_0 
            on ma1_0.id=s1_0.master_admin_id 
    where
        l1_0.employee_id=?
Hibernate: 
    select
        a1_0.employee_id,
        a1_0.id,
        a1_0.attendance_source,
        a1_0.attendance_type,
        a1_0.biometric_device_id,
        a1_0.biometric_user_id,
        a1_0.break_duration,
        a1_0.date,
        a1_0.device_serial,
        a1_0.field_location,
        a1_0.image_path,
        a1_0.lunch_in_time,
        a1_0.lunch_out_time,
        a1_0.lunch_punch_in,
        a1_0.lunch_punch_out,
        a1_0.punch_in,
        a1_0.punch_in_time,
        a1_0.punch_out,
        a1_0.punch_out_time,
        a1_0.punch_source,
        a1_0.raw_data,
        a1_0.reason,
        a1_0.status,
        a1_0.verify_type,
        a1_0.work_description,
        a1_0.work_type,
        a1_0.working_hours 
    from
        attendance a1_0 
    where
        a1_0.employee_id=?
Hibernate: 
    update
        attendance 
    set
        attendance_source=?,
        attendance_type=?,
        biometric_device_id=?,
        biometric_user_id=?,
        break_duration=?,
        date=?,
        device_serial=?,
        employee_id=?,
        field_location=?,
        image_path=?,
        lunch_in_time=?,
        lunch_out_time=?,
        lunch_punch_in=?,
        lunch_punch_out=?,
        punch_in=?,
        punch_in_time=?,
        punch_out=?,
        punch_out_time=?,
        punch_source=?,
        raw_data=?,
        reason=?,
        status=?,
        verify_type=?,
        work_description=?,
        work_type=?,
        working_hours=? 
    where
        id=?
🔄 arbaj shaikh - 19:34:03 - OUT [Device: BOCK194960340] (Processing...)
Hibernate: 
    select
        e1_0.emp_id,
        e1_0.aadhar_no,
        e1_0.address,
        e1_0.adharimg,
        e1_0.bank_account_no,
        e1_0.bank_ifsc_code,
        e1_0.bank_name,
        e1_0.birth_date,
        e1_0.blood_group,
        e1_0.branch_name,
        e1_0.department,
        e1_0.device_serial_number,
        e1_0.education,
        e1_0.email,
        e1_0.empimg,
        e1_0.fcm_token,
        e1_0.fcm_token_updated_at,
        e1_0.first_name,
        e1_0.full_name,
        e1_0.gender,
        e1_0.job_role,
        e1_0.joining_date,
        e1_0.last_latitude,
        e1_0.last_longitude,
        e1_0.last_name,
        e1_0.latitude,
        e1_0.longitude,
        e1_0.notifications_enabled,
        e1_0.pan_card,
        e1_0.panimg,
        e1_0.password,
        e1_0.phone,
        e1_0.role,
        e1_0.salary,
        e1_0.status,
        s1_0.id,
        s1_0.address,
        s1_0.cinno,
        s1_0.companylogo,
        s1_0.companyurl,
        s1_0.device_serial_number,
        s1_0.email,
        s1_0.email_server_password,
        s1_0.fcm_token,
        s1_0.fcm_token_updated_at,
        s1_0.gstno,
        s1_0.lastname,
        s1_0.latitude,
        s1_0.longitude,
        ma1_0.id,
        ma1_0.master_admin_email_server_password,
        ma1_0.email,
        ma1_0.mobileno,
        ma1_0.name,
        ma1_0.password,
        ma1_0.profile_img,
        ma1_0.roll,
        s1_0.name,
        s1_0.notifications_enabled,
        s1_0.package_count,
        s1_0.package_type,
        s1_0.password,
        s1_0.phoneno,
        s1_0.registercompanyname,
        s1_0.roll,
        s1_0.signature,
        s1_0.stamp_img,
        s1_0.status 
    from
        employee e1_0 
    left join
        subadmin s1_0 
            on s1_0.id=e1_0.subadmin_id 
    left join
        master_admin ma1_0 
            on ma1_0.id=s1_0.master_admin_id 
    where
        e1_0.emp_id=?
Hibernate: 
    select
        a1_0.id,
        a1_0.attendance_source,
        a1_0.attendance_type,
        a1_0.biometric_device_id,
        a1_0.biometric_user_id,
        a1_0.break_duration,
        a1_0.date,
        a1_0.device_serial,
        a1_0.employee_id,
        a1_0.field_location,
        a1_0.image_path,
        a1_0.lunch_in_time,
        a1_0.lunch_out_time,
        a1_0.lunch_punch_in,
        a1_0.lunch_punch_out,
        a1_0.punch_in,
        a1_0.punch_in_time,
        a1_0.punch_out,
        a1_0.punch_out_time,
        a1_0.punch_source,
        a1_0.raw_data,
        a1_0.reason,
        a1_0.status,
        a1_0.verify_type,
        a1_0.work_description,
        a1_0.work_type,
        a1_0.working_hours 
    from
        attendance a1_0 
    where
        a1_0.employee_id=? 
        and a1_0.date=?
Hibernate: 
    select
        e1_0.emp_id,
        e1_0.aadhar_no,
        e1_0.address,
        e1_0.adharimg,
        e1_0.bank_account_no,
        e1_0.bank_ifsc_code,
        e1_0.bank_name,
        e1_0.birth_date,
        e1_0.blood_group,
        e1_0.branch_name,
        e1_0.department,
        e1_0.device_serial_number,
        e1_0.education,
        e1_0.email,
        e1_0.empimg,
        e1_0.fcm_token,
        e1_0.fcm_token_updated_at,
        e1_0.first_name,
        e1_0.full_name,
        e1_0.gender,
        e1_0.job_role,
        e1_0.joining_date,
        e1_0.last_latitude,
        e1_0.last_longitude,
        e1_0.last_name,
        e1_0.latitude,
        e1_0.longitude,
        e1_0.notifications_enabled,
        e1_0.pan_card,
        e1_0.panimg,
        e1_0.password,
        e1_0.phone,
        e1_0.role,
        e1_0.salary,
        e1_0.status,
        s1_0.id,
        s1_0.address,
        s1_0.cinno,
        s1_0.companylogo,
        s1_0.companyurl,
        s1_0.device_serial_number,
        s1_0.email,
        s1_0.email_server_password,
        s1_0.fcm_token,
        s1_0.fcm_token_updated_at,
        s1_0.gstno,
        s1_0.lastname,
        s1_0.latitude,
        s1_0.longitude,
        ma1_0.id,
        ma1_0.master_admin_email_server_password,
        ma1_0.email,
        ma1_0.mobileno,
        ma1_0.name,
        ma1_0.password,
        ma1_0.profile_img,
        ma1_0.roll,
        s1_0.name,
        s1_0.notifications_enabled,
        s1_0.package_count,
        s1_0.package_type,
        s1_0.password,
        s1_0.phoneno,
        s1_0.registercompanyname,
        s1_0.roll,
        s1_0.signature,
        s1_0.stamp_img,
        s1_0.status 
    from
        employee e1_0 
    left join
        subadmin s1_0 
            on s1_0.id=e1_0.subadmin_id 
    left join
        master_admin ma1_0 
            on ma1_0.id=s1_0.master_admin_id 
    where
        e1_0.emp_id=?
⚠️ Duplicate punch IN ignored - keeping first punch: 19:34:00
🔄 arbaj shaikh - 19:34:29 - IN [Device: BOCK194960340] (Processing...)
Hibernate: 
    select
        e1_0.emp_id,
        e1_0.aadhar_no,
        e1_0.address,
        e1_0.adharimg,
        e1_0.bank_account_no,
        e1_0.bank_ifsc_code,
        e1_0.bank_name,
        e1_0.birth_date,
        e1_0.blood_group,
        e1_0.branch_name,
        e1_0.department,
        e1_0.device_serial_number,
        e1_0.education,
        e1_0.email,
        e1_0.empimg,
        e1_0.fcm_token,
        e1_0.fcm_token_updated_at,
        e1_0.first_name,
        e1_0.full_name,
        e1_0.gender,
        e1_0.job_role,
        e1_0.joining_date,
        e1_0.last_latitude,
        e1_0.last_longitude,
        e1_0.last_name,
        e1_0.latitude,
        e1_0.longitude,
        e1_0.notifications_enabled,
        e1_0.pan_card,
        e1_0.panimg,
        e1_0.password,
        e1_0.phone,
        e1_0.role,
        e1_0.salary,
        e1_0.status,
        s1_0.id,
        s1_0.address,
        s1_0.cinno,
        s1_0.companylogo,
        s1_0.companyurl,
        s1_0.device_serial_number,
        s1_0.email,
        s1_0.email_server_password,
        s1_0.fcm_token,
        s1_0.fcm_token_updated_at,
        s1_0.gstno,
        s1_0.lastname,
        s1_0.latitude,
        s1_0.longitude,
        ma1_0.id,
        ma1_0.master_admin_email_server_password,
        ma1_0.email,
        ma1_0.mobileno,
        ma1_0.name,
        ma1_0.password,
        ma1_0.profile_img,
        ma1_0.roll,
        s1_0.name,
        s1_0.notifications_enabled,
        s1_0.package_count,
        s1_0.package_type,
        s1_0.password,
        s1_0.phoneno,
        s1_0.registercompanyname,
        s1_0.roll,
        s1_0.signature,
        s1_0.stamp_img,
        s1_0.status 
    from
        employee e1_0 
    left join
        subadmin s1_0 
            on s1_0.id=e1_0.subadmin_id 
    left join
        master_admin ma1_0 
            on ma1_0.id=s1_0.master_admin_id 
    where
        e1_0.emp_id=?
Hibernate: 
    select
        a1_0.id,
        a1_0.attendance_source,
        a1_0.attendance_type,
        a1_0.biometric_device_id,
        a1_0.biometric_user_id,
        a1_0.break_duration,
        a1_0.date,
        a1_0.device_serial,
        a1_0.employee_id,
        a1_0.field_location,
        a1_0.image_path,
        a1_0.lunch_in_time,
        a1_0.lunch_out_time,
        a1_0.lunch_punch_in,
        a1_0.lunch_punch_out,
        a1_0.punch_in,
        a1_0.punch_in_time,
        a1_0.punch_out,
        a1_0.punch_out_time,
        a1_0.punch_source,
        a1_0.raw_data,
        a1_0.reason,
        a1_0.status,
        a1_0.verify_type,
        a1_0.work_description,
        a1_0.work_type,
        a1_0.working_hours 
    from
        attendance a1_0 
    where
        a1_0.employee_id=? 
        and a1_0.date=?
Hibernate: 
    select
        e1_0.emp_id,
        e1_0.aadhar_no,
        e1_0.address,
        e1_0.adharimg,
        e1_0.bank_account_no,
        e1_0.bank_ifsc_code,
        e1_0.bank_name,
        e1_0.birth_date,
        e1_0.blood_group,
        e1_0.branch_name,
        e1_0.department,
        e1_0.device_serial_number,
        e1_0.education,
        e1_0.email,
        e1_0.empimg,
        e1_0.fcm_token,
        e1_0.fcm_token_updated_at,
        e1_0.first_name,
        e1_0.full_name,
        e1_0.gender,
        e1_0.job_role,
        e1_0.joining_date,
        e1_0.last_latitude,
        e1_0.last_longitude,
        e1_0.last_name,
        e1_0.latitude,
        e1_0.longitude,
        e1_0.notifications_enabled,
        e1_0.pan_card,
        e1_0.panimg,
        e1_0.password,
        e1_0.phone,
        e1_0.role,
        e1_0.salary,
        e1_0.status,
        s1_0.id,
        s1_0.address,
        s1_0.cinno,
        s1_0.companylogo,
        s1_0.companyurl,
        s1_0.device_serial_number,
        s1_0.email,
        s1_0.email_server_password,
        s1_0.fcm_token,
        s1_0.fcm_token_updated_at,
        s1_0.gstno,
        s1_0.lastname,
        s1_0.latitude,
        s1_0.longitude,
        ma1_0.id,
        ma1_0.master_admin_email_server_password,
        ma1_0.email,
        ma1_0.mobileno,
        ma1_0.name,
        ma1_0.password,
        ma1_0.profile_img,
        ma1_0.roll,
        s1_0.name,
        s1_0.notifications_enabled,
        s1_0.package_count,
        s1_0.package_type,
        s1_0.password,
        s1_0.phoneno,
        s1_0.registercompanyname,
        s1_0.roll,
        s1_0.signature,
        s1_0.stamp_img,
        s1_0.status 
    from
        employee e1_0 
    left join
        subadmin s1_0 
            on s1_0.id=e1_0.subadmin_id 
    left join
        master_admin ma1_0 
            on ma1_0.id=s1_0.master_admin_id 
    where
        e1_0.emp_id=?
⚠️ Duplicate punch IN ignored - keeping first punch: 19:34:00
🔄 arbaj shaikh - 19:37:06 - IN [Device: BOCK194960340] (Processing...)
✅ Processed 17 new transactions
✅ CertificateService injection test passed!
]]></system-out>
    <system-err><![CDATA[Error starting TCP server: Address already in use
]]></system-err>
  </testcase>
</testsuite>